{"/Users/jongkwankim/my-work/c-s-s/backend/src/app.controller.ts": {"path":"/Users/jongkwankim/my-work/c-s-s/backend/src/app.controller.ts","statementMap":{"0":{"start":{"line":1,"column":0},"end":{"line":1,"column":49}},"1":{"start":{"line":2,"column":0},"end":{"line":2,"column":43}},"2":{"start":{"line":5,"column":7},"end":{"line":17,"column":null}},"3":{"start":{"line":6,"column":31},"end":{"line":6,"column":43}},"4":{"start":{"line":10,"column":4},"end":{"line":10,"column":38}},"5":{"start":{"line":15,"column":4},"end":{"line":15,"column":28}},"6":{"start":{"line":5,"column":13},"end":{"line":5,"column":26}},"7":{"start":{"line":9,"column":2},"end":{"line":11,"column":null}},"8":{"start":{"line":14,"column":2},"end":{"line":16,"column":null}},"9":{"start":{"line":5,"column":13},"end":{"line":17,"column":null}}},"fnMap":{"0":{"name":"(anonymous_2)","decl":{"start":{"line":6,"column":2},"end":{"line":6,"column":31}},"loc":{"start":{"line":6,"column":53},"end":{"line":6,"column":57}}},"1":{"name":"(anonymous_3)","decl":{"start":{"line":9,"column":2},"end":{"line":9,"column":10}},"loc":{"start":{"line":9,"column":10},"end":{"line":11,"column":3}}},"2":{"name":"(anonymous_4)","decl":{"start":{"line":14,"column":2},"end":{"line":14,"column":8}},"loc":{"start":{"line":14,"column":8},"end":{"line":16,"column":3}}}},"branchMap":{"0":{"loc":{"start":{"line":6,"column":43},"end":{"line":6,"column":56}},"type":"cond-expr","locations":[{"start":{"line":6,"column":53},"end":{"line":6,"column":56}},{"start":{"line":6,"column":53},"end":{"line":6,"column":56}}]},"1":{"loc":{"start":{"line":6,"column":43},"end":{"line":6,"column":53}},"type":"binary-expr","locations":[{"start":{"line":6,"column":43},"end":{"line":6,"column":56}},{"start":{"line":6,"column":43},"end":{"line":6,"column":53}}]}},"s":{"0":1,"1":1,"2":1,"3":1,"4":1,"5":0,"6":1,"7":1,"8":1,"9":1},"f":{"0":1,"1":1,"2":0},"b":{"0":[1,0],"1":[1,1]}}
,"/Users/jongkwankim/my-work/c-s-s/backend/src/app.module.ts": {"path":"/Users/jongkwankim/my-work/c-s-s/backend/src/app.module.ts","statementMap":{"0":{"start":{"line":1,"column":0},"end":{"line":1,"column":40}},"1":{"start":{"line":2,"column":0},"end":{"line":2,"column":68}},"2":{"start":{"line":3,"column":0},"end":{"line":3,"column":70}},"3":{"start":{"line":4,"column":0},"end":{"line":4,"column":77}},"4":{"start":{"line":5,"column":0},"end":{"line":5,"column":79}},"5":{"start":{"line":6,"column":0},"end":{"line":6,"column":49}},"6":{"start":{"line":7,"column":0},"end":{"line":7,"column":43}},"7":{"start":{"line":8,"column":0},"end":{"line":8,"column":54}},"8":{"start":{"line":9,"column":0},"end":{"line":9,"column":60}},"9":{"start":{"line":10,"column":0},"end":{"line":10,"column":51}},"10":{"start":{"line":11,"column":0},"end":{"line":11,"column":51}},"11":{"start":{"line":12,"column":0},"end":{"line":12,"column":60}},"12":{"start":{"line":13,"column":0},"end":{"line":13,"column":48}},"13":{"start":{"line":14,"column":0},"end":{"line":14,"column":51}},"14":{"start":{"line":15,"column":0},"end":{"line":15,"column":74}},"15":{"start":{"line":16,"column":0},"end":{"line":16,"column":60}},"16":{"start":{"line":17,"column":0},"end":{"line":17,"column":57}},"17":{"start":{"line":18,"column":0},"end":{"line":18,"column":45}},"18":{"start":{"line":19,"column":0},"end":{"line":19,"column":48}},"19":{"start":{"line":20,"column":0},"end":{"line":20,"column":54}},"20":{"start":{"line":21,"column":0},"end":{"line":21,"column":63}},"21":{"start":{"line":22,"column":0},"end":{"line":22,"column":51}},"22":{"start":{"line":23,"column":0},"end":{"line":23,"column":54}},"23":{"start":{"line":24,"column":0},"end":{"line":24,"column":51}},"24":{"start":{"line":25,"column":0},"end":{"line":25,"column":54}},"25":{"start":{"line":26,"column":0},"end":{"line":26,"column":77}},"26":{"start":{"line":27,"column":0},"end":{"line":27,"column":60}},"27":{"start":{"line":76,"column":7},"end":{"line":76,"column":null}},"28":{"start":{"line":76,"column":13},"end":{"line":76,"column":22}},"29":{"start":{"line":76,"column":13},"end":{"line":76,"column":null}}},"fnMap":{},"branchMap":{},"s":{"0":0,"1":0,"2":0,"3":0,"4":0,"5":0,"6":0,"7":0,"8":0,"9":0,"10":0,"11":0,"12":0,"13":0,"14":0,"15":0,"16":0,"17":0,"18":0,"19":0,"20":0,"21":0,"22":0,"23":0,"24":0,"25":0,"26":0,"27":0,"28":0,"29":0},"f":{},"b":{}}
,"/Users/jongkwankim/my-work/c-s-s/backend/src/app.service.ts": {"path":"/Users/jongkwankim/my-work/c-s-s/backend/src/app.service.ts","statementMap":{"0":{"start":{"line":1,"column":0},"end":{"line":1,"column":44}},"1":{"start":{"line":4,"column":7},"end":{"line":8,"column":null}},"2":{"start":{"line":6,"column":4},"end":{"line":6,"column":26}},"3":{"start":{"line":4,"column":13},"end":{"line":4,"column":23}},"4":{"start":{"line":4,"column":13},"end":{"line":8,"column":null}}},"fnMap":{"0":{"name":"(anonymous_1)","decl":{"start":{"line":5,"column":2},"end":{"line":5,"column":10}},"loc":{"start":{"line":5,"column":10},"end":{"line":7,"column":3}}}},"branchMap":{},"s":{"0":1,"1":1,"2":1,"3":1,"4":1},"f":{"0":1},"b":{}}
,"/Users/jongkwankim/my-work/c-s-s/backend/src/main.ts": {"path":"/Users/jongkwankim/my-work/c-s-s/backend/src/main.ts","statementMap":{"0":{"start":{"line":1,"column":0},"end":{"line":1,"column":43}},"1":{"start":{"line":2,"column":0},"end":{"line":2,"column":48}},"2":{"start":{"line":3,"column":0},"end":{"line":3,"column":56}},"3":{"start":{"line":4,"column":0},"end":{"line":4,"column":62}},"4":{"start":{"line":5,"column":0},"end":{"line":5,"column":56}},"5":{"start":{"line":6,"column":0},"end":{"line":6,"column":50}},"6":{"start":{"line":7,"column":0},"end":{"line":7,"column":56}},"7":{"start":{"line":8,"column":0},"end":{"line":8,"column":54}},"8":{"start":{"line":9,"column":0},"end":{"line":9,"column":33}},"9":{"start":{"line":10,"column":0},"end":{"line":10,"column":41}},"10":{"start":{"line":11,"column":0},"end":{"line":11,"column":39}},"11":{"start":{"line":12,"column":0},"end":{"line":12,"column":65}},"12":{"start":{"line":13,"column":0},"end":{"line":13,"column":41}},"13":{"start":{"line":16,"column":14},"end":{"line":16,"column":49}},"14":{"start":{"line":18,"column":17},"end":{"line":18,"column":39}},"15":{"start":{"line":19,"column":15},"end":{"line":19,"column":26}},"16":{"start":{"line":22,"column":2},"end":{"line":29,"column":3}},"17":{"start":{"line":23,"column":4},"end":{"line":23,"column":34}},"18":{"start":{"line":25,"column":4},"end":{"line":25,"column":59}},"19":{"start":{"line":26,"column":4},"end":{"line":28,"column":5}},"20":{"start":{"line":27,"column":6},"end":{"line":27,"column":22}},"21":{"start":{"line":32,"column":2},"end":{"line":43,"column":3}},"22":{"start":{"line":33,"column":4},"end":{"line":42,"column":5}},"23":{"start":{"line":34,"column":29},"end":{"line":34,"column":52}},"24":{"start":{"line":35,"column":28},"end":{"line":35,"column":94}},"25":{"start":{"line":39,"column":6},"end":{"line":39,"column":95}},"26":{"start":{"line":41,"column":6},"end":{"line":41,"column":66}},"27":{"start":{"line":46,"column":2},"end":{"line":72,"column":3}},"28":{"start":{"line":47,"column":4},"end":{"line":71,"column":5}},"29":{"start":{"line":49,"column":38},"end":{"line":49,"column":42}},"30":{"start":{"line":50,"column":6},"end":{"line":55,"column":7}},"31":{"start":{"line":51,"column":45},"end":{"line":51,"column":78}},"32":{"start":{"line":52,"column":8},"end":{"line":52,"column":58}},"33":{"start":{"line":54,"column":8},"end":{"line":54,"column":92}},"34":{"start":{"line":57,"column":27},"end":{"line":59,"column":12}},"35":{"start":{"line":61,"column":6},"end":{"line":67,"column":9}},"36":{"start":{"line":68,"column":6},"end":{"line":68,"column":57}},"37":{"start":{"line":70,"column":6},"end":{"line":70,"column":61}},"38":{"start":{"line":75,"column":2},"end":{"line":75,"column":26}},"39":{"start":{"line":78,"column":2},"end":{"line":96,"column":6}},"40":{"start":{"line":99,"column":35},"end":{"line":99,"column":37}},"41":{"start":{"line":101,"column":2},"end":{"line":117,"column":3}},"42":{"start":{"line":103,"column":4},"end":{"line":105,"column":5}},"43":{"start":{"line":104,"column":6},"end":{"line":104,"column":46}},"44":{"start":{"line":108,"column":4},"end":{"line":112,"column":6}},"45":{"start":{"line":114,"column":4},"end":{"line":116,"column":5}},"46":{"start":{"line":115,"column":6},"end":{"line":115,"column":49}},"47":{"start":{"line":119,"column":2},"end":{"line":155,"column":5}},"48":{"start":{"line":122,"column":6},"end":{"line":124,"column":7}},"49":{"start":{"line":123,"column":8},"end":{"line":123,"column":36}},"50":{"start":{"line":127,"column":6},"end":{"line":129,"column":7}},"51":{"start":{"line":128,"column":8},"end":{"line":128,"column":36}},"52":{"start":{"line":132,"column":6},"end":{"line":139,"column":7}},"53":{"start":{"line":133,"column":33},"end":{"line":133,"column":79}},"54":{"start":{"line":134,"column":29},"end":{"line":134,"column":73}},"55":{"start":{"line":136,"column":8},"end":{"line":138,"column":9}},"56":{"start":{"line":137,"column":10},"end":{"line":137,"column":38}},"57":{"start":{"line":142,"column":6},"end":{"line":145,"column":7}},"58":{"start":{"line":143,"column":8},"end":{"line":143,"column":70}},"59":{"start":{"line":144,"column":8},"end":{"line":144,"column":65}},"60":{"start":{"line":148,"column":6},"end":{"line":148,"column":72}},"61":{"start":{"line":149,"column":6},"end":{"line":149,"column":63}},"62":{"start":{"line":158,"column":2},"end":{"line":167,"column":4}},"63":{"start":{"line":170,"column":2},"end":{"line":189,"column":3}},"64":{"start":{"line":171,"column":26},"end":{"line":180,"column":14}},"65":{"start":{"line":182,"column":21},"end":{"line":182,"column":69}},"66":{"start":{"line":183,"column":4},"end":{"line":186,"column":7}},"67":{"start":{"line":188,"column":4},"end":{"line":188,"column":83}},"68":{"start":{"line":192,"column":2},"end":{"line":202,"column":3}},"69":{"start":{"line":193,"column":28},"end":{"line":193,"column":52}},"70":{"start":{"line":194,"column":4},"end":{"line":199,"column":5}},"71":{"start":{"line":195,"column":6},"end":{"line":198,"column":8}},"72":{"start":{"line":201,"column":4},"end":{"line":201,"column":58}},"73":{"start":{"line":205,"column":24},"end":{"line":205,"column":46}},"74":{"start":{"line":207,"column":2},"end":{"line":249,"column":3}},"75":{"start":{"line":209,"column":32},"end":{"line":209,"column":70}},"76":{"start":{"line":210,"column":4},"end":{"line":210,"column":93}},"77":{"start":{"line":212,"column":4},"end":{"line":239,"column":5}},"78":{"start":{"line":214,"column":6},"end":{"line":214,"column":78}},"79":{"start":{"line":215,"column":6},"end":{"line":215,"column":80}},"80":{"start":{"line":216,"column":6},"end":{"line":216,"column":78}},"81":{"start":{"line":218,"column":24},"end":{"line":218,"column":34}},"82":{"start":{"line":219,"column":6},"end":{"line":219,"column":36}},"83":{"start":{"line":220,"column":23},"end":{"line":220,"column":45}},"84":{"start":{"line":222,"column":25},"end":{"line":222,"column":63}},"85":{"start":{"line":223,"column":6},"end":{"line":223,"column":78}},"86":{"start":{"line":224,"column":6},"end":{"line":224,"column":87}},"87":{"start":{"line":225,"column":6},"end":{"line":225,"column":77}},"88":{"start":{"line":226,"column":6},"end":{"line":226,"column":78}},"89":{"start":{"line":228,"column":6},"end":{"line":228,"column":103}},"90":{"start":{"line":231,"column":6},"end":{"line":238,"column":7}},"91":{"start":{"line":232,"column":8},"end":{"line":232,"column":81}},"92":{"start":{"line":233,"column":26},"end":{"line":233,"column":36}},"93":{"start":{"line":234,"column":8},"end":{"line":234,"column":38}},"94":{"start":{"line":235,"column":25},"end":{"line":235,"column":47}},"95":{"start":{"line":236,"column":27},"end":{"line":236,"column":65}},"96":{"start":{"line":237,"column":8},"end":{"line":237,"column":113}},"97":{"start":{"line":241,"column":4},"end":{"line":241,"column":78}},"98":{"start":{"line":242,"column":4},"end":{"line":242,"column":66}},"99":{"start":{"line":243,"column":4},"end":{"line":243,"column":49}},"100":{"start":{"line":244,"column":4},"end":{"line":247,"column":5}},"101":{"start":{"line":245,"column":6},"end":{"line":245,"column":67}},"102":{"start":{"line":246,"column":6},"end":{"line":246,"column":63}},"103":{"start":{"line":248,"column":4},"end":{"line":248,"column":78}},"104":{"start":{"line":252,"column":2},"end":{"line":287,"column":3}},"105":{"start":{"line":253,"column":24},"end":{"line":253,"column":44}},"106":{"start":{"line":254,"column":31},"end":{"line":254,"column":53}},"107":{"start":{"line":256,"column":4},"end":{"line":284,"column":5}},"108":{"start":{"line":257,"column":6},"end":{"line":257,"column":85}},"109":{"start":{"line":259,"column":30},"end":{"line":259,"column":62}},"110":{"start":{"line":260,"column":6},"end":{"line":283,"column":7}},"111":{"start":{"line":261,"column":8},"end":{"line":261,"column":74}},"112":{"start":{"line":263,"column":24},"end":{"line":263,"column":74}},"113":{"start":{"line":265,"column":8},"end":{"line":274,"column":9}},"114":{"start":{"line":267,"column":10},"end":{"line":272,"column":11}},"115":{"start":{"line":273,"column":10},"end":{"line":273,"column":90}},"116":{"start":{"line":277,"column":8},"end":{"line":282,"column":9}},"117":{"start":{"line":278,"column":10},"end":{"line":278,"column":82}},"118":{"start":{"line":279,"column":10},"end":{"line":279,"column":76}},"119":{"start":{"line":281,"column":10},"end":{"line":281,"column":69}},"120":{"start":{"line":286,"column":4},"end":{"line":286,"column":66}},"121":{"start":{"line":289,"column":2},"end":{"line":289,"column":25}},"122":{"start":{"line":291,"column":2},"end":{"line":291,"column":60}},"123":{"start":{"line":292,"column":2},"end":{"line":292,"column":72}},"124":{"start":{"line":293,"column":2},"end":{"line":293,"column":50}},"125":{"start":{"line":294,"column":2},"end":{"line":294,"column":62}},"126":{"start":{"line":295,"column":2},"end":{"line":295,"column":56}},"127":{"start":{"line":296,"column":2},"end":{"line":298,"column":3}},"128":{"start":{"line":297,"column":4},"end":{"line":297,"column":49}},"129":{"start":{"line":299,"column":2},"end":{"line":299,"column":66}},"130":{"start":{"line":300,"column":2},"end":{"line":300,"column":60}},"131":{"start":{"line":304,"column":0},"end":{"line":307,"column":3}},"132":{"start":{"line":305,"column":2},"end":{"line":305,"column":71}},"133":{"start":{"line":306,"column":2},"end":{"line":306,"column":34}},"134":{"start":{"line":309,"column":0},"end":{"line":313,"column":3}},"135":{"start":{"line":310,"column":2},"end":{"line":310,"column":46}},"136":{"start":{"line":311,"column":2},"end":{"line":311,"column":33}},"137":{"start":{"line":312,"column":2},"end":{"line":312,"column":18}},"138":{"start":{"line":315,"column":0},"end":{"line":315,"column":12}}},"fnMap":{"0":{"name":"bootstrap","decl":{"start":{"line":15,"column":15},"end":{"line":15,"column":24}},"loc":{"start":{"line":15,"column":24},"end":{"line":301,"column":1}}},"1":{"name":"(anonymous_11)","decl":{"start":{"line":120,"column":12},"end":{"line":120,"column":13}},"loc":{"start":{"line":120,"column":33},"end":{"line":150,"column":5}}},"2":{"name":"(anonymous_12)","decl":{"start":{"line":304,"column":33},"end":{"line":304,"column":34}},"loc":{"start":{"line":304,"column":53},"end":{"line":307,"column":1}}},"3":{"name":"(anonymous_13)","decl":{"start":{"line":309,"column":32},"end":{"line":309,"column":33}},"loc":{"start":{"line":309,"column":42},"end":{"line":313,"column":1}}}},"branchMap":{"0":{"loc":{"start":{"line":26,"column":4},"end":{"line":28,"column":5}},"type":"if","locations":[{"start":{"line":26,"column":4},"end":{"line":28,"column":5}},{"start":{},"end":{}}]},"1":{"loc":{"start":{"line":32,"column":2},"end":{"line":43,"column":3}},"type":"if","locations":[{"start":{"line":32,"column":2},"end":{"line":43,"column":3}},{"start":{},"end":{}}]},"2":{"loc":{"start":{"line":46,"column":2},"end":{"line":72,"column":3}},"type":"if","locations":[{"start":{"line":46,"column":2},"end":{"line":72,"column":3}},{"start":{},"end":{}}]},"3":{"loc":{"start":{"line":46,"column":6},"end":{"line":46,"column":56}},"type":"binary-expr","locations":[{"start":{"line":46,"column":6},"end":{"line":46,"column":22}},{"start":{"line":46,"column":26},"end":{"line":46,"column":56}}]},"4":{"loc":{"start":{"line":57,"column":27},"end":{"line":59,"column":12}},"type":"cond-expr","locations":[{"start":{"line":58,"column":10},"end":{"line":58,"column":32}},{"start":{"line":59,"column":10},"end":{"line":59,"column":12}}]},"5":{"loc":{"start":{"line":66,"column":28},"end":{"line":66,"column":66}},"type":"cond-expr","locations":[{"start":{"line":66,"column":51},"end":{"line":66,"column":54}},{"start":{"line":66,"column":57},"end":{"line":66,"column":66}}]},"6":{"loc":{"start":{"line":88,"column":10},"end":{"line":92,"column":13}},"type":"cond-expr","locations":[{"start":{"line":88,"column":43},"end":{"line":92,"column":6}},{"start":{"line":92,"column":8},"end":{"line":92,"column":13}}]},"7":{"loc":{"start":{"line":101,"column":2},"end":{"line":117,"column":3}},"type":"if","locations":[{"start":{"line":101,"column":2},"end":{"line":117,"column":3}},{"start":{"line":106,"column":9},"end":{"line":117,"column":3}}]},"8":{"loc":{"start":{"line":103,"column":4},"end":{"line":105,"column":5}},"type":"if","locations":[{"start":{"line":103,"column":4},"end":{"line":105,"column":5}},{"start":{},"end":{}}]},"9":{"loc":{"start":{"line":111,"column":6},"end":{"line":111,"column":51}},"type":"binary-expr","locations":[{"start":{"line":111,"column":6},"end":{"line":111,"column":24}},{"start":{"line":111,"column":28},"end":{"line":111,"column":51}}]},"10":{"loc":{"start":{"line":114,"column":4},"end":{"line":116,"column":5}},"type":"if","locations":[{"start":{"line":114,"column":4},"end":{"line":116,"column":5}},{"start":{},"end":{}}]},"11":{"loc":{"start":{"line":122,"column":6},"end":{"line":124,"column":7}},"type":"if","locations":[{"start":{"line":122,"column":6},"end":{"line":124,"column":7}},{"start":{},"end":{}}]},"12":{"loc":{"start":{"line":127,"column":6},"end":{"line":129,"column":7}},"type":"if","locations":[{"start":{"line":127,"column":6},"end":{"line":129,"column":7}},{"start":{},"end":{}}]},"13":{"loc":{"start":{"line":132,"column":6},"end":{"line":139,"column":7}},"type":"if","locations":[{"start":{"line":132,"column":6},"end":{"line":139,"column":7}},{"start":{},"end":{}}]},"14":{"loc":{"start":{"line":136,"column":8},"end":{"line":138,"column":9}},"type":"if","locations":[{"start":{"line":136,"column":8},"end":{"line":138,"column":9}},{"start":{},"end":{}}]},"15":{"loc":{"start":{"line":136,"column":12},"end":{"line":136,"column":70}},"type":"binary-expr","locations":[{"start":{"line":136,"column":12},"end":{"line":136,"column":41}},{"start":{"line":136,"column":45},"end":{"line":136,"column":70}}]},"16":{"loc":{"start":{"line":142,"column":6},"end":{"line":145,"column":7}},"type":"if","locations":[{"start":{"line":142,"column":6},"end":{"line":145,"column":7}},{"start":{},"end":{}}]},"17":{"loc":{"start":{"line":170,"column":2},"end":{"line":189,"column":3}},"type":"if","locations":[{"start":{"line":170,"column":2},"end":{"line":189,"column":3}},{"start":{},"end":{}}]},"18":{"loc":{"start":{"line":170,"column":6},"end":{"line":170,"column":77}},"type":"binary-expr","locations":[{"start":{"line":170,"column":6},"end":{"line":170,"column":36}},{"start":{"line":170,"column":40},"end":{"line":170,"column":77}}]},"19":{"loc":{"start":{"line":194,"column":4},"end":{"line":199,"column":5}},"type":"if","locations":[{"start":{"line":194,"column":4},"end":{"line":199,"column":5}},{"start":{},"end":{}}]},"20":{"loc":{"start":{"line":194,"column":8},"end":{"line":194,"column":67}},"type":"binary-expr","locations":[{"start":{"line":194,"column":8},"end":{"line":194,"column":38}},{"start":{"line":194,"column":42},"end":{"line":194,"column":67}}]},"21":{"loc":{"start":{"line":212,"column":4},"end":{"line":239,"column":5}},"type":"if","locations":[{"start":{"line":212,"column":4},"end":{"line":239,"column":5}},{"start":{"line":227,"column":11},"end":{"line":239,"column":5}}]},"22":{"loc":{"start":{"line":231,"column":6},"end":{"line":238,"column":7}},"type":"if","locations":[{"start":{"line":231,"column":6},"end":{"line":238,"column":7}},{"start":{},"end":{}}]},"23":{"loc":{"start":{"line":244,"column":4},"end":{"line":247,"column":5}},"type":"if","locations":[{"start":{"line":244,"column":4},"end":{"line":247,"column":5}},{"start":{},"end":{}}]},"24":{"loc":{"start":{"line":256,"column":4},"end":{"line":284,"column":5}},"type":"if","locations":[{"start":{"line":256,"column":4},"end":{"line":284,"column":5}},{"start":{"line":258,"column":11},"end":{"line":284,"column":5}}]},"25":{"loc":{"start":{"line":260,"column":6},"end":{"line":283,"column":7}},"type":"if","locations":[{"start":{"line":260,"column":6},"end":{"line":283,"column":7}},{"start":{"line":262,"column":13},"end":{"line":283,"column":7}}]},"26":{"loc":{"start":{"line":265,"column":8},"end":{"line":274,"column":9}},"type":"if","locations":[{"start":{"line":265,"column":8},"end":{"line":274,"column":9}},{"start":{},"end":{}}]},"27":{"loc":{"start":{"line":277,"column":8},"end":{"line":282,"column":9}},"type":"if","locations":[{"start":{"line":277,"column":8},"end":{"line":282,"column":9}},{"start":{"line":280,"column":15},"end":{"line":282,"column":9}}]},"28":{"loc":{"start":{"line":296,"column":2},"end":{"line":298,"column":3}},"type":"if","locations":[{"start":{"line":296,"column":2},"end":{"line":298,"column":3}},{"start":{},"end":{}}]}},"s":{"0":0,"1":0,"2":0,"3":0,"4":0,"5":0,"6":0,"7":0,"8":0,"9":0,"10":0,"11":0,"12":0,"13":0,"14":0,"15":0,"16":0,"17":0,"18":0,"19":0,"20":0,"21":0,"22":0,"23":0,"24":0,"25":0,"26":0,"27":0,"28":0,"29":0,"30":0,"31":0,"32":0,"33":0,"34":0,"35":0,"36":0,"37":0,"38":0,"39":0,"40":0,"41":0,"42":0,"43":0,"44":0,"45":0,"46":0,"47":0,"48":0,"49":0,"50":0,"51":0,"52":0,"53":0,"54":0,"55":0,"56":0,"57":0,"58":0,"59":0,"60":0,"61":0,"62":0,"63":0,"64":0,"65":0,"66":0,"67":0,"68":0,"69":0,"70":0,"71":0,"72":0,"73":0,"74":0,"75":0,"76":0,"77":0,"78":0,"79":0,"80":0,"81":0,"82":0,"83":0,"84":0,"85":0,"86":0,"87":0,"88":0,"89":0,"90":0,"91":0,"92":0,"93":0,"94":0,"95":0,"96":0,"97":0,"98":0,"99":0,"100":0,"101":0,"102":0,"103":0,"104":0,"105":0,"106":0,"107":0,"108":0,"109":0,"110":0,"111":0,"112":0,"113":0,"114":0,"115":0,"116":0,"117":0,"118":0,"119":0,"120":0,"121":0,"122":0,"123":0,"124":0,"125":0,"126":0,"127":0,"128":0,"129":0,"130":0,"131":0,"132":0,"133":0,"134":0,"135":0,"136":0,"137":0,"138":0},"f":{"0":0,"1":0,"2":0,"3":0},"b":{"0":[0,0],"1":[0,0],"2":[0,0],"3":[0,0],"4":[0,0],"5":[0,0],"6":[0,0],"7":[0,0],"8":[0,0],"9":[0,0],"10":[0,0],"11":[0,0],"12":[0,0],"13":[0,0],"14":[0,0],"15":[0,0],"16":[0,0],"17":[0,0],"18":[0,0],"19":[0,0],"20":[0,0],"21":[0,0],"22":[0,0],"23":[0,0],"24":[0,0],"25":[0,0],"26":[0,0],"27":[0,0],"28":[0,0]}}
,"/Users/jongkwankim/my-work/c-s-s/backend/src/admin/admin.controller.ts": {"path":"/Users/jongkwankim/my-work/c-s-s/backend/src/admin/admin.controller.ts","statementMap":{"0":{"start":{"line":1,"column":0},"end":{"line":1,"column":null}},"1":{"start":{"line":14,"column":0},"end":{"line":14,"column":49}},"2":{"start":{"line":15,"column":0},"end":{"line":15,"column":47}},"3":{"start":{"line":16,"column":0},"end":{"line":16,"column":57}},"4":{"start":{"line":17,"column":0},"end":{"line":17,"column":66}},"5":{"start":{"line":18,"column":0},"end":{"line":18,"column":80}},"6":{"start":{"line":19,"column":0},"end":{"line":19,"column":57}},"7":{"start":{"line":23,"column":28},"end":{"line":348,"column":null}},"8":{"start":{"line":24,"column":28},"end":{"line":24,"column":60}},"9":{"start":{"line":27,"column":21},"end":{"line":27,"column":35}},"10":{"start":{"line":28,"column":21},"end":{"line":28,"column":36}},"11":{"start":{"line":29,"column":21},"end":{"line":29,"column":39}},"12":{"start":{"line":30,"column":21},"end":{"line":30,"column":43}},"13":{"start":{"line":38,"column":4},"end":{"line":38,"column":55}},"14":{"start":{"line":39,"column":18},"end":{"line":39,"column":61}},"15":{"start":{"line":40,"column":4},"end":{"line":40,"column":42}},"16":{"start":{"line":48,"column":20},"end":{"line":48,"column":50}},"17":{"start":{"line":49,"column":17},"end":{"line":49,"column":67}},"18":{"start":{"line":50,"column":4},"end":{"line":50,"column":35}},"19":{"start":{"line":58,"column":20},"end":{"line":58,"column":50}},"20":{"start":{"line":59,"column":17},"end":{"line":59,"column":67}},"21":{"start":{"line":60,"column":4},"end":{"line":60,"column":35}},"22":{"start":{"line":68,"column":17},"end":{"line":68,"column":67}},"23":{"start":{"line":69,"column":4},"end":{"line":69,"column":35}},"24":{"start":{"line":77,"column":19},"end":{"line":77,"column":60}},"25":{"start":{"line":78,"column":4},"end":{"line":78,"column":43}},"26":{"start":{"line":93,"column":20},"end":{"line":93,"column":49}},"27":{"start":{"line":94,"column":21},"end":{"line":94,"column":68}},"28":{"start":{"line":96,"column":19},"end":{"line":102,"column":null}},"29":{"start":{"line":105,"column":4},"end":{"line":105,"column":40}},"30":{"start":{"line":113,"column":17},"end":{"line":113,"column":59}},"31":{"start":{"line":114,"column":4},"end":{"line":116,"column":5}},"32":{"start":{"line":115,"column":6},"end":{"line":115,"column":52}},"33":{"start":{"line":117,"column":4},"end":{"line":117,"column":41}},"34":{"start":{"line":128,"column":4},"end":{"line":130,"column":5}},"35":{"start":{"line":129,"column":6},"end":{"line":129,"column":52}},"36":{"start":{"line":132,"column":17},"end":{"line":132,"column":65}},"37":{"start":{"line":133,"column":4},"end":{"line":135,"column":5}},"38":{"start":{"line":134,"column":6},"end":{"line":134,"column":52}},"39":{"start":{"line":137,"column":4},"end":{"line":137,"column":66}},"40":{"start":{"line":138,"column":4},"end":{"line":138,"column":41}},"41":{"start":{"line":149,"column":4},"end":{"line":151,"column":5}},"42":{"start":{"line":150,"column":6},"end":{"line":150,"column":52}},"43":{"start":{"line":153,"column":17},"end":{"line":153,"column":65}},"44":{"start":{"line":154,"column":4},"end":{"line":156,"column":5}},"45":{"start":{"line":155,"column":6},"end":{"line":155,"column":52}},"46":{"start":{"line":158,"column":4},"end":{"line":158,"column":66}},"47":{"start":{"line":159,"column":4},"end":{"line":159,"column":41}},"48":{"start":{"line":167,"column":4},"end":{"line":167,"column":54}},"49":{"start":{"line":168,"column":4},"end":{"line":174,"column":5}},"50":{"start":{"line":169,"column":6},"end":{"line":169,"column":41}},"51":{"start":{"line":170,"column":6},"end":{"line":170,"column":65}},"52":{"start":{"line":172,"column":6},"end":{"line":172,"column":72}},"53":{"start":{"line":173,"column":6},"end":{"line":173,"column":58}},"54":{"start":{"line":182,"column":4},"end":{"line":182,"column":57}},"55":{"start":{"line":183,"column":4},"end":{"line":195,"column":5}},"56":{"start":{"line":184,"column":25},"end":{"line":184,"column":73}},"57":{"start":{"line":185,"column":21},"end":{"line":185,"column":66}},"58":{"start":{"line":186,"column":6},"end":{"line":191,"column":8}},"59":{"start":{"line":193,"column":6},"end":{"line":193,"column":75}},"60":{"start":{"line":194,"column":6},"end":{"line":194,"column":61}},"61":{"start":{"line":203,"column":17},"end":{"line":203,"column":64}},"62":{"start":{"line":204,"column":4},"end":{"line":204,"column":35}},"63":{"start":{"line":212,"column":17},"end":{"line":212,"column":56}},"64":{"start":{"line":213,"column":4},"end":{"line":213,"column":35}},"65":{"start":{"line":221,"column":17},"end":{"line":221,"column":67}},"66":{"start":{"line":222,"column":4},"end":{"line":222,"column":35}},"67":{"start":{"line":230,"column":20},"end":{"line":230,"column":49}},"68":{"start":{"line":231,"column":17},"end":{"line":231,"column":67}},"69":{"start":{"line":232,"column":4},"end":{"line":232,"column":35}},"70":{"start":{"line":240,"column":17},"end":{"line":240,"column":60}},"71":{"start":{"line":241,"column":4},"end":{"line":241,"column":35}},"72":{"start":{"line":249,"column":19},"end":{"line":249,"column":90}},"73":{"start":{"line":250,"column":4},"end":{"line":250,"column":37}},"74":{"start":{"line":258,"column":17},"end":{"line":258,"column":60}},"75":{"start":{"line":259,"column":4},"end":{"line":259,"column":35}},"76":{"start":{"line":274,"column":20},"end":{"line":274,"column":49}},"77":{"start":{"line":275,"column":21},"end":{"line":275,"column":68}},"78":{"start":{"line":277,"column":19},"end":{"line":283,"column":null}},"79":{"start":{"line":286,"column":4},"end":{"line":286,"column":40}},"80":{"start":{"line":294,"column":19},"end":{"line":294,"column":63}},"81":{"start":{"line":295,"column":4},"end":{"line":297,"column":5}},"82":{"start":{"line":296,"column":6},"end":{"line":296,"column":54}},"83":{"start":{"line":298,"column":4},"end":{"line":298,"column":43}},"84":{"start":{"line":309,"column":19},"end":{"line":309,"column":65}},"85":{"start":{"line":310,"column":4},"end":{"line":312,"column":5}},"86":{"start":{"line":311,"column":6},"end":{"line":311,"column":54}},"87":{"start":{"line":314,"column":4},"end":{"line":314,"column":77}},"88":{"start":{"line":315,"column":4},"end":{"line":315,"column":43}},"89":{"start":{"line":323,"column":19},"end":{"line":323,"column":65}},"90":{"start":{"line":324,"column":4},"end":{"line":326,"column":5}},"91":{"start":{"line":325,"column":6},"end":{"line":325,"column":54}},"92":{"start":{"line":328,"column":4},"end":{"line":328,"column":98}},"93":{"start":{"line":329,"column":4},"end":{"line":329,"column":43}},"94":{"start":{"line":340,"column":20},"end":{"line":340,"column":74}},"95":{"start":{"line":341,"column":4},"end":{"line":343,"column":5}},"96":{"start":{"line":342,"column":6},"end":{"line":342,"column":71}},"97":{"start":{"line":345,"column":4},"end":{"line":345,"column":86}},"98":{"start":{"line":346,"column":4},"end":{"line":346,"column":44}},"99":{"start":{"line":23,"column":13},"end":{"line":23,"column":28}},"100":{"start":{"line":37,"column":8},"end":{"line":41,"column":null}},"101":{"start":{"line":47,"column":8},"end":{"line":51,"column":null}},"102":{"start":{"line":57,"column":8},"end":{"line":61,"column":null}},"103":{"start":{"line":67,"column":8},"end":{"line":70,"column":null}},"104":{"start":{"line":76,"column":8},"end":{"line":79,"column":null}},"105":{"start":{"line":85,"column":8},"end":{"line":106,"column":null}},"106":{"start":{"line":112,"column":8},"end":{"line":118,"column":null}},"107":{"start":{"line":124,"column":8},"end":{"line":139,"column":null}},"108":{"start":{"line":145,"column":8},"end":{"line":160,"column":null}},"109":{"start":{"line":166,"column":8},"end":{"line":175,"column":null}},"110":{"start":{"line":181,"column":8},"end":{"line":196,"column":null}},"111":{"start":{"line":202,"column":8},"end":{"line":205,"column":null}},"112":{"start":{"line":211,"column":8},"end":{"line":214,"column":null}},"113":{"start":{"line":220,"column":8},"end":{"line":223,"column":null}},"114":{"start":{"line":229,"column":8},"end":{"line":233,"column":null}},"115":{"start":{"line":239,"column":8},"end":{"line":242,"column":null}},"116":{"start":{"line":248,"column":8},"end":{"line":251,"column":null}},"117":{"start":{"line":257,"column":8},"end":{"line":260,"column":null}},"118":{"start":{"line":266,"column":8},"end":{"line":287,"column":null}},"119":{"start":{"line":293,"column":8},"end":{"line":299,"column":null}},"120":{"start":{"line":305,"column":8},"end":{"line":316,"column":null}},"121":{"start":{"line":322,"column":8},"end":{"line":330,"column":null}},"122":{"start":{"line":336,"column":8},"end":{"line":347,"column":null}},"123":{"start":{"line":23,"column":13},"end":{"line":348,"column":null}}},"fnMap":{"0":{"name":"(anonymous_4)","decl":{"start":{"line":26,"column":2},"end":{"line":26,"column":null}},"loc":{"start":{"line":30,"column":63},"end":{"line":31,"column":6}}},"1":{"name":"(anonymous_5)","decl":{"start":{"line":37,"column":8},"end":{"line":37,"column":20}},"loc":{"start":{"line":37,"column":20},"end":{"line":41,"column":3}}},"2":{"name":"(anonymous_6)","decl":{"start":{"line":47,"column":8},"end":{"line":47,"column":26}},"loc":{"start":{"line":47,"column":55},"end":{"line":51,"column":3}}},"3":{"name":"(anonymous_7)","decl":{"start":{"line":57,"column":8},"end":{"line":57,"column":26}},"loc":{"start":{"line":57,"column":55},"end":{"line":61,"column":3}}},"4":{"name":"(anonymous_8)","decl":{"start":{"line":67,"column":8},"end":{"line":67,"column":32}},"loc":{"start":{"line":67,"column":32},"end":{"line":70,"column":3}}},"5":{"name":"(anonymous_9)","decl":{"start":{"line":76,"column":8},"end":{"line":76,"column":23}},"loc":{"start":{"line":76,"column":23},"end":{"line":79,"column":3}}},"6":{"name":"(anonymous_10)","decl":{"start":{"line":85,"column":8},"end":{"line":85,"column":16}},"loc":{"start":{"line":91,"column":50},"end":{"line":106,"column":3}}},"7":{"name":"(anonymous_11)","decl":{"start":{"line":112,"column":8},"end":{"line":112,"column":22}},"loc":{"start":{"line":112,"column":46},"end":{"line":118,"column":3}}},"8":{"name":"(anonymous_12)","decl":{"start":{"line":124,"column":8},"end":{"line":124,"column":22}},"loc":{"start":{"line":126,"column":32},"end":{"line":139,"column":3}}},"9":{"name":"(anonymous_13)","decl":{"start":{"line":145,"column":8},"end":{"line":145,"column":22}},"loc":{"start":{"line":147,"column":32},"end":{"line":160,"column":3}}},"10":{"name":"(anonymous_14)","decl":{"start":{"line":166,"column":8},"end":{"line":166,"column":19}},"loc":{"start":{"line":166,"column":19},"end":{"line":175,"column":3}}},"11":{"name":"(anonymous_15)","decl":{"start":{"line":181,"column":8},"end":{"line":181,"column":21}},"loc":{"start":{"line":181,"column":21},"end":{"line":196,"column":3}}},"12":{"name":"(anonymous_16)","decl":{"start":{"line":202,"column":8},"end":{"line":202,"column":29}},"loc":{"start":{"line":202,"column":29},"end":{"line":205,"column":3}}},"13":{"name":"(anonymous_17)","decl":{"start":{"line":211,"column":8},"end":{"line":211,"column":21}},"loc":{"start":{"line":211,"column":21},"end":{"line":214,"column":3}}},"14":{"name":"(anonymous_18)","decl":{"start":{"line":220,"column":8},"end":{"line":220,"column":32}},"loc":{"start":{"line":220,"column":32},"end":{"line":223,"column":3}}},"15":{"name":"(anonymous_19)","decl":{"start":{"line":229,"column":8},"end":{"line":229,"column":25}},"loc":{"start":{"line":229,"column":54},"end":{"line":233,"column":3}}},"16":{"name":"(anonymous_20)","decl":{"start":{"line":239,"column":8},"end":{"line":239,"column":25}},"loc":{"start":{"line":239,"column":25},"end":{"line":242,"column":3}}},"17":{"name":"(anonymous_21)","decl":{"start":{"line":248,"column":8},"end":{"line":248,"column":35}},"loc":{"start":{"line":248,"column":76},"end":{"line":251,"column":3}}},"18":{"name":"(anonymous_22)","decl":{"start":{"line":257,"column":8},"end":{"line":257,"column":25}},"loc":{"start":{"line":257,"column":25},"end":{"line":260,"column":3}}},"19":{"name":"(anonymous_23)","decl":{"start":{"line":266,"column":8},"end":{"line":266,"column":18}},"loc":{"start":{"line":272,"column":50},"end":{"line":287,"column":3}}},"20":{"name":"(anonymous_24)","decl":{"start":{"line":293,"column":8},"end":{"line":293,"column":24}},"loc":{"start":{"line":293,"column":48},"end":{"line":299,"column":3}}},"21":{"name":"(anonymous_25)","decl":{"start":{"line":305,"column":8},"end":{"line":305,"column":20}},"loc":{"start":{"line":307,"column":55},"end":{"line":316,"column":3}}},"22":{"name":"(anonymous_26)","decl":{"start":{"line":322,"column":8},"end":{"line":322,"column":26}},"loc":{"start":{"line":322,"column":50},"end":{"line":330,"column":3}}},"23":{"name":"(anonymous_27)","decl":{"start":{"line":336,"column":8},"end":{"line":336,"column":28}},"loc":{"start":{"line":338,"column":65},"end":{"line":347,"column":3}}}},"branchMap":{"0":{"loc":{"start":{"line":48,"column":20},"end":{"line":48,"column":50}},"type":"cond-expr","locations":[{"start":{"line":48,"column":27},"end":{"line":48,"column":45}},{"start":{"line":48,"column":48},"end":{"line":48,"column":50}}]},"1":{"loc":{"start":{"line":58,"column":20},"end":{"line":58,"column":50}},"type":"cond-expr","locations":[{"start":{"line":58,"column":27},"end":{"line":58,"column":45}},{"start":{"line":58,"column":48},"end":{"line":58,"column":50}}]},"2":{"loc":{"start":{"line":93,"column":20},"end":{"line":93,"column":49}},"type":"cond-expr","locations":[{"start":{"line":93,"column":27},"end":{"line":93,"column":45}},{"start":{"line":93,"column":48},"end":{"line":93,"column":49}}]},"3":{"loc":{"start":{"line":94,"column":21},"end":{"line":94,"column":68}},"type":"cond-expr","locations":[{"start":{"line":94,"column":29},"end":{"line":94,"column":63}},{"start":{"line":94,"column":66},"end":{"line":94,"column":68}}]},"4":{"loc":{"start":{"line":101,"column":6},"end":{"line":101,"column":27}},"type":"binary-expr","locations":[{"start":{"line":101,"column":6},"end":{"line":101,"column":12}},{"start":{"line":101,"column":16},"end":{"line":101,"column":27}}]},"5":{"loc":{"start":{"line":102,"column":6},"end":{"line":102,"column":25}},"type":"binary-expr","locations":[{"start":{"line":102,"column":6},"end":{"line":102,"column":15}},{"start":{"line":102,"column":19},"end":{"line":102,"column":25}}]},"6":{"loc":{"start":{"line":114,"column":4},"end":{"line":116,"column":5}},"type":"if","locations":[{"start":{"line":114,"column":4},"end":{"line":116,"column":5}},{"start":{},"end":{}}]},"7":{"loc":{"start":{"line":128,"column":4},"end":{"line":130,"column":5}},"type":"if","locations":[{"start":{"line":128,"column":4},"end":{"line":130,"column":5}},{"start":{},"end":{}}]},"8":{"loc":{"start":{"line":133,"column":4},"end":{"line":135,"column":5}},"type":"if","locations":[{"start":{"line":133,"column":4},"end":{"line":135,"column":5}},{"start":{},"end":{}}]},"9":{"loc":{"start":{"line":149,"column":4},"end":{"line":151,"column":5}},"type":"if","locations":[{"start":{"line":149,"column":4},"end":{"line":151,"column":5}},{"start":{},"end":{}}]},"10":{"loc":{"start":{"line":154,"column":4},"end":{"line":156,"column":5}},"type":"if","locations":[{"start":{"line":154,"column":4},"end":{"line":156,"column":5}},{"start":{},"end":{}}]},"11":{"loc":{"start":{"line":230,"column":20},"end":{"line":230,"column":49}},"type":"cond-expr","locations":[{"start":{"line":230,"column":27},"end":{"line":230,"column":45}},{"start":{"line":230,"column":48},"end":{"line":230,"column":49}}]},"12":{"loc":{"start":{"line":249,"column":65},"end":{"line":249,"column":89}},"type":"binary-expr","locations":[{"start":{"line":249,"column":65},"end":{"line":249,"column":83}},{"start":{"line":249,"column":87},"end":{"line":249,"column":89}}]},"13":{"loc":{"start":{"line":274,"column":20},"end":{"line":274,"column":49}},"type":"cond-expr","locations":[{"start":{"line":274,"column":27},"end":{"line":274,"column":45}},{"start":{"line":274,"column":48},"end":{"line":274,"column":49}}]},"14":{"loc":{"start":{"line":275,"column":21},"end":{"line":275,"column":68}},"type":"cond-expr","locations":[{"start":{"line":275,"column":29},"end":{"line":275,"column":63}},{"start":{"line":275,"column":66},"end":{"line":275,"column":68}}]},"15":{"loc":{"start":{"line":281,"column":6},"end":{"line":281,"column":21}},"type":"binary-expr","locations":[{"start":{"line":281,"column":6},"end":{"line":281,"column":12}},{"start":{"line":281,"column":16},"end":{"line":281,"column":21}}]},"16":{"loc":{"start":{"line":282,"column":6},"end":{"line":282,"column":24}},"type":"binary-expr","locations":[{"start":{"line":282,"column":6},"end":{"line":282,"column":12}},{"start":{"line":282,"column":16},"end":{"line":282,"column":24}}]},"17":{"loc":{"start":{"line":283,"column":6},"end":{"line":283,"column":24}},"type":"binary-expr","locations":[{"start":{"line":283,"column":6},"end":{"line":283,"column":15}},{"start":{"line":283,"column":19},"end":{"line":283,"column":24}}]},"18":{"loc":{"start":{"line":295,"column":4},"end":{"line":297,"column":5}},"type":"if","locations":[{"start":{"line":295,"column":4},"end":{"line":297,"column":5}},{"start":{},"end":{}}]},"19":{"loc":{"start":{"line":310,"column":4},"end":{"line":312,"column":5}},"type":"if","locations":[{"start":{"line":310,"column":4},"end":{"line":312,"column":5}},{"start":{},"end":{}}]},"20":{"loc":{"start":{"line":324,"column":4},"end":{"line":326,"column":5}},"type":"if","locations":[{"start":{"line":324,"column":4},"end":{"line":326,"column":5}},{"start":{},"end":{}}]},"21":{"loc":{"start":{"line":328,"column":55},"end":{"line":328,"column":94}},"type":"cond-expr","locations":[{"start":{"line":328,"column":73},"end":{"line":328,"column":81}},{"start":{"line":328,"column":84},"end":{"line":328,"column":94}}]},"22":{"loc":{"start":{"line":341,"column":4},"end":{"line":343,"column":5}},"type":"if","locations":[{"start":{"line":341,"column":4},"end":{"line":343,"column":5}},{"start":{},"end":{}}]},"23":{"loc":{"start":{"line":89,"column":26},"end":{"line":89,"column":null}},"type":"cond-expr","locations":[{"start":{"line":89,"column":34},"end":{"line":89,"column":null}},{"start":{"line":89,"column":34},"end":{"line":89,"column":null}}]},"24":{"loc":{"start":{"line":89,"column":26},"end":{"line":89,"column":34}},"type":"binary-expr","locations":[{"start":{"line":89,"column":26},"end":{"line":89,"column":null}},{"start":{"line":89,"column":26},"end":{"line":89,"column":34}}]},"25":{"loc":{"start":{"line":126,"column":24},"end":{"line":126,"column":null}},"type":"cond-expr","locations":[{"start":{"line":126,"column":32},"end":{"line":126,"column":null}},{"start":{"line":126,"column":32},"end":{"line":126,"column":null}}]},"26":{"loc":{"start":{"line":126,"column":24},"end":{"line":126,"column":32}},"type":"binary-expr","locations":[{"start":{"line":126,"column":24},"end":{"line":126,"column":null}},{"start":{"line":126,"column":24},"end":{"line":126,"column":32}}]},"27":{"loc":{"start":{"line":147,"column":24},"end":{"line":147,"column":null}},"type":"cond-expr","locations":[{"start":{"line":147,"column":32},"end":{"line":147,"column":null}},{"start":{"line":147,"column":32},"end":{"line":147,"column":null}}]},"28":{"loc":{"start":{"line":147,"column":24},"end":{"line":147,"column":32}},"type":"binary-expr","locations":[{"start":{"line":147,"column":24},"end":{"line":147,"column":null}},{"start":{"line":147,"column":24},"end":{"line":147,"column":32}}]},"29":{"loc":{"start":{"line":27,"column":35},"end":{"line":27,"column":null}},"type":"cond-expr","locations":[{"start":{"line":27,"column":47},"end":{"line":27,"column":null}},{"start":{"line":27,"column":47},"end":{"line":27,"column":null}}]},"30":{"loc":{"start":{"line":27,"column":35},"end":{"line":27,"column":47}},"type":"binary-expr","locations":[{"start":{"line":27,"column":35},"end":{"line":27,"column":null}},{"start":{"line":27,"column":35},"end":{"line":27,"column":47}}]},"31":{"loc":{"start":{"line":27,"column":47},"end":{"line":28,"column":null}},"type":"cond-expr","locations":[{"start":{"line":28,"column":49},"end":{"line":28,"column":null}},{"start":{"line":28,"column":49},"end":{"line":28,"column":null}}]},"32":{"loc":{"start":{"line":27,"column":47},"end":{"line":28,"column":49}},"type":"binary-expr","locations":[{"start":{"line":27,"column":47},"end":{"line":28,"column":null}},{"start":{"line":28,"column":36},"end":{"line":28,"column":49}}]},"33":{"loc":{"start":{"line":28,"column":49},"end":{"line":29,"column":null}},"type":"cond-expr","locations":[{"start":{"line":29,"column":55},"end":{"line":29,"column":null}},{"start":{"line":29,"column":55},"end":{"line":29,"column":null}}]},"34":{"loc":{"start":{"line":28,"column":49},"end":{"line":29,"column":55}},"type":"binary-expr","locations":[{"start":{"line":28,"column":49},"end":{"line":29,"column":null}},{"start":{"line":29,"column":39},"end":{"line":29,"column":55}}]},"35":{"loc":{"start":{"line":29,"column":55},"end":{"line":30,"column":null}},"type":"cond-expr","locations":[{"start":{"line":30,"column":63},"end":{"line":30,"column":null}},{"start":{"line":30,"column":63},"end":{"line":30,"column":null}}]},"36":{"loc":{"start":{"line":29,"column":55},"end":{"line":30,"column":63}},"type":"binary-expr","locations":[{"start":{"line":29,"column":55},"end":{"line":30,"column":null}},{"start":{"line":30,"column":43},"end":{"line":30,"column":63}}]}},"s":{"0":0,"1":0,"2":0,"3":0,"4":0,"5":0,"6":0,"7":0,"8":0,"9":0,"10":0,"11":0,"12":0,"13":0,"14":0,"15":0,"16":0,"17":0,"18":0,"19":0,"20":0,"21":0,"22":0,"23":0,"24":0,"25":0,"26":0,"27":0,"28":0,"29":0,"30":0,"31":0,"32":0,"33":0,"34":0,"35":0,"36":0,"37":0,"38":0,"39":0,"40":0,"41":0,"42":0,"43":0,"44":0,"45":0,"46":0,"47":0,"48":0,"49":0,"50":0,"51":0,"52":0,"53":0,"54":0,"55":0,"56":0,"57":0,"58":0,"59":0,"60":0,"61":0,"62":0,"63":0,"64":0,"65":0,"66":0,"67":0,"68":0,"69":0,"70":0,"71":0,"72":0,"73":0,"74":0,"75":0,"76":0,"77":0,"78":0,"79":0,"80":0,"81":0,"82":0,"83":0,"84":0,"85":0,"86":0,"87":0,"88":0,"89":0,"90":0,"91":0,"92":0,"93":0,"94":0,"95":0,"96":0,"97":0,"98":0,"99":0,"100":0,"101":0,"102":0,"103":0,"104":0,"105":0,"106":0,"107":0,"108":0,"109":0,"110":0,"111":0,"112":0,"113":0,"114":0,"115":0,"116":0,"117":0,"118":0,"119":0,"120":0,"121":0,"122":0,"123":0},"f":{"0":0,"1":0,"2":0,"3":0,"4":0,"5":0,"6":0,"7":0,"8":0,"9":0,"10":0,"11":0,"12":0,"13":0,"14":0,"15":0,"16":0,"17":0,"18":0,"19":0,"20":0,"21":0,"22":0,"23":0},"b":{"0":[0,0],"1":[0,0],"2":[0,0],"3":[0,0],"4":[0,0],"5":[0,0],"6":[0,0],"7":[0,0],"8":[0,0],"9":[0,0],"10":[0,0],"11":[0,0],"12":[0,0],"13":[0,0],"14":[0,0],"15":[0,0],"16":[0,0],"17":[0,0],"18":[0,0],"19":[0,0],"20":[0,0],"21":[0,0],"22":[0,0],"23":[0,0],"24":[0,0],"25":[0,0],"26":[0,0],"27":[0,0],"28":[0,0],"29":[0,0],"30":[0,0],"31":[0,0],"32":[0,0],"33":[0,0],"34":[0,0],"35":[0,0],"36":[0,0]}}
,"/Users/jongkwankim/my-work/c-s-s/backend/src/admin/admin.module.ts": {"path":"/Users/jongkwankim/my-work/c-s-s/backend/src/admin/admin.module.ts","statementMap":{"0":{"start":{"line":1,"column":0},"end":{"line":1,"column":40}},"1":{"start":{"line":2,"column":0},"end":{"line":2,"column":48}},"2":{"start":{"line":3,"column":0},"end":{"line":3,"column":53}},"3":{"start":{"line":4,"column":0},"end":{"line":4,"column":47}},"4":{"start":{"line":5,"column":0},"end":{"line":5,"column":56}},"5":{"start":{"line":6,"column":0},"end":{"line":6,"column":58}},"6":{"start":{"line":7,"column":0},"end":{"line":7,"column":65}},"7":{"start":{"line":8,"column":0},"end":{"line":8,"column":73}},"8":{"start":{"line":9,"column":0},"end":{"line":9,"column":60}},"9":{"start":{"line":10,"column":0},"end":{"line":10,"column":77}},"10":{"start":{"line":11,"column":0},"end":{"line":11,"column":54}},"11":{"start":{"line":12,"column":0},"end":{"line":12,"column":49}},"12":{"start":{"line":13,"column":0},"end":{"line":13,"column":49}},"13":{"start":{"line":14,"column":0},"end":{"line":14,"column":55}},"14":{"start":{"line":15,"column":0},"end":{"line":15,"column":64}},"15":{"start":{"line":16,"column":0},"end":{"line":16,"column":78}},"16":{"start":{"line":39,"column":7},"end":{"line":39,"column":null}},"17":{"start":{"line":39,"column":13},"end":{"line":39,"column":24}},"18":{"start":{"line":39,"column":13},"end":{"line":39,"column":null}}},"fnMap":{},"branchMap":{},"s":{"0":0,"1":0,"2":0,"3":0,"4":0,"5":0,"6":0,"7":0,"8":0,"9":0,"10":0,"11":0,"12":0,"13":0,"14":0,"15":0,"16":0,"17":0,"18":0},"f":{},"b":{}}
,"/Users/jongkwankim/my-work/c-s-s/backend/src/admin/admin.service.ts": {"path":"/Users/jongkwankim/my-work/c-s-s/backend/src/admin/admin.service.ts","statementMap":{"0":{"start":{"line":1,"column":0},"end":{"line":1,"column":52}},"1":{"start":{"line":2,"column":0},"end":{"line":2,"column":51}},"2":{"start":{"line":3,"column":0},"end":{"line":3,"column":90}},"3":{"start":{"line":4,"column":0},"end":{"line":4,"column":56}},"4":{"start":{"line":5,"column":0},"end":{"line":5,"column":58}},"5":{"start":{"line":6,"column":0},"end":{"line":6,"column":65}},"6":{"start":{"line":7,"column":0},"end":{"line":7,"column":73}},"7":{"start":{"line":8,"column":0},"end":{"line":8,"column":60}},"8":{"start":{"line":9,"column":0},"end":{"line":9,"column":77}},"9":{"start":{"line":11,"column":0},"end":{"line":11,"column":78}},"10":{"start":{"line":88,"column":25},"end":{"line":1176,"column":null}},"11":{"start":{"line":89,"column":28},"end":{"line":89,"column":57}},"12":{"start":{"line":93,"column":21},"end":{"line":93,"column":31}},"13":{"start":{"line":95,"column":21},"end":{"line":95,"column":32}},"14":{"start":{"line":97,"column":21},"end":{"line":97,"column":35}},"15":{"start":{"line":99,"column":21},"end":{"line":99,"column":39}},"16":{"start":{"line":101,"column":21},"end":{"line":101,"column":33}},"17":{"start":{"line":103,"column":21},"end":{"line":103,"column":41}},"18":{"start":{"line":110,"column":16},"end":{"line":110,"column":26}},"19":{"start":{"line":111,"column":18},"end":{"line":111,"column":76}},"20":{"start":{"line":112,"column":20},"end":{"line":112,"column":71}},"21":{"start":{"line":113,"column":21},"end":{"line":113,"column":73}},"22":{"start":{"line":116,"column":77},"end":{"line":121,"column":6}},"23":{"start":{"line":124,"column":24},"end":{"line":128,"column":18}},"24":{"start":{"line":131,"column":30},"end":{"line":136,"column":19}},"25":{"start":{"line":138,"column":21},"end":{"line":143,"column":6}},"26":{"start":{"line":144,"column":4},"end":{"line":146,"column":7}},"27":{"start":{"line":145,"column":6},"end":{"line":145,"column":68}},"28":{"start":{"line":149,"column":55},"end":{"line":153,"column":6}},"29":{"start":{"line":156,"column":23},"end":{"line":156,"column":83}},"30":{"start":{"line":157,"column":24},"end":{"line":165,"column":19}},"31":{"start":{"line":168,"column":33},"end":{"line":168,"column":97}},"32":{"start":{"line":169,"column":29},"end":{"line":176,"column":19}},"33":{"start":{"line":179,"column":57},"end":{"line":183,"column":6}},"34":{"start":{"line":185,"column":4},"end":{"line":220,"column":6}},"35":{"start":{"line":204,"column":42},"end":{"line":204,"column":88}},"36":{"start":{"line":209,"column":52},"end":{"line":212,"column":10}},"37":{"start":{"line":227,"column":37},"end":{"line":227,"column":39}},"38":{"start":{"line":228,"column":16},"end":{"line":228,"column":26}},"39":{"start":{"line":230,"column":4},"end":{"line":249,"column":5}},"40":{"start":{"line":230,"column":17},"end":{"line":230,"column":25}},"41":{"start":{"line":231,"column":19},"end":{"line":231,"column":68}},"42":{"start":{"line":232,"column":22},"end":{"line":232,"column":54}},"43":{"start":{"line":233,"column":23},"end":{"line":233,"column":69}},"44":{"start":{"line":235,"column":37},"end":{"line":242,"column":8}},"45":{"start":{"line":244,"column":6},"end":{"line":248,"column":9}},"46":{"start":{"line":251,"column":4},"end":{"line":251,"column":18}},"47":{"start":{"line":258,"column":33},"end":{"line":258,"column":35}},"48":{"start":{"line":259,"column":16},"end":{"line":259,"column":26}},"49":{"start":{"line":261,"column":4},"end":{"line":276,"column":5}},"50":{"start":{"line":261,"column":17},"end":{"line":261,"column":25}},"51":{"start":{"line":262,"column":19},"end":{"line":262,"column":68}},"52":{"start":{"line":263,"column":22},"end":{"line":263,"column":54}},"53":{"start":{"line":264,"column":23},"end":{"line":264,"column":69}},"54":{"start":{"line":266,"column":20},"end":{"line":270,"column":8}},"55":{"start":{"line":272,"column":6},"end":{"line":275,"column":9}},"56":{"start":{"line":278,"column":4},"end":{"line":278,"column":18}},"57":{"start":{"line":292,"column":16},"end":{"line":295,"column":85}},"58":{"start":{"line":297,"column":4},"end":{"line":302,"column":5}},"59":{"start":{"line":298,"column":6},"end":{"line":301,"column":8}},"60":{"start":{"line":304,"column":4},"end":{"line":306,"column":5}},"61":{"start":{"line":305,"column":6},"end":{"line":305,"column":60}},"62":{"start":{"line":308,"column":18},"end":{"line":308,"column":40}},"63":{"start":{"line":309,"column":18},"end":{"line":309,"column":42}},"64":{"start":{"line":311,"column":18},"end":{"line":315,"column":16}},"65":{"start":{"line":318,"column":20},"end":{"line":318,"column":42}},"66":{"start":{"line":318,"column":37},"end":{"line":318,"column":41}},"67":{"start":{"line":319,"column":24},"end":{"line":325,"column":19}},"68":{"start":{"line":327,"column":26},"end":{"line":327,"column":88}},"69":{"start":{"line":327,"column":57},"end":{"line":327,"column":86}},"70":{"start":{"line":329,"column":4},"end":{"line":347,"column":6}},"71":{"start":{"line":330,"column":31},"end":{"line":344,"column":8}},"72":{"start":{"line":354,"column":17},"end":{"line":357,"column":6}},"73":{"start":{"line":359,"column":4},"end":{"line":361,"column":5}},"74":{"start":{"line":360,"column":6},"end":{"line":360,"column":18}},"75":{"start":{"line":364,"column":25},"end":{"line":368,"column":6}},"76":{"start":{"line":370,"column":4},"end":{"line":378,"column":6}},"77":{"start":{"line":375,"column":47},"end":{"line":375,"column":57}},"78":{"start":{"line":376,"column":55},"end":{"line":376,"column":65}},"79":{"start":{"line":385,"column":17},"end":{"line":385,"column":71}},"80":{"start":{"line":386,"column":4},"end":{"line":388,"column":5}},"81":{"start":{"line":387,"column":6},"end":{"line":387,"column":18}},"82":{"start":{"line":390,"column":4},"end":{"line":390,"column":21}},"83":{"start":{"line":391,"column":4},"end":{"line":391,"column":36}},"84":{"start":{"line":398,"column":17},"end":{"line":398,"column":71}},"85":{"start":{"line":399,"column":4},"end":{"line":401,"column":5}},"86":{"start":{"line":400,"column":6},"end":{"line":400,"column":18}},"87":{"start":{"line":403,"column":4},"end":{"line":403,"column":21}},"88":{"start":{"line":404,"column":4},"end":{"line":404,"column":36}},"89":{"start":{"line":412,"column":23},"end":{"line":417,"column":6}},"90":{"start":{"line":419,"column":30},"end":{"line":424,"column":19}},"91":{"start":{"line":426,"column":25},"end":{"line":426,"column":26}},"92":{"start":{"line":427,"column":4},"end":{"line":429,"column":7}},"93":{"start":{"line":428,"column":6},"end":{"line":428,"column":90}},"94":{"start":{"line":432,"column":22},"end":{"line":432,"column":82}},"95":{"start":{"line":432,"column":52},"end":{"line":432,"column":69}},"96":{"start":{"line":433,"column":22},"end":{"line":435,"column":53}},"97":{"start":{"line":434,"column":21},"end":{"line":434,"column":38}},"98":{"start":{"line":435,"column":26},"end":{"line":435,"column":49}},"99":{"start":{"line":437,"column":27},"end":{"line":439,"column":9}},"100":{"start":{"line":441,"column":4},"end":{"line":451,"column":6}},"101":{"start":{"line":442,"column":55},"end":{"line":446,"column":8}},"102":{"start":{"line":458,"column":57},"end":{"line":462,"column":6}},"103":{"start":{"line":465,"column":23},"end":{"line":465,"column":60}},"104":{"start":{"line":466,"column":25},"end":{"line":468,"column":6}},"105":{"start":{"line":471,"column":29},"end":{"line":477,"column":19}},"106":{"start":{"line":479,"column":4},"end":{"line":497,"column":6}},"107":{"start":{"line":493,"column":51},"end":{"line":496,"column":8}},"108":{"start":{"line":504,"column":16},"end":{"line":504,"column":26}},"109":{"start":{"line":505,"column":27},"end":{"line":505,"column":66}},"110":{"start":{"line":506,"column":23},"end":{"line":506,"column":63}},"111":{"start":{"line":507,"column":22},"end":{"line":507,"column":67}},"112":{"start":{"line":510,"column":25},"end":{"line":514,"column":6}},"113":{"start":{"line":517,"column":27},"end":{"line":517,"column":89}},"114":{"start":{"line":517,"column":52},"end":{"line":517,"column":81}},"115":{"start":{"line":518,"column":28},"end":{"line":518,"column":47}},"116":{"start":{"line":519,"column":30},"end":{"line":521,"column":6}},"117":{"start":{"line":524,"column":22},"end":{"line":526,"column":9}},"118":{"start":{"line":525,"column":40},"end":{"line":525,"column":69}},"119":{"start":{"line":528,"column":22},"end":{"line":530,"column":9}},"120":{"start":{"line":529,"column":42},"end":{"line":529,"column":65}},"121":{"start":{"line":533,"column":29},"end":{"line":545,"column":9}},"122":{"start":{"line":534,"column":22},"end":{"line":534,"column":71}},"123":{"start":{"line":536,"column":17},"end":{"line":545,"column":8}},"124":{"start":{"line":548,"column":58},"end":{"line":548,"column":60}},"125":{"start":{"line":549,"column":4},"end":{"line":552,"column":7}},"126":{"start":{"line":550,"column":19},"end":{"line":550,"column":55}},"127":{"start":{"line":551,"column":6},"end":{"line":551,"column":75}},"128":{"start":{"line":555,"column":52},"end":{"line":555,"column":54}},"129":{"start":{"line":556,"column":4},"end":{"line":558,"column":7}},"130":{"start":{"line":557,"column":6},"end":{"line":557,"column":71}},"131":{"start":{"line":560,"column":4},"end":{"line":586,"column":6}},"132":{"start":{"line":571,"column":33},"end":{"line":571,"column":48}},"133":{"start":{"line":572,"column":24},"end":{"line":572,"column":41}},"134":{"start":{"line":575,"column":35},"end":{"line":575,"column":52}},"135":{"start":{"line":576,"column":24},"end":{"line":576,"column":41}},"136":{"start":{"line":578,"column":56},"end":{"line":585,"column":8}},"137":{"start":{"line":593,"column":16},"end":{"line":593,"column":26}},"138":{"start":{"line":594,"column":19},"end":{"line":594,"column":64}},"139":{"start":{"line":595,"column":20},"end":{"line":595,"column":69}},"140":{"start":{"line":596,"column":21},"end":{"line":596,"column":71}},"141":{"start":{"line":599,"column":59},"end":{"line":603,"column":6}},"142":{"start":{"line":606,"column":49},"end":{"line":610,"column":6}},"143":{"start":{"line":613,"column":24},"end":{"line":617,"column":19}},"144":{"start":{"line":619,"column":4},"end":{"line":637,"column":6}},"145":{"start":{"line":644,"column":16},"end":{"line":644,"column":26}},"146":{"start":{"line":645,"column":20},"end":{"line":645,"column":69}},"147":{"start":{"line":646,"column":21},"end":{"line":646,"column":71}},"148":{"start":{"line":649,"column":46},"end":{"line":660,"column":6}},"149":{"start":{"line":663,"column":28},"end":{"line":669,"column":19}},"150":{"start":{"line":671,"column":28},"end":{"line":677,"column":6}},"151":{"start":{"line":679,"column":23},"end":{"line":679,"column":50}},"152":{"start":{"line":680,"column":28},"end":{"line":680,"column":71}},"153":{"start":{"line":680,"column":61},"end":{"line":680,"column":69}},"154":{"start":{"line":682,"column":4},"end":{"line":682,"column":65}},"155":{"start":{"line":684,"column":4},"end":{"line":690,"column":7}},"156":{"start":{"line":685,"column":20},"end":{"line":685,"column":42}},"157":{"start":{"line":686,"column":6},"end":{"line":689,"column":38}},"158":{"start":{"line":686,"column":23},"end":{"line":686,"column":45}},"159":{"start":{"line":687,"column":11},"end":{"line":689,"column":38}},"160":{"start":{"line":687,"column":28},"end":{"line":687,"column":53}},"161":{"start":{"line":688,"column":11},"end":{"line":689,"column":38}},"162":{"start":{"line":688,"column":29},"end":{"line":688,"column":52}},"163":{"start":{"line":689,"column":11},"end":{"line":689,"column":38}},"164":{"start":{"line":693,"column":27},"end":{"line":701,"column":19}},"165":{"start":{"line":704,"column":31},"end":{"line":711,"column":19}},"166":{"start":{"line":714,"column":81},"end":{"line":714,"column":83}},"167":{"start":{"line":715,"column":4},"end":{"line":736,"column":5}},"168":{"start":{"line":715,"column":20},"end":{"line":715,"column":21}},"169":{"start":{"line":716,"column":24},"end":{"line":716,"column":80}},"170":{"start":{"line":717,"column":22},"end":{"line":717,"column":84}},"171":{"start":{"line":719,"column":37},"end":{"line":721,"column":8}},"172":{"start":{"line":723,"column":27},"end":{"line":729,"column":20}},"173":{"start":{"line":731,"column":6},"end":{"line":735,"column":9}},"174":{"start":{"line":738,"column":4},"end":{"line":759,"column":6}},"175":{"start":{"line":745,"column":47},"end":{"line":748,"column":8}},"176":{"start":{"line":749,"column":55},"end":{"line":752,"column":8}},"177":{"start":{"line":753,"column":43},"end":{"line":758,"column":8}},"178":{"start":{"line":766,"column":16},"end":{"line":766,"column":26}},"179":{"start":{"line":767,"column":22},"end":{"line":767,"column":74}},"180":{"start":{"line":770,"column":25},"end":{"line":778,"column":19}},"181":{"start":{"line":781,"column":27},"end":{"line":791,"column":19}},"182":{"start":{"line":794,"column":33},"end":{"line":803,"column":19}},"183":{"start":{"line":806,"column":25},"end":{"line":812,"column":6}},"184":{"start":{"line":814,"column":31},"end":{"line":823,"column":null}},"185":{"start":{"line":816,"column":22},"end":{"line":821,"column":21}},"186":{"start":{"line":822,"column":8},"end":{"line":822,"column":45}},"187":{"start":{"line":827,"column":79},"end":{"line":827,"column":81}},"188":{"start":{"line":828,"column":4},"end":{"line":846,"column":5}},"189":{"start":{"line":828,"column":17},"end":{"line":828,"column":25}},"190":{"start":{"line":829,"column":19},"end":{"line":829,"column":68}},"191":{"start":{"line":830,"column":22},"end":{"line":830,"column":54}},"192":{"start":{"line":831,"column":23},"end":{"line":831,"column":69}},"193":{"start":{"line":833,"column":21},"end":{"line":839,"column":20}},"194":{"start":{"line":841,"column":6},"end":{"line":845,"column":9}},"195":{"start":{"line":848,"column":4},"end":{"line":867,"column":6}},"196":{"start":{"line":849,"column":37},"end":{"line":853,"column":8}},"197":{"start":{"line":854,"column":41},"end":{"line":859,"column":8}},"198":{"start":{"line":860,"column":53},"end":{"line":864,"column":8}},"199":{"start":{"line":874,"column":22},"end":{"line":874,"column":54}},"200":{"start":{"line":877,"column":25},"end":{"line":883,"column":19}},"201":{"start":{"line":886,"column":23},"end":{"line":892,"column":19}},"202":{"start":{"line":895,"column":22},"end":{"line":895,"column":64}},"203":{"start":{"line":896,"column":27},"end":{"line":902,"column":19}},"204":{"start":{"line":904,"column":28},"end":{"line":910,"column":19}},"205":{"start":{"line":912,"column":27},"end":{"line":912,"column":76}},"206":{"start":{"line":912,"column":57},"end":{"line":912,"column":74}},"207":{"start":{"line":913,"column":25},"end":{"line":913,"column":88}},"208":{"start":{"line":913,"column":53},"end":{"line":913,"column":86}},"209":{"start":{"line":914,"column":24},"end":{"line":914,"column":91}},"210":{"start":{"line":914,"column":56},"end":{"line":914,"column":89}},"211":{"start":{"line":915,"column":25},"end":{"line":915,"column":93}},"212":{"start":{"line":915,"column":58},"end":{"line":915,"column":91}},"213":{"start":{"line":917,"column":4},"end":{"line":936,"column":7}},"214":{"start":{"line":918,"column":25},"end":{"line":918,"column":55}},"215":{"start":{"line":919,"column":19},"end":{"line":919,"column":50}},"216":{"start":{"line":920,"column":6},"end":{"line":935,"column":8}},"217":{"start":{"line":950,"column":16},"end":{"line":950,"column":60}},"218":{"start":{"line":952,"column":4},"end":{"line":957,"column":5}},"219":{"start":{"line":953,"column":6},"end":{"line":956,"column":8}},"220":{"start":{"line":959,"column":4},"end":{"line":963,"column":5}},"221":{"start":{"line":960,"column":6},"end":{"line":960,"column":56}},"222":{"start":{"line":961,"column":11},"end":{"line":963,"column":5}},"223":{"start":{"line":962,"column":6},"end":{"line":962,"column":57}},"224":{"start":{"line":965,"column":18},"end":{"line":965,"column":40}},"225":{"start":{"line":966,"column":18},"end":{"line":966,"column":42}},"226":{"start":{"line":969,"column":23},"end":{"line":972,"column":125}},"227":{"start":{"line":975,"column":4},"end":{"line":996,"column":5}},"228":{"start":{"line":976,"column":6},"end":{"line":985,"column":46}},"229":{"start":{"line":978,"column":22},"end":{"line":982,"column":44}},"230":{"start":{"line":988,"column":51},"end":{"line":993,"column":8}},"231":{"start":{"line":994,"column":26},"end":{"line":994,"column":65}},"232":{"start":{"line":995,"column":6},"end":{"line":995,"column":66}},"233":{"start":{"line":998,"column":20},"end":{"line":1001,"column":16}},"234":{"start":{"line":1004,"column":22},"end":{"line":1004,"column":44}},"235":{"start":{"line":1004,"column":39},"end":{"line":1004,"column":43}},"236":{"start":{"line":1005,"column":21},"end":{"line":1008,"column":16}},"237":{"start":{"line":1010,"column":29},"end":{"line":1010,"column":63}},"238":{"start":{"line":1011,"column":4},"end":{"line":1015,"column":7}},"239":{"start":{"line":1012,"column":23},"end":{"line":1012,"column":61}},"240":{"start":{"line":1013,"column":6},"end":{"line":1013,"column":23}},"241":{"start":{"line":1014,"column":6},"end":{"line":1014,"column":49}},"242":{"start":{"line":1017,"column":4},"end":{"line":1034,"column":6}},"243":{"start":{"line":1018,"column":33},"end":{"line":1031,"column":8}},"244":{"start":{"line":1025,"column":71},"end":{"line":1029,"column":10}},"245":{"start":{"line":1030,"column":70},"end":{"line":1030,"column":80}},"246":{"start":{"line":1041,"column":19},"end":{"line":1041,"column":77}},"247":{"start":{"line":1042,"column":4},"end":{"line":1042,"column":29}},"248":{"start":{"line":1042,"column":17},"end":{"line":1042,"column":29}},"249":{"start":{"line":1044,"column":21},"end":{"line":1047,"column":6}},"250":{"start":{"line":1050,"column":22},"end":{"line":1052,"column":6}},"251":{"start":{"line":1055,"column":23},"end":{"line":1057,"column":6}},"252":{"start":{"line":1059,"column":4},"end":{"line":1074,"column":6}},"253":{"start":{"line":1061,"column":43},"end":{"line":1068,"column":8}},"254":{"start":{"line":1072,"column":44},"end":{"line":1072,"column":54}},"255":{"start":{"line":1081,"column":19},"end":{"line":1081,"column":77}},"256":{"start":{"line":1082,"column":4},"end":{"line":1082,"column":29}},"257":{"start":{"line":1082,"column":17},"end":{"line":1082,"column":29}},"258":{"start":{"line":1084,"column":4},"end":{"line":1084,"column":57}},"259":{"start":{"line":1084,"column":33},"end":{"line":1084,"column":57}},"260":{"start":{"line":1085,"column":4},"end":{"line":1085,"column":69}},"261":{"start":{"line":1085,"column":37},"end":{"line":1085,"column":69}},"262":{"start":{"line":1087,"column":4},"end":{"line":1087,"column":40}},"263":{"start":{"line":1094,"column":19},"end":{"line":1094,"column":77}},"264":{"start":{"line":1095,"column":4},"end":{"line":1095,"column":29}},"265":{"start":{"line":1095,"column":17},"end":{"line":1095,"column":29}},"266":{"start":{"line":1097,"column":4},"end":{"line":1097,"column":39}},"267":{"start":{"line":1098,"column":4},"end":{"line":1098,"column":40}},"268":{"start":{"line":1105,"column":20},"end":{"line":1105,"column":87}},"269":{"start":{"line":1106,"column":4},"end":{"line":1106,"column":30}},"270":{"start":{"line":1106,"column":18},"end":{"line":1106,"column":30}},"271":{"start":{"line":1108,"column":4},"end":{"line":1108,"column":88}},"272":{"start":{"line":1108,"column":43},"end":{"line":1108,"column":88}},"273":{"start":{"line":1109,"column":4},"end":{"line":1109,"column":70}},"274":{"start":{"line":1109,"column":37},"end":{"line":1109,"column":70}},"275":{"start":{"line":1111,"column":4},"end":{"line":1111,"column":49}},"276":{"start":{"line":1118,"column":23},"end":{"line":1123,"column":6}},"277":{"start":{"line":1125,"column":16},"end":{"line":1125,"column":26}},"278":{"start":{"line":1126,"column":27},"end":{"line":1126,"column":73}},"279":{"start":{"line":1127,"column":27},"end":{"line":1127,"column":77}},"280":{"start":{"line":1128,"column":25},"end":{"line":1128,"column":71}},"281":{"start":{"line":1131,"column":33},"end":{"line":1136,"column":19}},"282":{"start":{"line":1138,"column":21},"end":{"line":1138,"column":22}},"283":{"start":{"line":1139,"column":4},"end":{"line":1141,"column":7}},"284":{"start":{"line":1140,"column":6},"end":{"line":1140,"column":86}},"285":{"start":{"line":1144,"column":29},"end":{"line":1149,"column":6}},"286":{"start":{"line":1155,"column":34},"end":{"line":1158,"column":60}},"287":{"start":{"line":1157,"column":21},"end":{"line":1157,"column":38}},"288":{"start":{"line":1158,"column":28},"end":{"line":1158,"column":51}},"289":{"start":{"line":1161,"column":35},"end":{"line":1161,"column":50}},"290":{"start":{"line":1163,"column":4},"end":{"line":1174,"column":6}},"291":{"start":{"line":1168,"column":60},"end":{"line":1173,"column":8}},"292":{"start":{"line":1172,"column":92},"end":{"line":1172,"column":115}},"293":{"start":{"line":88,"column":13},"end":{"line":88,"column":25}},"294":{"start":{"line":88,"column":13},"end":{"line":1176,"column":null}}},"fnMap":{"0":{"name":"(anonymous_4)","decl":{"start":{"line":91,"column":2},"end":{"line":91,"column":null}},"loc":{"start":{"line":103,"column":67},"end":{"line":104,"column":6}}},"1":{"name":"(anonymous_5)","decl":{"start":{"line":109,"column":2},"end":{"line":109,"column":7}},"loc":{"start":{"line":109,"column":25},"end":{"line":221,"column":3}}},"2":{"name":"(anonymous_6)","decl":{"start":{"line":144,"column":30},"end":{"line":144,"column":31}},"loc":{"start":{"line":144,"column":36},"end":{"line":146,"column":5}}},"3":{"name":"(anonymous_7)","decl":{"start":{"line":204,"column":34},"end":{"line":204,"column":35}},"loc":{"start":{"line":204,"column":42},"end":{"line":204,"column":88}}},"4":{"name":"(anonymous_8)","decl":{"start":{"line":209,"column":44},"end":{"line":209,"column":45}},"loc":{"start":{"line":209,"column":52},"end":{"line":212,"column":10}}},"5":{"name":"(anonymous_9)","decl":{"start":{"line":226,"column":2},"end":{"line":226,"column":7}},"loc":{"start":{"line":226,"column":43},"end":{"line":252,"column":3}}},"6":{"name":"(anonymous_10)","decl":{"start":{"line":257,"column":2},"end":{"line":257,"column":7}},"loc":{"start":{"line":257,"column":43},"end":{"line":279,"column":3}}},"7":{"name":"(anonymous_11)","decl":{"start":{"line":284,"column":2},"end":{"line":284,"column":7}},"loc":{"start":{"line":290,"column":38},"end":{"line":348,"column":3}}},"8":{"name":"(anonymous_12)","decl":{"start":{"line":318,"column":30},"end":{"line":318,"column":31}},"loc":{"start":{"line":318,"column":37},"end":{"line":318,"column":41}}},"9":{"name":"(anonymous_13)","decl":{"start":{"line":327,"column":50},"end":{"line":327,"column":51}},"loc":{"start":{"line":327,"column":57},"end":{"line":327,"column":86}}},"10":{"name":"(anonymous_14)","decl":{"start":{"line":330,"column":23},"end":{"line":330,"column":24}},"loc":{"start":{"line":330,"column":31},"end":{"line":344,"column":8}}},"11":{"name":"(anonymous_15)","decl":{"start":{"line":353,"column":2},"end":{"line":353,"column":7}},"loc":{"start":{"line":353,"column":37},"end":{"line":379,"column":3}}},"12":{"name":"(anonymous_16)","decl":{"start":{"line":375,"column":40},"end":{"line":375,"column":41}},"loc":{"start":{"line":375,"column":47},"end":{"line":375,"column":57}}},"13":{"name":"(anonymous_17)","decl":{"start":{"line":376,"column":48},"end":{"line":376,"column":49}},"loc":{"start":{"line":376,"column":55},"end":{"line":376,"column":65}}},"14":{"name":"(anonymous_18)","decl":{"start":{"line":384,"column":2},"end":{"line":384,"column":7}},"loc":{"start":{"line":384,"column":53},"end":{"line":392,"column":3}}},"15":{"name":"(anonymous_19)","decl":{"start":{"line":397,"column":2},"end":{"line":397,"column":7}},"loc":{"start":{"line":397,"column":53},"end":{"line":405,"column":3}}},"16":{"name":"(anonymous_20)","decl":{"start":{"line":410,"column":2},"end":{"line":410,"column":7}},"loc":{"start":{"line":410,"column":32},"end":{"line":452,"column":3}}},"17":{"name":"(anonymous_21)","decl":{"start":{"line":427,"column":30},"end":{"line":427,"column":31}},"loc":{"start":{"line":427,"column":36},"end":{"line":429,"column":5}}},"18":{"name":"(anonymous_22)","decl":{"start":{"line":432,"column":45},"end":{"line":432,"column":46}},"loc":{"start":{"line":432,"column":52},"end":{"line":432,"column":69}}},"19":{"name":"(anonymous_23)","decl":{"start":{"line":434,"column":14},"end":{"line":434,"column":15}},"loc":{"start":{"line":434,"column":21},"end":{"line":434,"column":38}}},"20":{"name":"(anonymous_24)","decl":{"start":{"line":435,"column":14},"end":{"line":435,"column":15}},"loc":{"start":{"line":435,"column":26},"end":{"line":435,"column":49}}},"21":{"name":"(anonymous_25)","decl":{"start":{"line":442,"column":47},"end":{"line":442,"column":48}},"loc":{"start":{"line":442,"column":55},"end":{"line":446,"column":8}}},"22":{"name":"(anonymous_26)","decl":{"start":{"line":457,"column":2},"end":{"line":457,"column":7}},"loc":{"start":{"line":457,"column":23},"end":{"line":498,"column":3}}},"23":{"name":"(anonymous_27)","decl":{"start":{"line":493,"column":45},"end":{"line":493,"column":46}},"loc":{"start":{"line":493,"column":51},"end":{"line":496,"column":8}}},"24":{"name":"(anonymous_28)","decl":{"start":{"line":503,"column":2},"end":{"line":503,"column":7}},"loc":{"start":{"line":503,"column":29},"end":{"line":587,"column":3}}},"25":{"name":"(anonymous_29)","decl":{"start":{"line":517,"column":47},"end":{"line":517,"column":48}},"loc":{"start":{"line":517,"column":52},"end":{"line":517,"column":81}}},"26":{"name":"(anonymous_30)","decl":{"start":{"line":525,"column":28},"end":{"line":525,"column":29}},"loc":{"start":{"line":525,"column":40},"end":{"line":525,"column":69}}},"27":{"name":"(anonymous_31)","decl":{"start":{"line":529,"column":37},"end":{"line":529,"column":38}},"loc":{"start":{"line":529,"column":42},"end":{"line":529,"column":65}}},"28":{"name":"(anonymous_32)","decl":{"start":{"line":534,"column":12},"end":{"line":534,"column":13}},"loc":{"start":{"line":534,"column":22},"end":{"line":534,"column":71}}},"29":{"name":"(anonymous_33)","decl":{"start":{"line":536,"column":11},"end":{"line":536,"column":12}},"loc":{"start":{"line":536,"column":17},"end":{"line":545,"column":8}}},"30":{"name":"(anonymous_34)","decl":{"start":{"line":549,"column":25},"end":{"line":549,"column":26}},"loc":{"start":{"line":549,"column":29},"end":{"line":552,"column":5}}},"31":{"name":"(anonymous_35)","decl":{"start":{"line":556,"column":25},"end":{"line":556,"column":26}},"loc":{"start":{"line":556,"column":29},"end":{"line":558,"column":5}}},"32":{"name":"(anonymous_36)","decl":{"start":{"line":571,"column":13},"end":{"line":571,"column":14}},"loc":{"start":{"line":571,"column":33},"end":{"line":571,"column":48}}},"33":{"name":"(anonymous_37)","decl":{"start":{"line":572,"column":14},"end":{"line":572,"column":15}},"loc":{"start":{"line":572,"column":24},"end":{"line":572,"column":41}}},"34":{"name":"(anonymous_38)","decl":{"start":{"line":575,"column":13},"end":{"line":575,"column":14}},"loc":{"start":{"line":575,"column":35},"end":{"line":575,"column":52}}},"35":{"name":"(anonymous_39)","decl":{"start":{"line":576,"column":14},"end":{"line":576,"column":15}},"loc":{"start":{"line":576,"column":24},"end":{"line":576,"column":41}}},"36":{"name":"(anonymous_40)","decl":{"start":{"line":578,"column":50},"end":{"line":578,"column":51}},"loc":{"start":{"line":578,"column":56},"end":{"line":585,"column":8}}},"37":{"name":"(anonymous_41)","decl":{"start":{"line":592,"column":2},"end":{"line":592,"column":7}},"loc":{"start":{"line":592,"column":21},"end":{"line":638,"column":3}}},"38":{"name":"(anonymous_42)","decl":{"start":{"line":643,"column":2},"end":{"line":643,"column":7}},"loc":{"start":{"line":643,"column":32},"end":{"line":760,"column":3}}},"39":{"name":"(anonymous_43)","decl":{"start":{"line":680,"column":56},"end":{"line":680,"column":57}},"loc":{"start":{"line":680,"column":61},"end":{"line":680,"column":69}}},"40":{"name":"(anonymous_44)","decl":{"start":{"line":684,"column":28},"end":{"line":684,"column":29}},"loc":{"start":{"line":684,"column":32},"end":{"line":690,"column":5}}},"41":{"name":"(anonymous_45)","decl":{"start":{"line":745,"column":41},"end":{"line":745,"column":42}},"loc":{"start":{"line":745,"column":47},"end":{"line":748,"column":8}}},"42":{"name":"(anonymous_46)","decl":{"start":{"line":749,"column":49},"end":{"line":749,"column":50}},"loc":{"start":{"line":749,"column":55},"end":{"line":752,"column":8}}},"43":{"name":"(anonymous_47)","decl":{"start":{"line":753,"column":37},"end":{"line":753,"column":38}},"loc":{"start":{"line":753,"column":43},"end":{"line":758,"column":8}}},"44":{"name":"(anonymous_48)","decl":{"start":{"line":765,"column":2},"end":{"line":765,"column":7}},"loc":{"start":{"line":765,"column":42},"end":{"line":868,"column":3}}},"45":{"name":"(anonymous_49)","decl":{"start":{"line":815,"column":23},"end":{"line":815,"column":28}},"loc":{"start":{"line":815,"column":37},"end":{"line":823,"column":7}}},"46":{"name":"(anonymous_50)","decl":{"start":{"line":849,"column":31},"end":{"line":849,"column":32}},"loc":{"start":{"line":849,"column":37},"end":{"line":853,"column":8}}},"47":{"name":"(anonymous_51)","decl":{"start":{"line":854,"column":35},"end":{"line":854,"column":36}},"loc":{"start":{"line":854,"column":41},"end":{"line":859,"column":8}}},"48":{"name":"(anonymous_52)","decl":{"start":{"line":860,"column":47},"end":{"line":860,"column":48}},"loc":{"start":{"line":860,"column":53},"end":{"line":864,"column":8}}},"49":{"name":"(anonymous_53)","decl":{"start":{"line":873,"column":2},"end":{"line":873,"column":7}},"loc":{"start":{"line":873,"column":25},"end":{"line":937,"column":3}}},"50":{"name":"(anonymous_54)","decl":{"start":{"line":912,"column":52},"end":{"line":912,"column":53}},"loc":{"start":{"line":912,"column":57},"end":{"line":912,"column":74}}},"51":{"name":"(anonymous_55)","decl":{"start":{"line":913,"column":48},"end":{"line":913,"column":49}},"loc":{"start":{"line":913,"column":53},"end":{"line":913,"column":86}}},"52":{"name":"(anonymous_56)","decl":{"start":{"line":914,"column":51},"end":{"line":914,"column":52}},"loc":{"start":{"line":914,"column":56},"end":{"line":914,"column":89}}},"53":{"name":"(anonymous_57)","decl":{"start":{"line":915,"column":53},"end":{"line":915,"column":54}},"loc":{"start":{"line":915,"column":58},"end":{"line":915,"column":91}}},"54":{"name":"(anonymous_58)","decl":{"start":{"line":917,"column":25},"end":{"line":917,"column":35}},"loc":{"start":{"line":917,"column":38},"end":{"line":936,"column":5}}},"55":{"name":"(anonymous_59)","decl":{"start":{"line":942,"column":2},"end":{"line":942,"column":7}},"loc":{"start":{"line":948,"column":37},"end":{"line":1035,"column":3}}},"56":{"name":"(anonymous_60)","decl":{"start":{"line":978,"column":10},"end":{"line":978,"column":18}},"loc":{"start":{"line":978,"column":22},"end":{"line":982,"column":44}}},"57":{"name":"(anonymous_61)","decl":{"start":{"line":1004,"column":34},"end":{"line":1004,"column":35}},"loc":{"start":{"line":1004,"column":39},"end":{"line":1004,"column":43}}},"58":{"name":"(anonymous_62)","decl":{"start":{"line":1011,"column":21},"end":{"line":1011,"column":22}},"loc":{"start":{"line":1011,"column":25},"end":{"line":1015,"column":5}}},"59":{"name":"(anonymous_63)","decl":{"start":{"line":1018,"column":27},"end":{"line":1018,"column":28}},"loc":{"start":{"line":1018,"column":33},"end":{"line":1031,"column":8}}},"60":{"name":"(anonymous_64)","decl":{"start":{"line":1025,"column":65},"end":{"line":1025,"column":66}},"loc":{"start":{"line":1025,"column":71},"end":{"line":1029,"column":10}}},"61":{"name":"(anonymous_65)","decl":{"start":{"line":1030,"column":65},"end":{"line":1030,"column":66}},"loc":{"start":{"line":1030,"column":70},"end":{"line":1030,"column":80}}},"62":{"name":"(anonymous_66)","decl":{"start":{"line":1040,"column":2},"end":{"line":1040,"column":7}},"loc":{"start":{"line":1040,"column":41},"end":{"line":1075,"column":3}}},"63":{"name":"(anonymous_67)","decl":{"start":{"line":1061,"column":37},"end":{"line":1061,"column":38}},"loc":{"start":{"line":1061,
[...]
backend/src/user/user.service.ts": {"path":"/Users/jongkwankim/my-work/c-s-s/backend/src/user/user.service.ts","statementMap":{"0":{"start":{"line":1,"column":0},"end":{"line":1,"column":44}},"1":{"start":{"line":2,"column":0},"end":{"line":2,"column":51}},"2":{"start":{"line":4,"column":0},"end":{"line":4,"column":70}},"3":{"start":{"line":7,"column":7},"end":{"line":75,"column":null}},"4":{"start":{"line":8,"column":31},"end":{"line":8,"column":41}},"5":{"start":{"line":11,"column":4},"end":{"line":11,"column":54}},"6":{"start":{"line":15,"column":4},"end":{"line":15,"column":38}},"7":{"start":{"line":19,"column":4},"end":{"line":19,"column":62}},"8":{"start":{"line":23,"column":21},"end":{"line":23,"column":69}},"9":{"start":{"line":24,"column":4},"end":{"line":26,"column":5}},"10":{"start":{"line":25,"column":6},"end":{"line":25,"column":57}},"11":{"start":{"line":27,"column":4},"end":{"line":33,"column":7}},"12":{"start":{"line":37,"column":4},"end":{"line":37,"column":46}},"13":{"start":{"line":41,"column":20},"end":{"line":41,"column":64}},"14":{"start":{"line":42,"column":4},"end":{"line":42,"column":19}},"15":{"start":{"line":46,"column":19},"end":{"line":46,"column":53}},"16":{"start":{"line":47,"column":4},"end":{"line":47,"column":44}},"17":{"start":{"line":47,"column":32},"end":{"line":47,"column":44}},"18":{"start":{"line":48,"column":24},"end":{"line":48,"column":73}},"19":{"start":{"line":48,"column":50},"end":{"line":48,"column":60}},"20":{"start":{"line":49,"column":4},"end":{"line":49,"column":41}},"21":{"start":{"line":53,"column":19},"end":{"line":53,"column":53}},"22":{"start":{"line":54,"column":4},"end":{"line":54,"column":48}},"23":{"start":{"line":54,"column":36},"end":{"line":54,"column":48}},"24":{"start":{"line":55,"column":28},"end":{"line":55,"column":81}},"25":{"start":{"line":55,"column":58},"end":{"line":55,"column":68}},"26":{"start":{"line":56,"column":4},"end":{"line":56,"column":49}},"27":{"start":{"line":60,"column":19},"end":{"line":60,"column":53}},"28":{"start":{"line":61,"column":4},"end":{"line":61,"column":47}},"29":{"start":{"line":61,"column":35},"end":{"line":61,"column":47}},"30":{"start":{"line":62,"column":18},"end":{"line":62,"column":56}},"31":{"start":{"line":63,"column":22},"end":{"line":63,"column":69}},"32":{"start":{"line":64,"column":4},"end":{"line":66,"column":5}},"33":{"start":{"line":65,"column":6},"end":{"line":65,"column":18}},"34":{"start":{"line":67,"column":4},"end":{"line":67,"column":53}},"35":{"start":{"line":71,"column":4},"end":{"line":71,"column":36}},"36":{"start":{"line":71,"column":23},"end":{"line":71,"column":36}},"37":{"start":{"line":72,"column":4},"end":{"line":72,"column":38}},"38":{"start":{"line":72,"column":26},"end":{"line":72,"column":38}},"39":{"start":{"line":73,"column":4},"end":{"line":73,"column":40}},"40":{"start":{"line":7,"column":13},"end":{"line":7,"column":24}},"41":{"start":{"line":7,"column":13},"end":{"line":75,"column":null}}},"fnMap":{"0":{"name":"(anonymous_2)","decl":{"start":{"line":8,"column":2},"end":{"line":8,"column":31}},"loc":{"start":{"line":8,"column":55},"end":{"line":8,"column":59}}},"1":{"name":"(anonymous_3)","decl":{"start":{"line":10,"column":2},"end":{"line":10,"column":7}},"loc":{"start":{"line":10,"column":42},"end":{"line":12,"column":3}}},"2":{"name":"(anonymous_4)","decl":{"start":{"line":14,"column":2},"end":{"line":14,"column":7}},"loc":{"start":{"line":14,"column":26},"end":{"line":16,"column":3}}},"3":{"name":"(anonymous_5)","decl":{"start":{"line":18,"column":2},"end":{"line":18,"column":7}},"loc":{"start":{"line":18,"column":50},"end":{"line":20,"column":3}}},"4":{"name":"(anonymous_6)","decl":{"start":{"line":22,"column":2},"end":{"line":22,"column":7}},"loc":{"start":{"line":22,"column":66},"end":{"line":34,"column":3}}},"5":{"name":"(anonymous_7)","decl":{"start":{"line":36,"column":2},"end":{"line":36,"column":7}},"loc":{"start":{"line":36,"column":50},"end":{"line":38,"column":3}}},"6":{"name":"(anonymous_8)","decl":{"start":{"line":40,"column":2},"end":{"line":40,"column":7}},"loc":{"start":{"line":40,"column":30},"end":{"line":43,"column":3}}},"7":{"name":"(anonymous_9)","decl":{"start":{"line":45,"column":2},"end":{"line":45,"column":12}},"loc":{"start":{"line":45,"column":23},"end":{"line":50,"column":3}}},"8":{"name":"(anonymous_10)","decl":{"start":{"line":48,"column":43},"end":{"line":48,"column":44}},"loc":{"start":{"line":48,"column":50},"end":{"line":48,"column":60}}},"9":{"name":"(anonymous_11)","decl":{"start":{"line":52,"column":2},"end":{"line":52,"column":16}},"loc":{"start":{"line":52,"column":27},"end":{"line":57,"column":3}}},"10":{"name":"(anonymous_12)","decl":{"start":{"line":55,"column":51},"end":{"line":55,"column":52}},"loc":{"start":{"line":55,"column":58},"end":{"line":55,"column":68}}},"11":{"name":"(anonymous_13)","decl":{"start":{"line":59,"column":2},"end":{"line":59,"column":14}},"loc":{"start":{"line":59,"column":25},"end":{"line":68,"column":3}}},"12":{"name":"(anonymous_14)","decl":{"start":{"line":70,"column":2},"end":{"line":70,"column":18}},"loc":{"start":{"line":70,"column":29},"end":{"line":74,"column":3}}}},"branchMap":{"0":{"loc":{"start":{"line":24,"column":4},"end":{"line":26,"column":5}},"type":"if","locations":[{"start":{"line":24,"column":4},"end":{"line":26,"column":5}},{"start":{},"end":{}}]},"1":{"loc":{"start":{"line":47,"column":4},"end":{"line":47,"column":44}},"type":"if","locations":[{"start":{"line":47,"column":4},"end":{"line":47,"column":44}},{"start":{},"end":{}}]},"2":{"loc":{"start":{"line":48,"column":24},"end":{"line":48,"column":73}},"type":"binary-expr","locations":[{"start":{"line":48,"column":24},"end":{"line":48,"column":68}},{"start":{"line":48,"column":72},"end":{"line":48,"column":73}}]},"3":{"loc":{"start":{"line":54,"column":4},"end":{"line":54,"column":48}},"type":"if","locations":[{"start":{"line":54,"column":4},"end":{"line":54,"column":48}},{"start":{},"end":{}}]},"4":{"loc":{"start":{"line":55,"column":28},"end":{"line":55,"column":81}},"type":"binary-expr","locations":[{"start":{"line":55,"column":28},"end":{"line":55,"column":76}},{"start":{"line":55,"column":80},"end":{"line":55,"column":81}}]},"5":{"loc":{"start":{"line":61,"column":4},"end":{"line":61,"column":47}},"type":"if","locations":[{"start":{"line":61,"column":4},"end":{"line":61,"column":47}},{"start":{},"end":{}}]},"6":{"loc":{"start":{"line":64,"column":4},"end":{"line":66,"column":5}},"type":"if","locations":[{"start":{"line":64,"column":4},"end":{"line":66,"column":5}},{"start":{},"end":{}}]},"7":{"loc":{"start":{"line":71,"column":4},"end":{"line":71,"column":36}},"type":"if","locations":[{"start":{"line":71,"column":4},"end":{"line":71,"column":36}},{"start":{},"end":{}}]},"8":{"loc":{"start":{"line":72,"column":4},"end":{"line":72,"column":38}},"type":"if","locations":[{"start":{"line":72,"column":4},"end":{"line":72,"column":38}},{"start":{},"end":{}}]},"9":{"loc":{"start":{"line":8,"column":41},"end":{"line":8,"column":58}},"type":"cond-expr","locations":[{"start":{"line":8,"column":55},"end":{"line":8,"column":58}},{"start":{"line":8,"column":55},"end":{"line":8,"column":58}}]},"10":{"loc":{"start":{"line":8,"column":41},"end":{"line":8,"column":55}},"type":"binary-expr","locations":[{"start":{"line":8,"column":41},"end":{"line":8,"column":58}},{"start":{"line":8,"column":41},"end":{"line":8,"column":55}}]}},"s":{"0":6,"1":6,"2":6,"3":6,"4":19,"5":5,"6":3,"7":0,"8":8,"9":8,"10":4,"11":4,"12":2,"13":0,"14":0,"15":0,"16":0,"17":0,"18":0,"19":0,"20":0,"21":0,"22":0,"23":0,"24":0,"25":0,"26":0,"27":0,"28":0,"29":0,"30":0,"31":0,"32":0,"33":0,"34":0,"35":0,"36":0,"37":0,"38":0,"39":0,"40":6,"41":6},"f":{"0":19,"1":5,"2":3,"3":0,"4":8,"5":2,"6":0,"7":0,"8":0,"9":0,"10":0,"11":0,"12":0},"b":{"0":[4,4],"1":[0,0],"2":[0,0],"3":[0,0],"4":[0,0],"5":[0,0],"6":[0,0],"7":[0,0],"8":[0,0],"9":[6,0],"10":[6,6]}}
,"/Users/jongkwankim/my-work/c-s-s/backend/src/webhook/webhook.controller.ts": {"path":"/Users/jongkwankim/my-work/c-s-s/backend/src/webhook/webhook.controller.ts","statementMap":{"0":{"start":{"line":1,"column":0},"end":{"line":1,"column":null}},"1":{"start":{"line":10,"column":0},"end":{"line":10,"column":51}},"2":{"start":{"line":11,"column":0},"end":{"line":11,"column":57}},"3":{"start":{"line":12,"column":0},"end":{"line":12,"column":33}},"4":{"start":{"line":15,"column":7},"end":{"line":60,"column":null}},"5":{"start":{"line":17,"column":21},"end":{"line":17,"column":37}},"6":{"start":{"line":18,"column":21},"end":{"line":18,"column":29}},"7":{"start":{"line":23,"column":4},"end":{"line":23,"column":28}},"8":{"start":{"line":30,"column":4},"end":{"line":30,"column":30}},"9":{"start":{"line":39,"column":4},"end":{"line":41,"column":5}},"10":{"start":{"line":40,"column":6},"end":{"line":40,"column":43}},"11":{"start":{"line":44,"column":30},"end":{"line":47,"column":20}},"12":{"start":{"line":49,"column":4},"end":{"line":51,"column":5}},"13":{"start":{"line":50,"column":6},"end":{"line":50,"column":43}},"14":{"start":{"line":53,"column":22},"end":{"line":53,"column":43}},"15":{"start":{"line":54,"column":4},"end":{"line":56,"column":5}},"16":{"start":{"line":55,"column":6},"end":{"line":55,"column":75}},"17":{"start":{"line":58,"column":4},"end":{"line":58,"column":30}},"18":{"start":{"line":15,"column":13},"end":{"line":15,"column":30}},"19":{"start":{"line":22,"column":2},"end":{"line":24,"column":null}},"20":{"start":{"line":28,"column":8},"end":{"line":31,"column":null}},"21":{"start":{"line":35,"column":8},"end":{"line":59,"column":null}},"22":{"start":{"line":15,"column":13},"end":{"line":60,"column":null}}},"fnMap":{"0":{"name":"(anonymous_13)","decl":{"start":{"line":16,"column":2},"end":{"line":16,"column":null}},"loc":{"start":{"line":18,"column":42},"end":{"line":19,"column":6}}},"1":{"name":"(anonymous_14)","decl":{"start":{"line":22,"column":2},"end":{"line":22,"column":8}},"loc":{"start":{"line":22,"column":8},"end":{"line":24,"column":3}}},"2":{"name":"(anonymous_15)","decl":{"start":{"line":28,"column":8},"end":{"line":28,"column":23}},"loc":{"start":{"line":28,"column":41},"end":{"line":31,"column":3}}},"3":{"name":"(anonymous_16)","decl":{"start":{"line":35,"column":8},"end":{"line":35,"column":27}},"loc":{"start":{"line":37,"column":45},"end":{"line":59,"column":3}}}},"branchMap":{"0":{"loc":{"start":{"line":39,"column":4},"end":{"line":41,"column":5}},"type":"if","locations":[{"start":{"line":39,"column":4},"end":{"line":41,"column":5}},{"start":{},"end":{}}]},"1":{"loc":{"start":{"line":49,"column":4},"end":{"line":51,"column":5}},"type":"if","locations":[{"start":{"line":49,"column":4},"end":{"line":51,"column":5}},{"start":{},"end":{}}]},"2":{"loc":{"start":{"line":54,"column":4},"end":{"line":56,"column":5}},"type":"if","locations":[{"start":{"line":54,"column":4},"end":{"line":56,"column":5}},{"start":{},"end":{}}]},"3":{"loc":{"start":{"line":17,"column":37},"end":{"line":17,"column":null}},"type":"cond-expr","locations":[{"start":{"line":17,"column":51},"end":{"line":17,"column":null}},{"start":{"line":17,"column":51},"end":{"line":17,"column":null}}]},"4":{"loc":{"start":{"line":17,"column":37},"end":{"line":17,"column":51}},"type":"binary-expr","locations":[{"start":{"line":17,"column":37},"end":{"line":17,"column":null}},{"start":{"line":17,"column":37},"end":{"line":17,"column":51}}]},"5":{"loc":{"start":{"line":17,"column":51},"end":{"line":18,"column":null}},"type":"cond-expr","locations":[{"start":{"line":18,"column":42},"end":{"line":18,"column":null}},{"start":{"line":18,"column":42},"end":{"line":18,"column":null}}]},"6":{"loc":{"start":{"line":17,"column":51},"end":{"line":18,"column":42}},"type":"binary-expr","locations":[{"start":{"line":17,"column":51},"end":{"line":18,"column":null}},{"start":{"line":18,"column":29},"end":{"line":18,"column":42}}]}},"s":{"0":0,"1":0,"2":0,"3":0,"4":0,"5":0,"6":0,"7":0,"8":0,"9":0,"10":0,"11":0,"12":0,"13":0,"14":0,"15":0,"16":0,"17":0,"18":0,"19":0,"20":0,"21":0,"22":0},"f":{"0":0,"1":0,"2":0,"3":0},"b":{"0":[0,0],"1":[0,0],"2":[0,0],"3":[0,0],"4":[0,0],"5":[0,0],"6":[0,0]}}
,"/Users/jongkwankim/my-work/c-s-s/backend/src/webhook/webhook.module.ts": {"path":"/Users/jongkwankim/my-work/c-s-s/backend/src/webhook/webhook.module.ts","statementMap":{"0":{"start":{"line":1,"column":0},"end":{"line":1,"column":40}},"1":{"start":{"line":2,"column":0},"end":{"line":2,"column":57}},"2":{"start":{"line":3,"column":0},"end":{"line":3,"column":51}},"3":{"start":{"line":4,"column":0},"end":{"line":4,"column":49}},"4":{"start":{"line":5,"column":0},"end":{"line":5,"column":55}},"5":{"start":{"line":12,"column":7},"end":{"line":12,"column":null}},"6":{"start":{"line":12,"column":13},"end":{"line":12,"column":26}},"7":{"start":{"line":12,"column":13},"end":{"line":12,"column":null}}},"fnMap":{},"branchMap":{},"s":{"0":0,"1":0,"2":0,"3":0,"4":0,"5":0,"6":0,"7":0},"f":{},"b":{}}
,"/Users/jongkwankim/my-work/c-s-s/backend/src/webhook/webhook.service.ts": {"path":"/Users/jongkwankim/my-work/c-s-s/backend/src/webhook/webhook.service.ts","statementMap":{"0":{"start":{"line":1,"column":0},"end":{"line":1,"column":52}},"1":{"start":{"line":2,"column":0},"end":{"line":2,"column":51}},"2":{"start":{"line":3,"column":0},"end":{"line":3,"column":57}},"3":{"start":{"line":4,"column":0},"end":{"line":4,"column":47}},"4":{"start":{"line":7,"column":27},"end":{"line":84,"column":null}},"5":{"start":{"line":8,"column":28},"end":{"line":8,"column":59}},"6":{"start":{"line":11,"column":21},"end":{"line":11,"column":34}},"7":{"start":{"line":12,"column":21},"end":{"line":12,"column":29}},"8":{"start":{"line":16,"column":4},"end":{"line":16,"column":59}},"9":{"start":{"line":18,"column":27},"end":{"line":18,"column":43}},"10":{"start":{"line":19,"column":4},"end":{"line":22,"column":5}},"11":{"start":{"line":20,"column":6},"end":{"line":20,"column":64}},"12":{"start":{"line":21,"column":6},"end":{"line":21,"column":13}},"13":{"start":{"line":24,"column":17},"end":{"line":24,"column":75}},"14":{"start":{"line":25,"column":4},"end":{"line":28,"column":5}},"15":{"start":{"line":26,"column":6},"end":{"line":26,"column":77}},"16":{"start":{"line":27,"column":6},"end":{"line":27,"column":13}},"17":{"start":{"line":30,"column":4},"end":{"line":43,"column":5}},"18":{"start":{"line":34,"column":8},"end":{"line":34,"column":62}},"19":{"start":{"line":35,"column":8},"end":{"line":35,"column":14}},"20":{"start":{"line":39,"column":8},"end":{"line":39,"column":64}},"21":{"start":{"line":40,"column":8},"end":{"line":40,"column":14}},"22":{"start":{"line":42,"column":8},"end":{"line":42,"column":59}},"23":{"start":{"line":47,"column":23},"end":{"line":47,"column":47}},"24":{"start":{"line":48,"column":22},"end":{"line":48,"column":52}},"25":{"start":{"line":50,"column":15},"end":{"line":50,"column":29}},"26":{"start":{"line":53,"column":23},"end":{"line":53,"column":54}},"27":{"start":{"line":54,"column":22},"end":{"line":54,"column":52}},"28":{"start":{"line":55,"column":25},"end":{"line":55,"column":58}},"29":{"start":{"line":56,"column":24},"end":{"line":56,"column":56}},"30":{"start":{"line":58,"column":4},"end":{"line":62,"column":5}},"31":{"start":{"line":59,"column":6},"end":{"line":59,"column":26}},"32":{"start":{"line":60,"column":11},"end":{"line":62,"column":5}},"33":{"start":{"line":61,"column":6},"end":{"line":61,"column":28}},"34":{"start":{"line":64,"column":4},"end":{"line":70,"column":7}},"35":{"start":{"line":72,"column":4},"end":{"line":72,"column":86}},"36":{"start":{"line":76,"column":4},"end":{"line":80,"column":7}},"37":{"start":{"line":82,"column":4},"end":{"line":82,"column":62}},"38":{"start":{"line":7,"column":13},"end":{"line":7,"column":27}},"39":{"start":{"line":7,"column":13},"end":{"line":84,"column":null}}},"fnMap":{"0":{"name":"(anonymous_2)","decl":{"start":{"line":10,"column":2},"end":{"line":10,"column":null}},"loc":{"start":{"line":12,"column":42},"end":{"line":13,"column":6}}},"1":{"name":"(anonymous_3)","decl":{"start":{"line":15,"column":2},"end":{"line":15,"column":7}},"loc":{"start":{"line":15,"column":65},"end":{"line":44,"column":3}}},"2":{"name":"(anonymous_4)","decl":{"start":{"line":46,"column":10},"end":{"line":46,"column":15}},"loc":{"start":{"line":46,"column":69},"end":{"line":73,"column":3}}},"3":{"name":"(anonymous_5)","decl":{"start":{"line":75,"column":10},"end":{"line":75,"column":15}},"loc":{"start":{"line":75,"column":71},"end":{"line":83,"column":3}}}},"branchMap":{"0":{"loc":{"start":{"line":19,"column":4},"end":{"line":22,"column":5}},"type":"if","locations":[{"start":{"line":19,"column":4},"end":{"line":22,"column":5}},{"start":{},"end":{}}]},"1":{"loc":{"start":{"line":25,"column":4},"end":{"line":28,"column":5}},"type":"if","locations":[{"start":{"line":25,"column":4},"end":{"line":28,"column":5}},{"start":{},"end":{}}]},"2":{"loc":{"start":{"line":30,"column":4},"end":{"line":43,"column":5}},"type":"switch","locations":[{"start":{"line":31,"column":6},"end":{"line":31,"column":34}},{"start":{"line":32,"column":6},"end":{"line":32,"column":34}},{"start":{"line":33,"column":6},"end":{"line":35,"column":14}},{"start":{"line":36,"column":6},"end":{"line":36,"column":36}},{"start":{"line":37,"column":6},"end":{"line":37,"column":34}},{"start":{"line":38,"column":6},"end":{"line":40,"column":14}},{"start":{"line":41,"column":6},"end":{"line":42,"column":59}}]},"3":{"loc":{"start":{"line":58,"column":4},"end":{"line":62,"column":5}},"type":"if","locations":[{"start":{"line":58,"column":4},"end":{"line":62,"column":5}},{"start":{"line":60,"column":11},"end":{"line":62,"column":5}}]},"4":{"loc":{"start":{"line":58,"column":8},"end":{"line":58,"column":59}},"type":"binary-expr","locations":[{"start":{"line":58,"column":8},"end":{"line":58,"column":32}},{"start":{"line":58,"column":36},"end":{"line":58,"column":59}}]},"5":{"loc":{"start":{"line":60,"column":11},"end":{"line":62,"column":5}},"type":"if","locations":[{"start":{"line":60,"column":11},"end":{"line":62,"column":5}},{"start":{},"end":{}}]},"6":{"loc":{"start":{"line":60,"column":15},"end":{"line":60,"column":70}},"type":"binary-expr","locations":[{"start":{"line":60,"column":15},"end":{"line":60,"column":41}},{"start":{"line":60,"column":45},"end":{"line":60,"column":70}}]},"7":{"loc":{"start":{"line":67,"column":26},"end":{"line":69,"column":14}},"type":"cond-expr","locations":[{"start":{"line":68,"column":10},"end":{"line":68,"column":38}},{"start":{"line":69,"column":10},"end":{"line":69,"column":14}}]},"8":{"loc":{"start":{"line":11,"column":34},"end":{"line":11,"column":null}},"type":"cond-expr","locations":[{"start":{"line":11,"column":45},"end":{"line":11,"column":null}},{"start":{"line":11,"column":45},"end":{"line":11,"column":null}}]},"9":{"loc":{"start":{"line":11,"column":34},"end":{"line":11,"column":45}},"type":"binary-expr","locations":[{"start":{"line":11,"column":34},"end":{"line":11,"column":null}},{"start":{"line":11,"column":34},"end":{"line":11,"column":45}}]},"10":{"loc":{"start":{"line":11,"column":45},"end":{"line":12,"column":null}},"type":"cond-expr","locations":[{"start":{"line":12,"column":42},"end":{"line":12,"column":null}},{"start":{"line":12,"column":42},"end":{"line":12,"column":null}}]},"11":{"loc":{"start":{"line":11,"column":45},"end":{"line":12,"column":42}},"type":"binary-expr","locations":[{"start":{"line":11,"column":45},"end":{"line":12,"column":null}},{"start":{"line":12,"column":29},"end":{"line":12,"column":42}}]}},"s":{"0":1,"1":1,"2":1,"3":1,"4":1,"5":8,"6":8,"7":8,"8":7,"9":7,"10":7,"11":1,"12":1,"13":6,"14":6,"15":1,"16":1,"17":5,"18":2,"19":2,"20":2,"21":2,"22":1,"23":2,"24":2,"25":2,"26":2,"27":2,"28":2,"29":2,"30":2,"31":1,"32":1,"33":1,"34":2,"35":2,"36":2,"37":2,"38":1,"39":1},"f":{"0":8,"1":7,"2":2,"3":2},"b":{"0":[1,6],"1":[1,5],"2":[1,2,2,1,2,2,1],"3":[1,1],"4":[2,1],"5":[1,0],"6":[1,1],"7":[1,1],"8":[1,0],"9":[1,1],"10":[1,0],"11":[1,1]}}
}
