TN:
SF:src/app.controller.ts
FN:6,(anonymous_2)
FN:9,(anonymous_3)
FN:14,(anonymous_4)
FNF:3
FNH:2
FNDA:1,(anonymous_2)
FNDA:1,(anonymous_3)
FNDA:0,(anonymous_4)
DA:1,1
DA:2,1
DA:5,1
DA:6,1
DA:9,1
DA:10,1
DA:14,1
DA:15,0
LF:8
LH:7
BRDA:6,0,0,1
BRDA:6,0,1,0
BRDA:6,1,0,1
BRDA:6,1,1,1
BRF:4
BRH:3
end_of_record
TN:
SF:src/app.module.ts
FNF:0
FNH:0
DA:1,0
DA:2,0
DA:3,0
DA:4,0
DA:5,0
DA:6,0
DA:7,0
DA:8,0
DA:9,0
DA:10,0
DA:11,0
DA:12,0
DA:13,0
DA:14,0
DA:15,0
DA:16,0
DA:17,0
DA:18,0
DA:19,0
DA:20,0
DA:21,0
DA:22,0
DA:23,0
DA:24,0
DA:25,0
DA:26,0
DA:27,0
DA:76,0
LF:28
LH:0
BRF:0
BRH:0
end_of_record
TN:
SF:src/app.service.ts
FN:5,(anonymous_1)
FNF:1
FNH:1
FNDA:1,(anonymous_1)
DA:1,1
DA:4,1
DA:6,1
LF:3
LH:3
BRF:0
BRH:0
end_of_record
TN:
SF:src/main.ts
FN:15,bootstrap
FN:120,(anonymous_11)
FN:304,(anonymous_12)
FN:309,(anonymous_13)
FNF:4
FNH:0
FNDA:0,bootstrap
FNDA:0,(anonymous_11)
FNDA:0,(anonymous_12)
FNDA:0,(anonymous_13)
DA:1,0
DA:2,0
DA:3,0
DA:4,0
DA:5,0
DA:6,0
DA:7,0
DA:8,0
DA:9,0
DA:10,0
DA:11,0
DA:12,0
DA:13,0
DA:16,0
DA:18,0
DA:19,0
DA:22,0
DA:23,0
DA:25,0
DA:26,0
DA:27,0
DA:32,0
DA:33,0
DA:34,0
DA:35,0
DA:39,0
DA:41,0
DA:46,0
DA:47,0
DA:49,0
DA:50,0
DA:51,0
DA:52,0
DA:54,0
DA:57,0
DA:61,0
DA:68,0
DA:70,0
DA:75,0
DA:78,0
DA:99,0
DA:101,0
DA:103,0
DA:104,0
DA:108,0
DA:114,0
DA:115,0
DA:119,0
DA:122,0
DA:123,0
DA:127,0
DA:128,0
DA:132,0
DA:133,0
DA:134,0
DA:136,0
DA:137,0
DA:142,0
DA:143,0
DA:144,0
DA:148,0
DA:149,0
DA:158,0
DA:170,0
DA:171,0
DA:182,0
DA:183,0
DA:188,0
DA:192,0
DA:193,0
DA:194,0
DA:195,0
DA:201,0
DA:205,0
DA:207,0
DA:209,0
DA:210,0
DA:212,0
DA:214,0
DA:215,0
DA:216,0
DA:218,0
DA:219,0
DA:220,0
DA:222,0
DA:223,0
DA:224,0
DA:225,0
DA:226,0
DA:228,0
DA:231,0
DA:232,0
DA:233,0
DA:234,0
DA:235,0
DA:236,0
DA:237,0
DA:241,0
DA:242,0
DA:243,0
DA:244,0
DA:245,0
DA:246,0
DA:248,0
DA:252,0
DA:253,0
DA:254,0
DA:256,0
DA:257,0
DA:259,0
DA:260,0
DA:261,0
DA:263,0
DA:265,0
DA:267,0
DA:273,0
DA:277,0
DA:278,0
DA:279,0
DA:281,0
DA:286,0
DA:289,0
DA:291,0
DA:292,0
DA:293,0
DA:294,0
DA:295,0
DA:296,0
DA:297,0
DA:299,0
DA:300,0
DA:304,0
DA:305,0
DA:306,0
DA:309,0
DA:310,0
DA:311,0
DA:312,0
DA:315,0
LF:139
LH:0
BRDA:26,0,0,0
BRDA:26,0,1,0
BRDA:32,1,0,0
BRDA:32,1,1,0
BRDA:46,2,0,0
BRDA:46,2,1,0
BRDA:46,3,0,0
BRDA:46,3,1,0
BRDA:57,4,0,0
BRDA:57,4,1,0
BRDA:66,5,0,0
BRDA:66,5,1,0
BRDA:88,6,0,0
BRDA:88,6,1,0
BRDA:101,7,0,0
BRDA:101,7,1,0
BRDA:103,8,0,0
BRDA:103,8,1,0
BRDA:111,9,0,0
BRDA:111,9,1,0
BRDA:114,10,0,0
BRDA:114,10,1,0
BRDA:122,11,0,0
BRDA:122,11,1,0
BRDA:127,12,0,0
BRDA:127,12,1,0
BRDA:132,13,0,0
BRDA:132,13,1,0
BRDA:136,14,0,0
BRDA:136,14,1,0
BRDA:136,15,0,0
BRDA:136,15,1,0
BRDA:142,16,0,0
BRDA:142,16,1,0
BRDA:170,17,0,0
BRDA:170,17,1,0
BRDA:170,18,0,0
BRDA:170,18,1,0
BRDA:194,19,0,0
BRDA:194,19,1,0
BRDA:194,20,0,0
BRDA:194,20,1,0
BRDA:212,21,0,0
BRDA:212,21,1,0
BRDA:231,22,0,0
BRDA:231,22,1,0
BRDA:244,23,0,0
BRDA:244,23,1,0
BRDA:256,24,0,0
BRDA:256,24,1,0
BRDA:260,25,0,0
BRDA:260,25,1,0
BRDA:265,26,0,0
BRDA:265,26,1,0
BRDA:277,27,0,0
BRDA:277,27,1,0
BRDA:296,28,0,0
BRDA:296,28,1,0
BRF:58
BRH:0
end_of_record
TN:
SF:src/admin/admin.controller.ts
FN:26,(anonymous_4)
FN:37,(anonymous_5)
FN:47,(anonymous_6)
FN:57,(anonymous_7)
FN:67,(anonymous_8)
FN:76,(anonymous_9)
FN:85,(anonymous_10)
FN:112,(anonymous_11)
FN:124,(anonymous_12)
FN:145,(anonymous_13)
FN:166,(anonymous_14)
FN:181,(anonymous_15)
FN:202,(anonymous_16)
FN:211,(anonymous_17)
FN:220,(anonymous_18)
FN:229,(anonymous_19)
FN:239,(anonymous_20)
FN:248,(anonymous_21)
FN:257,(anonymous_22)
FN:266,(anonymous_23)
FN:293,(anonymous_24)
FN:305,(anonymous_25)
FN:322,(anonymous_26)
FN:336,(anonymous_27)
FNF:24
FNH:0
FNDA:0,(anonymous_4)
FNDA:0,(anonymous_5)
FNDA:0,(anonymous_6)
FNDA:0,(anonymous_7)
FNDA:0,(anonymous_8)
FNDA:0,(anonymous_9)
FNDA:0,(anonymous_10)
FNDA:0,(anonymous_11)
FNDA:0,(anonymous_12)
FNDA:0,(anonymous_13)
FNDA:0,(anonymous_14)
FNDA:0,(anonymous_15)
FNDA:0,(anonymous_16)
FNDA:0,(anonymous_17)
FNDA:0,(anonymous_18)
FNDA:0,(anonymous_19)
FNDA:0,(anonymous_20)
FNDA:0,(anonymous_21)
FNDA:0,(anonymous_22)
FNDA:0,(anonymous_23)
FNDA:0,(anonymous_24)
FNDA:0,(anonymous_25)
FNDA:0,(anonymous_26)
FNDA:0,(anonymous_27)
DA:1,0
DA:14,0
DA:15,0
DA:16,0
DA:17,0
DA:18,0
DA:19,0
DA:23,0
DA:24,0
DA:27,0
DA:28,0
DA:29,0
DA:30,0
DA:37,0
DA:38,0
DA:39,0
DA:40,0
DA:47,0
DA:48,0
DA:49,0
DA:50,0
DA:57,0
DA:58,0
DA:59,0
DA:60,0
DA:67,0
DA:68,0
DA:69,0
DA:76,0
DA:77,0
DA:78,0
DA:85,0
DA:93,0
DA:94,0
DA:96,0
DA:105,0
DA:112,0
DA:113,0
DA:114,0
DA:115,0
DA:117,0
DA:124,0
DA:128,0
DA:129,0
DA:132,0
DA:133,0
DA:134,0
DA:137,0
DA:138,0
DA:145,0
DA:149,0
DA:150,0
DA:153,0
DA:154,0
DA:155,0
DA:158,0
DA:159,0
DA:166,0
DA:167,0
DA:168,0
DA:169,0
DA:170,0
DA:172,0
DA:173,0
DA:181,0
DA:182,0
DA:183,0
DA:184,0
DA:185,0
DA:186,0
DA:193,0
DA:194,0
DA:202,0
DA:203,0
DA:204,0
DA:211,0
DA:212,0
DA:213,0
DA:220,0
DA:221,0
DA:222,0
DA:229,0
DA:230,0
DA:231,0
DA:232,0
DA:239,0
DA:240,0
DA:241,0
DA:248,0
DA:249,0
DA:250,0
DA:257,0
DA:258,0
DA:259,0
DA:266,0
DA:274,0
DA:275,0
DA:277,0
DA:286,0
DA:293,0
DA:294,0
DA:295,0
DA:296,0
DA:298,0
DA:305,0
DA:309,0
DA:310,0
DA:311,0
DA:314,0
DA:315,0
DA:322,0
DA:323,0
DA:324,0
DA:325,0
DA:328,0
DA:329,0
DA:336,0
DA:340,0
DA:341,0
DA:342,0
DA:345,0
DA:346,0
LF:122
LH:0
BRDA:48,0,0,0
BRDA:48,0,1,0
BRDA:58,1,0,0
BRDA:58,1,1,0
BRDA:93,2,0,0
BRDA:93,2,1,0
BRDA:94,3,0,0
BRDA:94,3,1,0
BRDA:101,4,0,0
BRDA:101,4,1,0
BRDA:102,5,0,0
BRDA:102,5,1,0
BRDA:114,6,0,0
BRDA:114,6,1,0
BRDA:128,7,0,0
BRDA:128,7,1,0
BRDA:133,8,0,0
BRDA:133,8,1,0
BRDA:149,9,0,0
BRDA:149,9,1,0
BRDA:154,10,0,0
BRDA:154,10,1,0
BRDA:230,11,0,0
BRDA:230,11,1,0
BRDA:249,12,0,0
BRDA:249,12,1,0
BRDA:274,13,0,0
BRDA:274,13,1,0
BRDA:275,14,0,0
BRDA:275,14,1,0
BRDA:281,15,0,0
BRDA:281,15,1,0
BRDA:282,16,0,0
BRDA:282,16,1,0
BRDA:283,17,0,0
BRDA:283,17,1,0
BRDA:295,18,0,0
BRDA:295,18,1,0
BRDA:310,19,0,0
BRDA:310,19,1,0
BRDA:324,20,0,0
BRDA:324,20,1,0
BRDA:328,21,0,0
BRDA:328,21,1,0
BRDA:341,22,0,0
BRDA:341,22,1,0
BRDA:89,23,0,0
BRDA:89,23,1,0
BRDA:89,24,0,0
BRDA:89,24,1,0
BRDA:126,25,0,0
BRDA:126,25,1,0
BRDA:126,26,0,0
BRDA:126,26,1,0
BRDA:147,27,0,0
BRDA:147,27,1,0
BRDA:147,28,0,0
BRDA:147,28,1,0
BRDA:27,29,0,0
BRDA:27,29,1,0
BRDA:27,30,0,0
BRDA:27,30,1,0
BRDA:27,31,0,0
BRDA:27,31,1,0
BRDA:27,32,0,0
BRDA:27,32,1,0
BRDA:28,33,0,0
BRDA:28,33,1,0
BRDA:28,34,0,0
BRDA:28,34,1,0
BRDA:29,35,0,0
BRDA:29,35,1,0
BRDA:29,36,0,0
BRDA:29,36,1,0
BRF:74
BRH:0
end_of_record
TN:
SF:src/admin/admin.module.ts
FNF:0
FNH:0
DA:1,0
DA:2,0
DA:3,0
DA:4,0
DA:5,0
DA:6,0
DA:7,0
DA:8,0
DA:9,0
DA:10,0
DA:11,0
DA:12,0
DA:13,0
DA:14,0
DA:15,0
DA:16,0
DA:39,0
LF:17
LH:0
BRF:0
BRH:0
end_of_record
TN:
SF:src/admin/admin.service.ts
FN:91,(anonymous_4)
FN:109,(anonymous_5)
FN:144,(anonymous_6)
FN:204,(anonymous_7)
FN:209,(anonymous_8)
FN:226,(anonymous_9)
FN:257,(anonymous_10)
FN:284,(anonymous_11)
FN:318,(anonymous_12)
FN:327,(anonymous_13)
FN:330,(anonymous_14)
FN:353,(anonymous_15)
FN:375,(anonymous_16)
FN:376,(anonymous_17)
FN:384,(anonymous_18)
FN:397,(anonymous_19)
FN:410,(anonymous_20)
FN:427,(anonymous_21)
FN:432,(anonymous_22)
FN:434,(anonymous_23)
FN:435,(anonymous_24)
FN:442,(anonymous_25)
FN:457,(anonymous_26)
FN:493,(anonymous_27)
FN:503,(anonymous_28)
FN:517,(anonymous_29)
FN:525,(anonymous_30)
FN:529,(anonymous_31)
FN:534,(anonymous_32)
FN:536,(anonymous_33)
FN:549,(anonymous_34)
FN:556,(anonymous_35)
FN:571,(anonymous_36)
FN:572,(anonymous_37)
FN:575,(anonymous_38)
FN:576,(anonymous_39)
FN:578,(anonymous_40)
FN:592,(anonymous_41)
FN:643,(anonymous_42)
FN:680,(anonymous_43)
FN:684,(anonymous_44)
FN:745,(anonymous_45)
FN:749,(anonymous_46)
FN:753,(anonymous_47)
FN:765,(anonymous_48)
FN:815,(anonymous_49)
FN:849,(anonymous_50)
FN:854,(anonymous_51)
FN:860,(anonymous_52)
FN:873,(anonymous_53)
FN:912,(anonymous_54)
FN:913,(anonymous_55)
FN:914,(anonymous_56)
FN:915,(anonymous_57)
FN:917,(anonymous_58)
FN:942,(anonymous_59)
FN:978,(anonymous_60)
FN:1004,(anonymous_61)
FN:1011,(anonymous_62)
FN:1018,(anonymous_63)
FN:1025,(anonymous_64)
FN:1030,(anonymous_65)
FN:1040,(anonymous_66)
FN:1061,(anonymous_67)
FN:1072,(anonymous_68)
FN:1080,(anonymous_69)
FN:1093,(anonymous_70)
FN:1104,(anonymous_71)
FN:1117,(anonymous_72)
FN:1139,(anonymous_73)
FN:1157,(anonymous_74)
FN:1158,(anonymous_75)
FN:1168,(anonymous_76)
FN:1172,(anonymous_77)
FNF:74
FNH:0
FNDA:0,(anonymous_4)
FNDA:0,(anonymous_5)
FNDA:0,(anonymous_6)
FNDA:0,(anonymous_7)
FNDA:0,(anonymous_8)
FNDA:0,(anonymous_9)
FNDA:0,(anonymous_10)
FNDA:0,(anonymous_11)
FNDA:0,(anonymous_12)
FNDA:0,(anonymous_13)
FNDA:0,(anonymous_14)
FNDA:0,(anonymous_15)
FNDA:0,(anonymous_16)
FNDA:0,(anonymous_17)
FNDA:0,(anonymous_18)
FNDA:0,(anonymous_19)
FNDA:0,(anonymous_20)
FNDA:0,(anonymous_21)
FNDA:0,(anonymous_22)
FNDA:0,(anonymous_23)
FNDA:0,(anonymous_24)
FNDA:0,(anonymous_25)
FNDA:0,(anonymous_26)
FNDA:0,(anonymous_27)
FNDA:0,(anonymous_28)
FNDA:0,(anonymous_29)
FNDA:0,(anonymous_30)
FNDA:0,(anonymous_31)
FNDA:0,(anonymous_32)
FNDA:0,(anonymous_33)
FNDA:0,(anonymous_34)
FNDA:0,(anonymous_35)
FNDA:0,(anonymous_36)
FNDA:0,(anonymous_37)
FNDA:0,(anonymous_38)
FNDA:0,(anonymous_39)
FNDA:0,(anonymous_40)
FNDA:0,(anonymous_41)
FNDA:0,(anonymous_42)
FNDA:0,(anonymous_43)
FNDA:0,(anonymous_44)
FNDA:0,(anonymous_45)
FNDA:0,(anonymous_46)
FNDA:0,(anonymous_47)
FNDA:0,(anonymous_48)
FNDA:0,(anonymous_49)
FNDA:0,(anonymous_50)
FNDA:0,(anonymous_51)
FNDA:0,(anonymous_52)
FNDA:0,(anonymous_53)
FNDA:0,(anonymous_54)
FNDA:0,(anonymous_55)
FNDA:0,(anonymous_56)
FNDA:0,(anonymous_57)
FNDA:0,(anonymous_58)
FNDA:0,(anonymous_59)
FNDA:0,(anonymous_60)
FNDA:0,(anonymous_61)
FNDA:0,(anonymous_62)
FNDA:0,(anonymous_63)
FNDA:0,(anonymous_64)
FNDA:0,(anonymous_65)
FNDA:0,(anonymous_66)
FNDA:0,(anonymous_67)
FNDA:0,(anonymous_68)
FNDA:0,(anonymous_69)
FNDA:0,(anonymous_70)
FNDA:0,(anonymous_71)
FNDA:0,(anonymous_72)
FNDA:0,(anonymous_73)
FNDA:0,(anonymous_74)
FNDA:0,(anonymous_75)
FNDA:0,(anonymous_76)
FNDA:0,(anonymous_77)
DA:1,0
DA:2,0
DA:3,0
DA:4,0
DA:5,0
DA:6,0
DA:7,0
DA:8,0
DA:9,0
DA:11,0
DA:88,0
DA:89,0
DA:93,0
DA:95,0
DA:97,0
DA:99,0
DA:101,0
DA:103,0
DA:110,0
DA:111,0
DA:112,0
DA:113,0
DA:116,0
DA:124,0
DA:131,0
DA:138,0
DA:144,0
DA:145,0
DA:149,0
DA:156,0
DA:157,0
DA:168,0
DA:169,0
DA:179,0
DA:185,0
DA:204,0
DA:209,0
DA:227,0
DA:228,0
DA:230,0
DA:231,0
DA:232,0
DA:233,0
DA:235,0
DA:244,0
DA:251,0
DA:258,0
DA:259,0
DA:261,0
DA:262,0
DA:263,0
DA:264,0
DA:266,0
DA:272,0
DA:278,0
DA:292,0
DA:297,0
DA:298,0
DA:304,0
DA:305,0
DA:308,0
DA:309,0
DA:311,0
DA:318,0
DA:319,0
DA:327,0
DA:329,0
DA:330,0
DA:354,0
DA:359,0
DA:360,0
DA:364,0
DA:370,0
DA:375,0
DA:376,0
DA:385,0
DA:386,0
DA:387,0
DA:390,0
DA:391,0
DA:398,0
DA:399,0
DA:400,0
DA:403,0
DA:404,0
DA:412,0
DA:419,0
DA:426,0
DA:427,0
DA:428,0
DA:432,0
DA:433,0
DA:434,0
DA:435,0
DA:437,0
DA:441,0
DA:442,0
DA:458,0
DA:465,0
DA:466,0
DA:471,0
DA:479,0
DA:493,0
DA:504,0
DA:505,0
DA:506,0
DA:507,0
DA:510,0
DA:517,0
DA:518,0
DA:519,0
DA:524,0
DA:525,0
DA:528,0
DA:529,0
DA:533,0
DA:534,0
DA:536,0
DA:548,0
DA:549,0
DA:550,0
DA:551,0
DA:555,0
DA:556,0
DA:557,0
DA:560,0
DA:571,0
DA:572,0
DA:575,0
DA:576,0
DA:578,0
DA:593,0
DA:594,0
DA:595,0
DA:596,0
DA:599,0
DA:606,0
DA:613,0
DA:619,0
DA:644,0
DA:645,0
DA:646,0
DA:649,0
DA:663,0
DA:671,0
DA:679,0
DA:680,0
DA:682,0
DA:684,0
DA:685,0
DA:686,0
DA:687,0
DA:688,0
DA:689,0
DA:693,0
DA:704,0
DA:714,0
DA:715,0
DA:716,0
DA:717,0
DA:719,0
DA:723,0
DA:731,0
DA:738,0
DA:745,0
DA:749,0
DA:753,0
DA:766,0
DA:767,0
DA:770,0
DA:781,0
DA:794,0
DA:806,0
DA:814,0
DA:816,0
DA:822,0
DA:827,0
DA:828,0
DA:829,0
DA:830,0
DA:831,0
DA:833,0
DA:841,0
DA:848,0
DA:849,0
DA:854,0
DA:860,0
DA:874,0
DA:877,0
DA:886,0
DA:895,0
DA:896,0
DA:904,0
DA:912,0
DA:913,0
DA:914,0
DA:915,0
DA:917,0
DA:918,0
DA:919,0
DA:920,0
DA:950,0
DA:952,0
DA:953,0
DA:959,0
DA:960,0
DA:961,0
DA:962,0
DA:965,0
DA:966,0
DA:969,0
DA:975,0
DA:976,0
DA:978,0
DA:988,0
DA:994,0
DA:995,0
DA:998,0
DA:1004,0
DA:1005,0
DA:1010,0
DA:1011,0
DA:1012,0
DA:1013,0
DA:1014,0
DA:1017,0
DA:1018,0
DA:1025,0
DA:1030,0
DA:1041,0
DA:1042,0
DA:1044,0
DA:1050,0
DA:1055,0
DA:1059,0
DA:1061,0
DA:1072,0
DA:1081,0
DA:1082,0
DA:1084,0
DA:1085,0
DA:1087,0
DA:1094,0
DA:1095,0
DA:1097,0
DA:1098,0
DA:1105,0
DA:1106,0
DA:1108,0
DA:1109,0
DA:1111,0
DA:1118,0
DA:1125,0
DA:1126,0
DA:1127,0
DA:1128,0
DA:1131,0
DA:1138,0
DA:1139,0
DA:1140,0
DA:1144,0
DA:1155,0
DA:1157,0
DA:1158,0
DA:1161,0
DA:1163,0
DA:1168,0
DA:1172,0
LF:268
LH:0
BRDA:187,0,0,0
BRDA:187,0,1,0
BRDA:198,1,0,0
BRDA:198,1,1,0
BRDA:203,2,0,0
BRDA:203,2,1,0
BRDA:226,3,0,0
BRDA:257,4,0,0
BRDA:285,5,0,0
BRDA:286,6,0,0
BRDA:289,7,0,0
BRDA:290,8,0,0
BRDA:297,9,0,0
BRDA:297,9,1,0
BRDA:304,10,0,0
BRDA:304,10,1,0
BRDA:323,11,0,0
BRDA:323,11,1,0
BRDA:337,12,0,0
BRDA:337,12,1,0
BRDA:338,13,0,0
BRDA:338,13,1,0
BRDA:339,14,0,0
BRDA:339,14,1,0
BRDA:340,15,0,0
BRDA:340,15,1,0
BRDA:359,16,0,0
BRDA:359,16,1,0
BRDA:375,17,0,0
BRDA:375,17,1,0
BRDA:376,18,0,0
BRDA:376,18,1,0
BRDA:386,19,0,0
BRDA:386,19,1,0
BRDA:399,20,0,0
BRDA:399,20,1,0
BRDA:432,21,0,0
BRDA:432,21,1,0
BRDA:437,22,0,0
BRDA:437,22,1,0
BRDA:484,23,0,0
BRDA:484,23,1,0
BRDA:488,24,0,0
BRDA:488,24,1,0
BRDA:524,25,0,0
BRDA:524,25,1,0
BRDA:528,26,0,0
BRDA:528,26,1,0
BRDA:543,27,0,0
BRDA:543,27,1,0
BRDA:551,28,0,0
BRDA:551,28,1,0
BRDA:557,29,0,0
BRDA:557,29,1,0
BRDA:635,30,0,0
BRDA:635,30,1,0
BRDA:686,31,0,0
BRDA:686,31,1,0
BRDA:687,32,0,0
BRDA:687,32,1,0
BRDA:688,33,0,0
BRDA:688,33,1,0
BRDA:733,34,0,0
BRDA:733,34,1,0
BRDA:740,35,0,0
BRDA:740,35,1,0
BRDA:741,36,0,0
BRDA:741,36,1,0
BRDA:755,37,0,0
BRDA:755,37,1,0
BRDA:765,38,0,0
BRDA:843,39,0,0
BRDA:843,39,1,0
BRDA:844,40,0,0
BRDA:844,40,1,0
BRDA:925,41,0,0
BRDA:925,41,1,0
BRDA:926,42,0,0
BRDA:926,42,1,0
BRDA:928,43,0,0
BRDA:928,43,1,0
BRDA:930,44,0,0
BRDA:930,44,1,0
BRDA:931,45,0,0
BRDA:931,45,1,0
BRDA:932,46,0,0
BRDA:932,46,1,0
BRDA:932,47,0,0
BRDA:932,47,1,0
BRDA:934,48,0,0
BRDA:934,48,1,0
BRDA:934,49,0,0
BRDA:934,49,1,0
BRDA:943,50,0,0
BRDA:944,51,0,0
BRDA:947,52,0,0
BRDA:948,53,0,0
BRDA:952,54,0,0
BRDA:952,54,1,0
BRDA:959,55,0,0
BRDA:959,55,1,0
BRDA:961,56,0,0
BRDA:961,56,1,0
BRDA:971,57,0,0
BRDA:971,57,1,0
BRDA:972,58,0,0
BRDA:972,58,1,0
BRDA:972,59,0,0
BRDA:972,59,1,0
BRDA:975,60,0,0
BRDA:975,60,1,0
BRDA:994,61,0,0
BRDA:994,61,1,0
BRDA:1007,62,0,0
BRDA:1007,62,1,0
BRDA:1012,63,0,0
BRDA:1012,63,1,0
BRDA:1025,64,0,0
BRDA:1025,64,1,0
BRDA:1030,65,0,0
BRDA:1030,65,1,0
BRDA:1042,66,0,0
BRDA:1042,66,1,0
BRDA:1082,67,0,0
BRDA:1082,67,1,0
BRDA:1084,68,0,0
BRDA:1084,68,1,0
BRDA:1085,69,0,0
BRDA:1085,69,1,0
BRDA:1095,70,0,0
BRDA:1095,70,1,0
BRDA:1106,71,0,0
BRDA:1106,71,1,0
BRDA:1108,72,0,0
BRDA:1108,72,1,0
BRDA:1109,73,0,0
BRDA:1109,73,1,0
BRDA:1155,74,0,0
BRDA:1155,74,1,0
BRDA:93,75,0,0
BRDA:93,75,1,0
BRDA:93,76,0,0
BRDA:93,76,1,0
BRDA:93,77,0,0
BRDA:93,77,1,0
BRDA:93,78,0,0
BRDA:93,78,1,0
BRDA:95,79,0,0
BRDA:95,79,1,0
BRDA:95,80,0,0
BRDA:95,80,1,0
BRDA:97,81,0,0
BRDA:97,81,1,0
BRDA:97,82,0,0
BRDA:97,82,1,0
BRDA:99,83,0,0
BRDA:99,83,1,0
BRDA:99,84,0,0
BRDA:99,84,1,0
BRDA:101,85,0,0
BRDA:101,85,1,0
BRDA:101,86,0,0
BRDA:101,86,1,0
BRF:163
BRH:0
end_of_record
TN:
SF:src/alert/alert.module.ts
FNF:0
FNH:0
DA:1,0
DA:2,0
DA:3,0
DA:4,0
DA:5,0
DA:6,0
DA:7,0
DA:8,0
DA:9,0
DA:23,0
LF:10
LH:0
BRF:0
BRH:0
end_of_record
TN:
SF:src/alert/alert.service.ts
FN:20,(anonymous_4)
FN:31,(anonymous_5)
FN:35,(anonymous_6)
FN:50,(anonymous_7)
FN:61,(anonymous_8)
FN:88,(anonymous_9)
FN:89,(anonymous_10)
FN:120,(anonymous_11)
FN:133,(anonymous_12)
FN:142,(anonymous_13)
FN:203,(anonymous_14)
FN:229,(anonymous_15)
FNF:12
FNH:0
FNDA:0,(anonymous_4)
FNDA:0,(anonymous_5)
FNDA:0,(anonymous_6)
FNDA:0,(anonymous_7)
FNDA:0,(anonymous_8)
FNDA:0,(anonymous_9)
FNDA:0,(anonymous_10)
FNDA:0,(anonymous_11)
FNDA:0,(anonymous_12)
FNDA:0,(anonymous_13)
FNDA:0,(anonymous_14)
FNDA:0,(anonymous_15)
DA:1,0
DA:2,0
DA:3,0
DA:4,0
DA:6,0
DA:7,0
DA:8,0
DA:9,0
DA:10,0
DA:11,0
DA:13,0
DA:16,0
DA:17,0
DA:18,0
DA:22,0
DA:23,0
DA:24,0
DA:25,0
DA:26,0
DA:27,0
DA:28,0
DA:32,0
DA:37,0
DA:43,0
DA:45,0
DA:46,0
DA:51,0
DA:54,0
DA:55,0
DA:56,0
DA:57,0
DA:61,0
DA:62,0
DA:65,0
DA:66,0
DA:67,0
DA:68,0
DA:69,0
DA:73,0
DA:74,0
DA:75,0
DA:76,0
DA:80,0
DA:81,0
DA:82,0
DA:83,0
DA:87,0
DA:88,0
DA:89,0
DA:90,0
DA:91,0
DA:92,0
DA:93,0
DA:94,0
DA:98,0
DA:101,0
DA:114,0
DA:116,0
DA:124,0
DA:130,0
DA:134,0
DA:144,0
DA:145,0
DA:146,0
DA:149,0
DA:150,0
DA:152,0
DA:154,0
DA:161,0
DA:164,0
DA:167,0
DA:178,0
DA:190,0
DA:204,0
DA:205,0
DA:207,0
DA:208,0
DA:209,0
DA:210,0
DA:212,0
DA:230,0
DA:231,0
DA:233,0
DA:234,0
DA:235,0
DA:236,0
DA:238,0
LF:87
LH:0
BRDA:55,0,0,0
BRDA:55,0,1,0
BRDA:61,1,0,0
BRDA:61,1,1,0
BRDA:62,2,0,0
BRDA:62,2,1,0
BRDA:62,3,0,0
BRDA:62,3,1,0
BRDA:65,4,0,0
BRDA:65,4,1,0
BRDA:67,5,0,0
BRDA:67,5,1,0
BRDA:68,6,0,0
BRDA:68,6,1,0
BRDA:74,7,0,0
BRDA:74,7,1,0
BRDA:81,8,0,0
BRDA:81,8,1,0
BRDA:87,9,0,0
BRDA:87,9,1,0
BRDA:92,10,0,0
BRDA:92,10,1,0
BRDA:92,11,0,0
BRDA:92,11,1,0
BRDA:144,12,0,0
BRDA:144,12,1,0
BRDA:207,13,0,0
BRDA:207,13,1,0
BRDA:208,14,0,0
BRDA:208,14,1,0
BRDA:209,15,0,0
BRDA:209,15,1,0
BRDA:210,16,0,0
BRDA:210,16,1,0
BRDA:235,17,0,0
BRDA:235,17,1,0
BRDA:236,18,0,0
BRDA:236,18,1,0
BRDA:22,19,0,0
BRDA:22,19,1,0
BRDA:22,20,0,0
BRDA:22,20,1,0
BRDA:22,21,0,0
BRDA:22,21,1,0
BRDA:22,22,0,0
BRDA:22,22,1,0
BRDA:23,23,0,0
BRDA:23,23,1,0
BRDA:23,24,0,0
BRDA:23,24,1,0
BRDA:24,25,0,0
BRDA:24,25,1,0
BRDA:24,26,0,0
BRDA:24,26,1,0
BRDA:25,27,0,0
BRDA:25,27,1,0
BRDA:25,28,0,0
BRDA:25,28,1,0
BRDA:26,29,0,0
BRDA:26,29,1,0
BRDA:26,30,0,0
BRDA:26,30,1,0
BRDA:27,31,0,0
BRDA:27,31,1,0
BRDA:27,32,0,0
BRDA:27,32,1,0
BRF:66
BRH:0
end_of_record
TN:
SF:src/api/api.controller.ts
FN:29,(anonymous_4)
FN:50,(anonymous_5)
FN:79,(anonymous_6)
FN:96,(anonymous_7)
FN:128,(anonymous_8)
FN:140,(anonymous_9)
FN:141,(anonymous_10)
FN:150,(anonymous_11)
FN:197,(anonymous_12)
FN:218,(anonymous_13)
FN:257,(anonymous_14)
FN:265,(anonymous_15)
FN:265,(anonymous_16)
FN:270,(anonymous_17)
FN:279,(anonymous_18)
FN:331,(anonymous_19)
FN:363,(anonymous_20)
FN:379,(anonymous_21)
FN:402,(anonymous_22)
FN:417,(anonymous_23)
FN:462,(anonymous_24)
FN:473,(anonymous_25)
FN:473,(anonymous_26)
FN:474,(anonymous_27)
FN:474,(anonymous_28)
FN:483,(anonymous_29)
FN:486,(anonymous_30)
FN:493,(anonymous_31)
FN:497,(anonymous_32)
FN:525,(anonymous_33)
FN:526,(anonymous_34)
FN:550,(anonymous_35)
FN:554,(anonymous_36)
FN:562,(anonymous_37)
FN:563,(anonymous_38)
FN:568,(anonymous_39)
FN:597,(anonymous_40)
FN:635,(anonymous_41)
FN:653,(anonymous_42)
FN:654,(anonymous_43)
FN:720,(anonymous_44)
FN:755,(anonymous_45)
FN:761,(anonymous_46)
FN:791,(anonymous_47)
FN:800,(anonymous_48)
FN:812,(anonymous_49)
FN:823,(anonymous_50)
FN:823,(anonymous_51)
FN:824,(anonymous_52)
FN:824,(anonymous_53)
FN:831,(anonymous_54)
FN:840,(anonymous_55)
FN:848,(anonymous_56)
FN:888,(anonymous_57)
FN:906,(anonymous_58)
FN:909,(anonymous_59)
FN:912,(anonymous_60)
FN:913,(anonymous_61)
FN:916,(anonymous_62)
FN:938,(anonymous_63)
FN:946,(anonymous_64)
FN:973,(anonymous_65)
FN:1012,(anonymous_66)
FN:1018,(anonymous_67)
FN:1023,(anonymous_68)
FN:1044,(anonymous_69)
FNF:66
FNH:6
FNDA:19,(anonymous_4)
FNDA:3,(anonymous_5)
FNDA:0,(anonymous_6)
FNDA:0,(anonymous_7)
FNDA:0,(anonymous_8)
FNDA:0,(anonymous_9)
FNDA:0,(anonymous_10)
FNDA:6,(anonymous_11)
FNDA:2,(anonymous_12)
FNDA:0,(anonymous_13)
FNDA:0,(anonymous_14)
FNDA:0,(anonymous_15)
FNDA:0,(anonymous_16)
FNDA:0,(anonymous_17)
FNDA:4,(anonymous_18)
FNDA:3,(anonymous_19)
FNDA:0,(anonymous_20)
FNDA:0,(anonymous_21)
FNDA:0,(anonymous_22)
FNDA:0,(anonymous_23)
FNDA:0,(anonymous_24)
FNDA:0,(anonymous_25)
FNDA:0,(anonymous_26)
FNDA:0,(anonymous_27)
FNDA:0,(anonymous_28)
FNDA:0,(anonymous_29)
FNDA:0,(anonymous_30)
FNDA:0,(anonymous_31)
FNDA:0,(anonymous_32)
FNDA:0,(anonymous_33)
FNDA:0,(anonymous_34)
FNDA:0,(anonymous_35)
FNDA:0,(anonymous_36)
FNDA:0,(anonymous_37)
FNDA:0,(anonymous_38)
FNDA:0,(anonymous_39)
FNDA:0,(anonymous_40)
FNDA:0,(anonymous_41)
FNDA:0,(anonymous_42)
FNDA:0,(anonymous_43)
FNDA:0,(anonymous_44)
FNDA:0,(anonymous_45)
FNDA:0,(anonymous_46)
FNDA:0,(anonymous_47)
FNDA:0,(anonymous_48)
FNDA:0,(anonymous_49)
FNDA:0,(anonymous_50)
FNDA:0,(anonymous_51)
FNDA:0,(anonymous_52)
FNDA:0,(anonymous_53)
FNDA:0,(anonymous_54)
FNDA:0,(anonymous_55)
FNDA:0,(anonymous_56)
FNDA:0,(anonymous_57)
FNDA:0,(anonymous_58)
FNDA:0,(anonymous_59)
FNDA:0,(anonymous_60)
FNDA:0,(anonymous_61)
FNDA:0,(anonymous_62)
FNDA:0,(anonymous_63)
FNDA:0,(anonymous_64)
FNDA:0,(anonymous_65)
FNDA:0,(anonymous_66)
FNDA:0,(anonymous_67)
FNDA:0,(anonymous_68)
FNDA:0,(anonymous_69)
DA:1,1
DA:2,1
DA:3,1
DA:4,1
DA:5,1
DA:6,1
DA:7,1
DA:8,1
DA:9,1
DA:10,1
DA:11,1
DA:12,1
DA:13,1
DA:14,1
DA:15,1
DA:16,1
DA:17,1
DA:18,1
DA:19,1
DA:20,1
DA:21,1
DA:22,1
DA:26,1
DA:27,19
DA:31,19
DA:33,19
DA:35,19
DA:37,19
DA:39,19
DA:41,19
DA:42,19
DA:43,19
DA:44,19
DA:45,19
DA:46,19
DA:50,1
DA:55,3
DA:56,3
DA:57,0
DA:60,3
DA:61,3
DA:62,3
DA:64,3
DA:70,3
DA:73,3
DA:75,3
DA:76,3
DA:78,3
DA:79,0
DA:96,1
DA:97,0
DA:98,0
DA:99,0
DA:102,0
DA:103,0
DA:105,0
DA:114,0
DA:120,0
DA:128,1
DA:129,0
DA:130,0
DA:131,0
DA:134,0
DA:135,0
DA:136,0
DA:139,0
DA:140,0
DA:141,0
DA:150,1
DA:151,6
DA:152,6
DA:153,0
DA:156,6
DA:157,6
DA:158,0
DA:161,6
DA:162,0
DA:165,6
DA:166,6
DA:170,6
DA:171,4
DA:175,2
DA:179,2
DA:180,0
DA:181,0
DA:182,0
DA:186,2
DA:191,2
DA:193,2
DA:197,1
DA:198,2
DA:199,2
DA:200,0
DA:203,2
DA:207,2
DA:208,2
DA:211,0
DA:212,0
DA:214,0
DA:218,1
DA:223,0
DA:224,0
DA:225,0
DA:228,0
DA:232,0
DA:233,0
DA:237,0
DA:238,0
DA:239,0
DA:240,0
DA:243,0
DA:245,0
DA:248,0
DA:250,0
DA:257,1
DA:258,0
DA:259,0
DA:261,0
DA:262,0
DA:263,0
DA:264,0
DA:265,0
DA:270,0
DA:279,1
DA:280,4
DA:281,4
DA:282,0
DA:285,4
DA:286,4
DA:287,0
DA:290,4
DA:291,4
DA:292,2
DA:295,2
DA:299,2
DA:301,1
DA:303,0
DA:304,0
DA:305,0
DA:308,1
DA:309,0
DA:311,1
DA:312,1
DA:313,1
DA:317,1
DA:318,0
DA:320,1
DA:325,1
DA:326,1
DA:331,1
DA:332,3
DA:333,3
DA:334,0
DA:337,3
DA:338,3
DA:339,0
DA:343,3
DA:345,3
DA:346,3
DA:347,0
DA:358,3
DA:359,3
DA:363,1
DA:364,0
DA:365,0
DA:366,0
DA:369,0
DA:370,0
DA:371,0
DA:374,0
DA:375,0
DA:379,1
DA:380,0
DA:381,0
DA:382,0
DA:385,0
DA:386,0
DA:388,0
DA:389,0
DA:390,0
DA:393,0
DA:398,0
DA:402,1
DA:403,0
DA:404,0
DA:405,0
DA:408,0
DA:413,0
DA:417,1
DA:419,0
DA:420,0
DA:421,0
DA:424,0
DA:425,0
DA:426,0
DA:429,0
DA:430,0
DA:431,0
DA:432,0
DA:435,0
DA:436,0
DA:439,0
DA:440,0
DA:442,0
DA:443,0
DA:448,0
DA:454,0
DA:455,0
DA:458,0
DA:462,1
DA:463,0
DA:464,0
DA:465,0
DA:468,0
DA:469,0
DA:470,0
DA:473,0
DA:474,0
DA:476,0
DA:477,0
DA:482,0
DA:485,0
DA:486,0
DA:493,0
DA:496,0
DA:497,0
DA:504,0
DA:518,0
DA:523,0
DA:525,0
DA:526,0
DA:527,0
DA:535,0
DA:550,0
DA:553,0
DA:554,0
DA:562,0
DA:563,0
DA:564,0
DA:565,0
DA:568,0
DA:569,0
DA:577,0
DA:591,0
DA:597,1
DA:599,0
DA:600,0
DA:601,0
DA:604,0
DA:605,0
DA:606,0
DA:609,0
DA:610,0
DA:613,0
DA:615,0
DA:617,0
DA:618,0
DA:622,0
DA:624,0
DA:625,0
DA:626,0
DA:629,0
DA:630,0
DA:635,1
DA:641,0
DA:642,0
DA:643,0
DA:646,0
DA:647,0
DA:648,0
DA:652,0
DA:653,0
DA:654,0
DA:656,0
DA:662,0
DA:663,0
DA:668,0
DA:670,0
DA:671,0
DA:672,0
DA:675,0
DA:676,0
DA:677,0
DA:684,0
DA:685,0
DA:686,0
DA:690,0
DA:692,0
DA:698,0
DA:699,0
DA:700,0
DA:701,0
DA:702,0
DA:703,0
DA:704,0
DA:706,0
DA:708,0
DA:709,0
DA:710,0
DA:712,0
DA:720,1
DA:726,0
DA:728,0
DA:729,0
DA:735,0
DA:736,0
DA:737,0
DA:743,0
DA:744,0
DA:747,0
DA:748,0
DA:750,0
DA:752,0
DA:755,0
DA:762,0
DA:768,0
DA:772,0
DA:774,0
DA:782,0
DA:783,0
DA:791,1
DA:792,0
DA:793,0
DA:800,0
DA:802,0
DA:803,0
DA:812,1
DA:813,0
DA:814,0
DA:815,0
DA:818,0
DA:819,0
DA:820,0
DA:823,0
DA:824,0
DA:826,0
DA:827,0
DA:830,0
DA:833,0
DA:839,0
DA:841,0
DA:843,0
DA:844,0
DA:846,0
DA:847,0
DA:848,0
DA:850,0
DA:851,0
DA:852,0
DA:857,0
DA:859,0
DA:861,0
DA:862,0
DA:872,0
DA:878,0
DA:888,0
DA:890,0
DA:891,0
DA:906,0
DA:907,0
DA:908,0
DA:909,0
DA:910,0
DA:912,0
DA:913,0
DA:916,0
DA:921,0
DA:937,0
DA:938,0
DA:946,1
DA:947,0
DA:949,0
DA:951,0
DA:952,0
DA:955,0
DA:956,0
DA:958,0
DA:964,0
DA:965,0
DA:973,1
DA:974,0
DA:975,0
DA:976,0
DA:979,0
DA:981,0
DA:986,0
DA:987,0
DA:991,0
DA:996,0
DA:1012,0
DA:1018,0
DA:1023,0
DA:1037,0
DA:1044,1
DA:1045,0
DA:1046,0
DA:1047,0
DA:1050,0
DA:1053,0
DA:1054,0
DA:1055,0
DA:1058,0
DA:1072,0
DA:1074,0
LF:404
LH:114
BRDA:56,0,0,0
BRDA:56,0,1,3
BRDA:60,1,0,3
BRDA:60,1,1,0
BRDA:61,2,0,3
BRDA:61,2,1,0
BRDA:87,3,0,0
BRDA:87,3,1,0
BRDA:98,4,0,0
BRDA:98,4,1,0
BRDA:123,5,0,0
BRDA:123,5,1,0
BRDA:130,6,0,0
BRDA:130,6,1,0
BRDA:135,7,0,0
BRDA:135,7,1,0
BRDA:139,8,0,0
BRDA:139,8,1,0
BRDA:145,9,0,0
BRDA:145,9,1,0
BRDA:145,10,0,0
BRDA:145,10,1,0
BRDA:152,11,0,0
BRDA:152,11,1,6
BRDA:157,12,0,0
BRDA:157,12,1,6
BRDA:161,13,0,0
BRDA:161,13,1,6
BRDA:170,14,0,4
BRDA:170,14,1,2
BRDA:179,15,0,0
BRDA:179,15,1,2
BRDA:199,16,0,0
BRDA:199,16,1,2
BRDA:207,17,0,2
BRDA:207,17,1,0
BRDA:224,18,0,0
BRDA:224,18,1,0
BRDA:232,19,0,0
BRDA:232,19,1,0
BRDA:237,20,0,0
BRDA:237,20,1,0
BRDA:239,21,0,0
BRDA:239,21,1,0
BRDA:239,22,0,0
BRDA:239,22,1,0
BRDA:239,22,2,0
BRDA:261,23,0,0
BRDA:261,23,1,0
BRDA:263,24,0,0
BRDA:263,24,1,0
BRDA:265,25,0,0
BRDA:265,25,1,0
BRDA:281,26,0,0
BRDA:281,26,1,4
BRDA:286,27,0,0
BRDA:286,27,1,4
BRDA:291,28,0,2
BRDA:291,28,1,2
BRDA:299,29,0,1
BRDA:299,29,1,1
BRDA:301,30,0,0
BRDA:301,30,1,1
BRDA:308,31,0,0
BRDA:308,31,1,1
BRDA:317,32,0,0
BRDA:317,32,1,1
BRDA:333,33,0,0
BRDA:333,33,1,3
BRDA:338,34,0,0
BRDA:338,34,1,3
BRDA:338,35,0,3
BRDA:338,35,1,3
BRDA:338,35,2,3
BRDA:346,36,0,0
BRDA:346,36,1,3
BRDA:365,37,0,0
BRDA:365,37,1,0
BRDA:370,38,0,0
BRDA:370,38,1,0
BRDA:381,39,0,0
BRDA:381,39,1,0
BRDA:388,40,0,0
BRDA:388,40,1,0
BRDA:388,41,0,0
BRDA:388,41,1,0
BRDA:404,42,0,0
BRDA:404,42,1,0
BRDA:420,43,0,0
BRDA:420,43,1,0
BRDA:425,44,0,0
BRDA:425,44,1,0
BRDA:431,45,0,0
BRDA:431,45,1,0
BRDA:435,46,0,0
BRDA:435,46,1,0
BRDA:442,47,0,0
BRDA:442,47,1,0
BRDA:454,48,0,0
BRDA:454,48,1,0
BRDA:464,49,0,0
BRDA:464,49,1,0
BRDA:469,50,0,0
BRDA:469,50,1,0
BRDA:473,51,0,0
BRDA:473,51,1,0
BRDA:474,52,0,0
BRDA:474,52,1,0
BRDA:476,53,0,0
BRDA:476,53,1,0
BRDA:476,54,0,0
BRDA:476,54,1,0
BRDA:496,55,0,0
BRDA:496,55,1,0
BRDA:523,56,0,0
BRDA:523,56,1,0
BRDA:564,57,0,0
BRDA:564,57,1,0
BRDA:600,58,0,0
BRDA:600,58,1,0
BRDA:605,59,0,0
BRDA:605,59,1,0
BRDA:609,60,0,0
BRDA:609,60,1,0
BRDA:615,61,0,0
BRDA:615,61,1,0
BRDA:624,62,0,0
BRDA:624,62,1,0
BRDA:642,63,0,0
BRDA:642,63,1,0
BRDA:647,64,0,0
BRDA:647,64,1,0
BRDA:652,65,0,0
BRDA:652,65,1,0
BRDA:656,66,0,0
BRDA:656,66,1,0
BRDA:658,67,0,0
BRDA:658,67,1,0
BRDA:668,68,0,0
BRDA:668,68,1,0
BRDA:668,69,0,0
BRDA:668,69,1,0
BRDA:709,70,0,0
BRDA:709,70,1,0
BRDA:735,71,0,0
BRDA:735,71,1,0
BRDA:735,72,0,0
BRDA:735,72,1,0
BRDA:743,73,0,0
BRDA:743,73,1,0
BRDA:743,74,0,0
BRDA:743,74,1,0
BRDA:747,75,0,0
BRDA:747,75,1,0
BRDA:748,76,0,0
BRDA:748,76,1,0
BRDA:761,77,0,0
BRDA:761,77,1,0
BRDA:814,78,0,0
BRDA:814,78,1,0
BRDA:819,79,0,0
BRDA:819,79,1,0
BRDA:823,80,0,0
BRDA:823,80,1,0
BRDA:824,81,0,0
BRDA:824,81,1,0
BRDA:826,82,0,0
BRDA:826,82,1,0
BRDA:826,83,0,0
BRDA:826,83,1,0
BRDA:846,84,0,0
BRDA:846,84,1,0
BRDA:848,85,0,0
BRDA:848,85,1,0
BRDA:850,86,0,0
BRDA:850,86,1,0
BRDA:859,87,0,0
BRDA:859,87,1,0
BRDA:859,88,0,0
BRDA:859,88,1,0
BRDA:890,89,0,0
BRDA:890,89,1,0
BRDA:893,90,0,0
BRDA:893,90,1,0
BRDA:894,91,0,0
BRDA:894,91,1,0
BRDA:897,92,0,0
BRDA:897,92,1,0
BRDA:898,93,0,0
BRDA:898,93,1,0
BRDA:899,94,0,0
BRDA:899,94,1,0
BRDA:900,95,0,0
BRDA:900,95,1,0
BRDA:901,96,0,0
BRDA:901,96,1,0
BRDA:918,97,0,0
BRDA:918,97,1,0
BRDA:923,98,0,0
BRDA:923,98,1,0
BRDA:924,99,0,0
BRDA:924,99,1,0
BRDA:938,100,0,0
BRDA:938,100,1,0
BRDA:938,101,0,0
BRDA:938,101,1,0
BRDA:975,102,0,0
BRDA:975,102,1,0
BRDA:986,103,0,0
BRDA:986,103,1,0
BRDA:1012,104,0,0
BRDA:1012,104,1,0
BRDA:1018,105,0,0
BRDA:1018,105,1,0
BRDA:1031,106,0,0
BRDA:1031,106,1,0
BRDA:1046,107,0,0
BRDA:1046,107,1,0
BRDA:150,108,0,1
BRDA:150,108,1,0
BRDA:150,109,0,1
BRDA:150,109,1,1
BRDA:331,110,0,1
BRDA:331,110,1,0
BRDA:331,111,0,1
BRDA:331,111,1,1
BRDA:363,112,0,1
BRDA:363,112,1,0
BRDA:363,113,0,1
BRDA:363,113,1,1
BRDA:379,114,0,1
BRDA:379,114,1,0
BRDA:379,115,0,1
BRDA:379,115,1,1
BRDA:417,116,0,1
BRDA:417,116,1,0
BRDA:417,117,0,1
BRDA:417,117,1,1
BRDA:31,118,0,1
BRDA:31,118,1,0
BRDA:31,119,0,1
BRDA:31,119,1,1
BRDA:31,120,0,1
BRDA:31,120,1,0
BRDA:31,121,0,1
BRDA:31,121,1,1
BRDA:33,122,0,1
BRDA:33,122,1,0
BRDA:33,123,0,1
BRDA:33,123,1,1
BRDA:35,124,0,1
BRDA:35,124,1,0
BRDA:35,125,0,1
BRDA:35,125,1,1
BRDA:37,126,0,1
BRDA:37,126,1,0
BRDA:37,127,0,1
BRDA:37,127,1,1
BRDA:39,128,0,1
BRDA:39,128,1,0
BRDA:39,129,0,1
BRDA:39,129,1,1
BRDA:41,130,0,1
BRDA:41,130,1,0
BRDA:41,131,0,1
BRDA:41,131,1,1
BRDA:42,132,0,1
BRDA:42,132,1,0
BRDA:42,133,0,1
BRDA:42,133,1,1
BRDA:43,134,0,1
BRDA:43,134,1,0
BRDA:43,135,0,1
BRDA:43,135,1,1
BRDA:44,136,0,1
BRDA:44,136,1,0
BRDA:44,137,0,1
BRDA:44,137,1,1
BRDA:45,138,0,1
BRDA:45,138,1,0
BRDA:45,139,0,1
BRDA:45,139,1,1
BRF:282
BRH:74
end_of_record
TN:
SF:src/api/api.module.ts
FNF:0
FNH:0
DA:1,0
DA:2,0
DA:3,0
DA:4,0
DA:5,0
DA:6,0
DA:7,0
DA:8,0
DA:9,0
DA:10,0
DA:11,0
DA:12,0
DA:13,0
DA:14,0
DA:15,0
DA:16,0
DA:17,0
DA:31,0
LF:18
LH:0
BRF:0
BRH:0
end_of_record
TN:
SF:src/api/log.controller.ts
FN:9,(anonymous_4)
FN:15,(anonymous_5)
FNF:2
FNH:0
FNDA:0,(anonymous_4)
FNDA:0,(anonymous_5)
DA:1,0
DA:2,0
DA:3,0
DA:4,0
DA:8,0
DA:11,0
DA:15,0
DA:16,0
DA:17,0
DA:19,0
DA:29,0
DA:30,0
DA:33,0
DA:34,0
LF:14
LH:0
BRDA:17,0,0,0
BRDA:17,0,1,0
BRDA:20,1,0,0
BRDA:20,1,1,0
BRDA:21,2,0,0
BRDA:21,2,1,0
BRDA:22,3,0,0
BRDA:22,3,1,0
BRDA:24,4,0,0
BRDA:24,4,1,0
BRDA:25,5,0,0
BRDA:25,5,1,0
BRDA:26,6,0,0
BRDA:26,6,1,0
BRDA:11,7,0,0
BRDA:11,7,1,0
BRDA:11,8,0,0
BRDA:11,8,1,0
BRF:18
BRH:0
end_of_record
TN:
SF:src/api/dto/add-coin.dto.ts
FNF:0
FNH:0
DA:1,1
DA:3,1
DA:10,1
LF:3
LH:3
BRF:0
BRH:0
end_of_record
TN:
SF:src/api/dto/create-checkout.dto.ts
FNF:0
FNH:0
DA:1,1
DA:3,1
DA:8,1
DA:11,1
LF:4
LH:4
BRF:0
BRH:0
end_of_record
TN:
SF:src/api/dto/mute-settings.dto.ts
FNF:0
FNH:0
DA:1,1
DA:3,1
DA:7,1
LF:3
LH:3
BRF:0
BRH:0
end_of_record
TN:
SF:src/api/dto/update-language.dto.ts
FNF:0
FNH:0
DA:1,1
DA:3,1
DA:8,1
LF:3
LH:3
BRF:0
BRH:0
end_of_record
TN:
SF:src/api/dto/update-threshold.dto.ts
FNF:0
FNH:0
DA:1,1
DA:3,1
DA:7,1
LF:3
LH:3
BRF:0
BRH:0
end_of_record
TN:
SF:src/auth/admin.guard.ts
FN:14,(anonymous_2)
FN:19,(anonymous_3)
FNF:2
FNH:2
FNDA:19,(anonymous_2)
FNDA:19,(anonymous_3)
DA:1,1
DA:8,1
DA:9,1
DA:10,1
DA:13,1
DA:15,19
DA:16,19
DA:20,19
DA:21,19
DA:22,19
DA:25,19
DA:27,19
DA:28,12
DA:29,7
DA:30,2
DA:33,19
DA:34,5
DA:37,14
DA:39,14
DA:40,2
DA:43,12
DA:44,12
DA:45,1
DA:49,11
DA:50,6
DA:53,5
DA:59,5
LF:27
LH:27
BRDA:27,0,0,12
BRDA:27,0,1,7
BRDA:29,1,0,2
BRDA:29,1,1,5
BRDA:29,2,0,7
BRDA:29,2,1,4
BRDA:33,3,0,5
BRDA:33,3,1,14
BRDA:39,4,0,2
BRDA:39,4,1,12
BRDA:39,5,0,14
BRDA:39,5,1,13
BRDA:44,6,0,1
BRDA:44,6,1,11
BRDA:49,7,0,6
BRDA:49,7,1,5
BRDA:15,8,0,1
BRDA:15,8,1,0
BRDA:15,9,0,1
BRDA:15,9,1,1
BRDA:15,10,0,1
BRDA:15,10,1,0
BRDA:15,11,0,1
BRDA:15,11,1,1
BRF:24
BRH:22
end_of_record
TN:
SF:src/auth/auth.controller.ts
FN:13,(anonymous_13)
FN:19,(anonymous_14)
FN:47,(anonymous_15)
FN:60,(anonymous_16)
FN:101,(anonymous_17)
FN:101,(anonymous_18)
FN:102,(anonymous_19)
FN:102,(anonymous_20)
FN:111,(anonymous_21)
FN:118,(anonymous_22)
FN:138,(anonymous_23)
FN:138,(anonymous_24)
FN:139,(anonymous_25)
FN:139,(anonymous_26)
FN:148,(anonymous_27)
FN:216,(anonymous_28)
FN:216,(anonymous_29)
FN:217,(anonymous_30)
FN:217,(anonymous_31)
FNF:19
FNH:11
FNDA:18,(anonymous_13)
FNDA:5,(anonymous_14)
FNDA:10,(anonymous_15)
FNDA:5,(anonymous_16)
FNDA:0,(anonymous_17)
FNDA:0,(anonymous_18)
FNDA:0,(anonymous_19)
FNDA:0,(anonymous_20)
FNDA:1,(anonymous_21)
FNDA:4,(anonymous_22)
FNDA:3,(anonymous_23)
FNDA:2,(anonymous_24)
FNDA:2,(anonymous_25)
FNDA:1,(anonymous_26)
FNDA:7,(anonymous_27)
FNDA:0,(anonymous_28)
FNDA:0,(anonymous_29)
FNDA:0,(anonymous_30)
FNDA:0,(anonymous_31)
DA:1,1
DA:3,1
DA:4,1
DA:5,1
DA:6,1
DA:7,1
DA:8,1
DA:9,1
DA:12,1
DA:14,18
DA:15,18
DA:16,18
DA:20,5
DA:22,5
DA:23,1
DA:26,4
DA:27,1
DA:30,3
DA:31,3
DA:32,3
DA:34,3
DA:35,1
DA:38,2
DA:39,2
DA:40,0
DA:43,2
DA:45,2
DA:47,10
DA:50,2
DA:55,2
DA:60,1
DA:64,5
DA:65,0
DA:68,2
DA:78,2
DA:81,2
DA:82,2
DA:90,2
DA:101,0
DA:102,0
DA:111,1
DA:112,1
DA:113,1
DA:118,1
DA:119,4
DA:120,4
DA:121,1
DA:124,3
DA:125,3
DA:126,1
DA:129,2
DA:138,3
DA:139,2
DA:148,1
DA:153,7
DA:154,1
DA:157,6
DA:165,6
DA:166,6
DA:167,1
DA:171,5
DA:183,5
DA:184,1
DA:187,5
DA:190,5
DA:199,5
DA:201,5
DA:202,1
DA:205,4
DA:216,0
DA:217,0
LF:71
LH:65
BRDA:22,0,0,1
BRDA:22,0,1,4
BRDA:26,1,0,1
BRDA:26,1,1,3
BRDA:34,2,0,1
BRDA:34,2,1,2
BRDA:39,3,0,0
BRDA:39,3,1,2
BRDA:64,4,0,0
BRDA:64,4,1,2
BRDA:85,5,0,1
BRDA:85,5,1,1
BRDA:99,6,0,2
BRDA:99,6,1,0
BRDA:101,7,0,2
BRDA:101,7,1,0
BRDA:102,8,0,2
BRDA:102,8,1,0
BRDA:120,9,0,1
BRDA:120,9,1,3
BRDA:125,10,0,1
BRDA:125,10,1,2
BRDA:136,11,0,2
BRDA:136,11,1,0
BRDA:138,12,0,2
BRDA:138,12,1,1
BRDA:139,13,0,2
BRDA:139,13,1,1
BRDA:153,14,0,1
BRDA:153,14,1,6
BRDA:166,15,0,1
BRDA:166,15,1,5
BRDA:183,16,0,1
BRDA:183,16,1,4
BRDA:201,17,0,1
BRDA:201,17,1,4
BRDA:214,18,0,4
BRDA:214,18,1,0
BRDA:216,19,0,4
BRDA:216,19,1,0
BRDA:217,20,0,4
BRDA:217,20,1,0
BRDA:61,21,0,1
BRDA:61,21,1,0
BRDA:61,22,0,1
BRDA:61,22,1,1
BRDA:14,23,0,1
BRDA:14,23,1,0
BRDA:14,24,0,1
BRDA:14,24,1,1
BRDA:14,25,0,1
BRDA:14,25,1,0
BRDA:14,26,0,1
BRDA:14,26,1,1
BRDA:15,27,0,1
BRDA:15,27,1,0
BRDA:15,28,0,1
BRDA:15,28,1,1
BRF:58
BRH:45
end_of_record
TN:
SF:src/auth/auth.guard.ts
FN:14,(anonymous_2)
FN:20,(anonymous_3)
FNF:2
FNH:2
FNDA:56,(anonymous_2)
FNDA:18,(anonymous_3)
DA:1,3
DA:7,3
DA:8,3
DA:9,3
DA:10,3
DA:13,3
DA:15,56
DA:16,56
DA:17,56
DA:21,18
DA:26,17
DA:27,0
DA:30,17
DA:31,17
DA:32,17
DA:35,17
DA:37,17
DA:38,6
DA:39,11
DA:40,5
DA:43,17
DA:44,7
DA:47,10
DA:49,10
DA:50,3
DA:53,7
DA:54,7
DA:55,0
DA:58,7
DA:64,7
LF:30
LH:28
BRDA:26,0,0,0
BRDA:26,0,1,17
BRDA:37,1,0,6
BRDA:37,1,1,11
BRDA:39,2,0,5
BRDA:39,2,1,6
BRDA:39,3,0,11
BRDA:39,3,1,7
BRDA:43,4,0,7
BRDA:43,4,1,10
BRDA:49,5,0,3
BRDA:49,5,1,7
BRDA:49,6,0,10
BRDA:49,6,1,8
BRDA:54,7,0,0
BRDA:54,7,1,7
BRDA:15,8,0,3
BRDA:15,8,1,0
BRDA:15,9,0,3
BRDA:15,9,1,3
BRDA:15,10,0,3
BRDA:15,10,1,0
BRDA:15,11,0,3
BRDA:15,11,1,3
BRDA:16,12,0,3
BRDA:16,12,1,0
BRDA:16,13,0,3
BRDA:16,13,1,3
BRF:28
BRH:23
end_of_record
TN:
SF:src/auth/auth.module.ts
FNF:0
FNH:0
DA:1,0
DA:2,0
DA:3,0
DA:4,0
DA:5,0
DA:6,0
DA:14,0
LF:7
LH:0
BRF:0
BRH:0
end_of_record
TN:
SF:src/auth/auth.service.ts
FN:7,(anonymous_11)
FN:9,(anonymous_12)
FN:25,(anonymous_13)
FNF:3
FNH:3
FNDA:14,(anonymous_11)
FNDA:11,(anonymous_12)
FNDA:10,(anonymous_13)
DA:1,5
DA:2,5
DA:3,5
DA:6,5
DA:7,14
DA:10,11
DA:15,11
DA:16,11
DA:17,1
DA:20,10
DA:26,10
DA:27,10
DA:28,10
DA:29,1
DA:32,9
DA:33,6
DA:35,4
LF:17
LH:17
BRDA:16,0,0,1
BRDA:16,0,1,10
BRDA:28,1,0,1
BRDA:28,1,1,9
BRDA:7,2,0,5
BRDA:7,2,1,0
BRDA:7,3,0,5
BRDA:7,3,1,5
BRF:8
BRH:7
end_of_record
TN:
SF:src/auth/dto/telegram-login.dto.ts
FNF:0
FNH:0
DA:1,1
DA:3,1
DA:6,1
DA:10,1
DA:14,1
DA:18,1
DA:22,1
DA:26,1
DA:30,1
LF:9
LH:9
BRF:0
BRH:0
end_of_record
TN:
SF:src/backup/backup.module.ts
FNF:0
FNH:0
DA:1,0
DA:2,0
DA:3,0
DA:4,0
DA:11,0
LF:5
LH:0
BRF:0
BRH:0
end_of_record
TN:
SF:src/backup/backup.service.ts
FN:13,(anonymous_2)
FN:22,(anonymous_3)
FN:30,(anonymous_4)
FN:67,(anonymous_5)
FNF:4
FNH:0
FNDA:0,(anonymous_2)
FNDA:0,(anonymous_3)
FNDA:0,(anonymous_4)
FNDA:0,(anonymous_5)
DA:1,0
DA:2,0
DA:3,0
DA:4,0
DA:5,0
DA:7,0
DA:10,0
DA:11,0
DA:13,0
DA:22,0
DA:23,0
DA:24,0
DA:31,0
DA:32,0
DA:34,0
DA:35,0
DA:37,0
DA:38,0
DA:42,0
DA:43,0
DA:45,0
DA:47,0
DA:52,0
DA:53,0
DA:67,0
DA:68,0
DA:69,0
DA:70,0
DA:73,0
DA:75,0
LF:30
LH:0
BRDA:37,0,0,0
BRDA:37,0,1,0
BRDA:37,1,0,0
BRDA:37,1,1,0
BRDA:43,2,0,0
BRDA:43,2,1,0
BRDA:69,3,0,0
BRDA:69,3,1,0
BRDA:13,4,0,0
BRDA:13,4,1,0
BRDA:13,5,0,0
BRDA:13,5,1,0
BRF:12
BRH:0
end_of_record
TN:
SF:src/cache/cache.module.ts
FNF:0
FNH:0
DA:1,0
DA:2,0
DA:3,0
DA:4,0
DA:11,0
LF:5
LH:0
BRF:0
BRH:0
end_of_record
TN:
SF:src/cache/cache.service.ts
FN:7,(anonymous_2)
FN:12,(anonymous_3)
FN:17,(anonymous_4)
FN:30,(anonymous_5)
FN:40,(anonymous_6)
FNF:5
FNH:0
FNDA:0,(anonymous_2)
FNDA:0,(anonymous_3)
FNDA:0,(anonymous_4)
FNDA:0,(anonymous_5)
FNDA:0,(anonymous_6)
DA:1,2
DA:2,2
DA:3,2
DA:6,2
DA:8,0
DA:9,0
DA:13,0
DA:14,0
DA:22,0
DA:23,0
DA:36,0
DA:37,0
DA:46,0
DA:47,0
LF:14
LH:4
BRDA:8,0,0,2
BRDA:8,0,1,0
BRDA:8,1,0,2
BRDA:8,1,1,2
BRDA:8,2,0,2
BRDA:8,2,1,0
BRDA:8,3,0,2
BRDA:8,3,1,2
BRF:8
BRH:6
end_of_record
TN:
SF:src/coingecko/coingecko.module.ts
FNF:0
FNH:0
DA:1,0
DA:2,0
DA:3,0
DA:4,0
DA:5,0
DA:14,0
LF:6
LH:0
BRF:0
BRH:0
end_of_record
TN:
SF:src/coingecko/coingecko.service.ts
FN:57,(anonymous_4)
FN:67,(anonymous_5)
FN:88,(anonymous_6)
FN:113,(anonymous_7)
FN:185,(anonymous_8)
FN:217,(anonymous_9)
FN:252,(anonymous_10)
FN:289,(anonymous_11)
FN:299,(anonymous_12)
FN:310,(anonymous_13)
FN:338,(anonymous_14)
FN:342,(anonymous_15)
FN:343,(anonymous_16)
FNF:13
FNH:0
FNDA:0,(anonymous_4)
FNDA:0,(anonymous_5)
FNDA:0,(anonymous_6)
FNDA:0,(anonymous_7)
FNDA:0,(anonymous_8)
FNDA:0,(anonymous_9)
FNDA:0,(anonymous_10)
FNDA:0,(anonymous_11)
FNDA:0,(anonymous_12)
FNDA:0,(anonymous_13)
FNDA:0,(anonymous_14)
FNDA:0,(anonymous_15)
FNDA:0,(anonymous_16)
DA:1,1
DA:2,1
DA:3,1
DA:4,1
DA:5,1
DA:36,1
DA:37,0
DA:38,0
DA:39,0
DA:42,0
DA:59,0
DA:61,0
DA:68,0
DA:69,0
DA:70,0
DA:72,0
DA:73,0
DA:76,0
DA:77,0
DA:78,0
DA:80,0
DA:81,0
DA:89,0
DA:90,0
DA:94,0
DA:95,0
DA:96,0
DA:97,0
DA:98,0
DA:100,0
DA:103,0
DA:105,0
DA:106,0
DA:114,0
DA:115,0
DA:118,0
DA:120,0
DA:121,0
DA:122,0
DA:125,0
DA:127,0
DA:129,0
DA:131,0
DA:132,0
DA:134,0
DA:136,0
DA:144,0
DA:149,0
DA:151,0
DA:152,0
DA:153,0
DA:154,0
DA:155,0
DA:158,0
DA:167,0
DA:170,0
DA:172,0
DA:178,0
DA:186,0
DA:187,0
DA:190,0
DA:191,0
DA:192,0
DA:193,0
DA:195,0
DA:196,0
DA:201,0
DA:202,0
DA:203,0
DA:204,0
DA:206,0
DA:207,0
DA:211,0
DA:218,0
DA:220,0
DA:225,0
DA:227,0
DA:229,0
DA:230,0
DA:232,0
DA:233,0
DA:238,0
DA:239,0
DA:242,0
DA:246,0
DA:253,0
DA:255,0
DA:258,0
DA:259,0
DA:260,0
DA:262,0
DA:263,0
DA:268,0
DA:272,0
DA:273,0
DA:274,0
DA:275,0
DA:276,0
DA:277,0
DA:278,0
DA:282,0
DA:283,0
DA:290,0
DA:300,0
DA:314,0
DA:324,0
DA:325,0
DA:331,0
DA:339,0
DA:343,0
LF:110
LH:6
BRDA:72,0,0,0
BRDA:72,0,1,0
BRDA:94,1,0,0
BRDA:94,1,1,0
BRDA:95,2,0,0
BRDA:95,2,1,0
BRDA:114,3,0,0
BRDA:114,3,1,0
BRDA:121,4,0,0
BRDA:121,4,1,0
BRDA:121,5,0,0
BRDA:121,5,1,0
BRDA:129,6,0,0
BRDA:129,6,1,0
BRDA:132,7,0,0
BRDA:132,7,1,0
BRDA:149,8,0,0
BRDA:149,8,1,0
BRDA:191,9,0,0
BRDA:191,9,1,0
BRDA:195,10,0,0
BRDA:195,10,1,0
BRDA:202,11,0,0
BRDA:202,11,1,0
BRDA:206,12,0,0
BRDA:206,12,1,0
BRDA:232,13,0,0
BRDA:232,13,1,0
BRDA:262,14,0,0
BRDA:262,14,1,0
BRDA:262,15,0,0
BRDA:262,15,1,0
BRDA:275,16,0,0
BRDA:275,16,1,0
BRDA:324,17,0,0
BRDA:324,17,1,0
BRDA:59,18,0,1
BRDA:59,18,1,0
BRDA:59,19,0,1
BRDA:59,19,1,1
BRDA:59,20,0,1
BRDA:59,20,1,0
BRDA:59,21,0,1
BRDA:59,21,1,1
BRF:44
BRH:6
end_of_record
TN:
SF:src/common/circuit-breaker.ts
FN:10,(anonymous_0)
FN:16,(anonymous_1)
FN:30,(anonymous_2)
FN:31,(anonymous_3)
FN:56,(anonymous_4)
FN:60,(anonymous_5)
FN:64,(anonymous_6)
FN:77,(anonymous_7)
FN:84,(anonymous_8)
FN:91,(anonymous_9)
FN:92,(anonymous_10)
FN:95,(anonymous_11)
FN:97,(anonymous_12)
FNF:13
FNH:0
FNDA:0,(anonymous_0)
FNDA:0,(anonymous_1)
FNDA:0,(anonymous_2)
FNDA:0,(anonymous_3)
FNDA:0,(anonymous_4)
FNDA:0,(anonymous_5)
FNDA:0,(anonymous_6)
FNDA:0,(anonymous_7)
FNDA:0,(anonymous_8)
FNDA:0,(anonymous_9)
FNDA:0,(anonymous_10)
FNDA:0,(anonymous_11)
FNDA:0,(anonymous_12)
DA:5,2
DA:6,0
DA:7,0
DA:8,0
DA:11,0
DA:12,0
DA:13,0
DA:17,0
DA:19,0
DA:20,0
DA:21,0
DA:23,0
DA:27,0
DA:28,0
DA:31,0
DA:36,0
DA:37,0
DA:38,0
DA:39,0
DA:40,0
DA:43,0
DA:45,0
DA:46,0
DA:48,0
DA:49,0
DA:52,0
DA:57,0
DA:61,0
DA:65,0
DA:66,0
DA:67,0
DA:74,2
DA:75,2
DA:78,0
DA:79,0
DA:81,0
DA:85,0
DA:86,0
DA:87,0
DA:92,0
DA:96,0
DA:97,0
DA:98,0
DA:103,0
DA:108,2
LF:45
LH:4
BRDA:11,0,0,0
BRDA:12,1,0,0
BRDA:13,2,0,0
BRDA:17,3,0,0
BRDA:17,3,1,0
BRDA:19,4,0,0
BRDA:19,4,1,0
BRDA:19,5,0,0
BRDA:19,5,1,0
BRDA:36,6,0,0
BRDA:36,6,1,0
BRDA:39,7,0,0
BRDA:39,7,1,0
BRDA:48,8,0,0
BRDA:48,8,1,0
BRDA:78,9,0,0
BRDA:78,9,1,0
BRDA:86,10,0,0
BRDA:86,10,1,0
BRF:19
BRH:0
end_of_record
TN:
SF:src/common/constants.ts
FN:2,(anonymous_0)
FN:8,(anonymous_1)
FN:118,(anonymous_2)
FNF:3
FNH:3
FNDA:7,(anonymous_0)
FNDA:7,(anonymous_1)
FNDA:7,(anonymous_2)
DA:2,7
DA:3,7
DA:4,7
DA:8,7
DA:9,7
DA:10,7
DA:11,7
DA:12,7
DA:25,7
DA:73,7
DA:84,7
DA:96,7
DA:109,7
DA:112,7
DA:113,7
DA:114,7
DA:115,7
DA:118,7
DA:119,7
DA:120,7
DA:121,7
DA:122,7
DA:125,7
DA:127,7
DA:135,7
DA:136,7
DA:137,7
DA:138,7
DA:139,7
DA:140,7
DA:141,7
DA:142,7
DA:143,7
DA:144,7
DA:145,7
DA:146,7
DA:147,7
DA:148,7
LF:38
LH:38
BRDA:2,0,0,7
BRDA:2,0,1,7
BRDA:8,1,0,7
BRDA:8,1,1,7
BRDA:118,2,0,7
BRDA:118,2,1,7
BRF:6
BRH:6
end_of_record
TN:
SF:src/common/env-validator.ts
FN:6,(anonymous_0)
FNF:1
FNH:0
FNDA:0,(anonymous_0)
DA:1,0
DA:3,0
DA:4,0
DA:7,0
DA:10,0
DA:11,0
DA:12,0
DA:13,0
DA:17,0
DA:18,0
DA:19,0
DA:21,0
DA:22,0
DA:24,0
DA:25,0
DA:30,0
DA:31,0
DA:35,0
DA:36,0
DA:43,0
DA:44,0
DA:45,0
DA:51,0
DA:52,0
DA:55,0
DA:56,0
DA:57,0
DA:58,0
DA:61,0
LF:29
LH:0
BRDA:10,0,0,0
BRDA:10,0,1,0
BRDA:12,1,0,0
BRDA:12,1,1,0
BRDA:17,2,0,0
BRDA:17,2,1,0
BRDA:18,3,0,0
BRDA:18,3,1,0
BRDA:21,4,0,0
BRDA:21,4,1,0
BRDA:24,5,0,0
BRDA:24,5,1,0
BRDA:30,6,0,0
BRDA:30,6,1,0
BRDA:30,7,0,0
BRDA:30,7,1,0
BRDA:35,8,0,0
BRDA:35,8,1,0
BRDA:35,9,0,0
BRDA:35,9,1,0
BRDA:44,10,0,0
BRDA:44,10,1,0
BRDA:51,11,0,0
BRDA:51,11,1,0
BRDA:51,12,0,0
BRDA:51,12,1,0
BRDA:51,12,2,0
BRDA:55,13,0,0
BRDA:55,13,1,0
BRF:29
BRH:0
end_of_record
TN:
SF:src/common/symbol-normalizer.ts
FN:20,normalizeSymbol
FN:52,normalizePrice
FN:62,denormalizePrice
FN:72,isSameAsset
FN:85,getRelativeMultiplier
FN:103,convertPrice
FN:139,getSymbolVariants
FN:163,findBestMatch
FN:168,(anonymous_8)
FNF:9
FNH:0
FNDA:0,normalizeSymbol
FNDA:0,normalizePrice
FNDA:0,denormalizePrice
FNDA:0,isSameAsset
FNDA:0,getRelativeMultiplier
FNDA:0,convertPrice
FNDA:0,getSymbolVariants
FNDA:0,findBestMatch
FNDA:0,(anonymous_8)
DA:20,1
DA:21,0
DA:24,0
DA:26,0
DA:27,0
DA:28,0
DA:30,0
DA:38,0
DA:52,1
DA:53,0
DA:62,1
DA:63,0
DA:72,1
DA:73,0
DA:74,0
DA:76,0
DA:85,1
DA:86,0
DA:87,0
DA:89,0
DA:90,0
DA:93,0
DA:103,1
DA:108,0
DA:109,0
DA:116,1
DA:139,1
DA:140,0
DA:141,0
DA:144,0
DA:145,0
DA:149,0
DA:150,0
DA:151,0
DA:154,0
DA:163,1
DA:167,0
DA:168,0
DA:171,0
DA:172,0
DA:176,0
DA:177,0
DA:178,0
DA:179,0
DA:180,0
DA:184,0
LF:46
LH:9
BRDA:26,0,0,0
BRDA:26,0,1,0
BRDA:89,1,0,0
BRDA:89,1,1,0
BRDA:144,2,0,0
BRDA:144,2,1,0
BRDA:150,3,0,0
BRDA:150,3,1,0
BRDA:150,4,0,0
BRDA:150,4,1,0
BRDA:171,5,0,0
BRDA:171,5,1,0
BRDA:178,6,0,0
BRDA:178,6,1,0
BRF:14
BRH:0
end_of_record
TN:
SF:src/common/decorators/public.decorator.ts
FN:4,(anonymous_0)
FNF:1
FNH:0
FNDA:0,(anonymous_0)
DA:1,3
DA:3,3
DA:4,3
LF:3
LH:3
BRF:0
BRH:0
end_of_record
TN:
SF:src/common/filters/http-exception.filter.ts
FN:31,(anonymous_10)
FN:40,(anonymous_11)
FN:54,(anonymous_12)
FNF:3
FNH:0
FNDA:0,(anonymous_10)
FNDA:0,(anonymous_11)
FNDA:0,(anonymous_12)
DA:1,0
DA:10,0
DA:13,0
DA:14,0
DA:16,0
DA:32,0
DA:33,0
DA:36,0
DA:38,0
DA:39,0
DA:40,0
DA:41,0
DA:44,0
DA:45,0
DA:46,0
DA:47,0
DA:51,0
DA:55,0
DA:56,0
DA:57,0
DA:59,0
DA:60,0
DA:61,0
DA:63,0
DA:64,0
DA:65,0
DA:67,0
DA:68,0
DA:69,0
DA:70,0
DA:71,0
DA:72,0
DA:74,0
DA:75,0
DA:76,0
DA:80,0
DA:89,0
DA:95,0
DA:96,0
DA:110,0
DA:111,0
DA:115,0
LF:42
LH:0
BRDA:32,0,0,0
BRDA:32,0,1,0
BRDA:32,1,0,0
BRDA:32,1,1,0
BRDA:36,2,0,0
BRDA:36,2,1,0
BRDA:44,3,0,0
BRDA:44,3,1,0
BRDA:46,4,0,0
BRDA:46,4,1,0
BRDA:46,5,0,0
BRDA:46,5,1,0
BRDA:63,6,0,0
BRDA:63,6,1,0
BRDA:67,7,0,0
BRDA:67,7,1,0
BRDA:70,8,0,0
BRDA:70,8,1,0
BRDA:71,9,0,0
BRDA:71,9,1,0
BRDA:74,10,0,0
BRDA:74,10,1,0
BRDA:86,11,0,0
BRDA:86,11,1,0
BRDA:91,12,0,0
BRDA:91,12,1,0
BRDA:95,13,0,0
BRDA:95,13,1,0
BRDA:95,14,0,0
BRDA:95,14,1,0
BRDA:111,15,0,0
BRDA:111,15,1,0
BRDA:111,16,0,0
BRDA:111,16,1,0
BRDA:120,17,0,0
BRDA:120,17,1,0
BRF:36
BRH:0
end_of_record
TN:
SF:src/common/guards/throttle-exception.guard.ts
FN:7,(anonymous_2)
FN:11,(anonymous_3)
FNF:2
FNH:0
FNDA:0,(anonymous_2)
FNDA:0,(anonymous_3)
DA:1,0
DA:2,0
DA:3,0
DA:6,0
DA:8,0
DA:15,0
LF:6
LH:0
BRDA:7,0,0,0
BRDA:7,0,1,0
BRDA:7,1,0,0
BRDA:7,1,1,0
BRF:4
BRH:0
end_of_record
TN:
SF:src/common/interceptors/logging.interceptor.ts
FN:15,(anonymous_1)
FN:22,(anonymous_2)
FN:31,(anonymous_3)
FNF:3
FNH:0
FNDA:0,(anonymous_1)
FNDA:0,(anonymous_2)
FNDA:0,(anonymous_3)
DA:1,0
DA:9,0
DA:12,0
DA:13,0
DA:16,0
DA:17,0
DA:18,0
DA:20,0
DA:23,0
DA:24,0
DA:25,0
DA:27,0
DA:32,0
DA:33,0
LF:14
LH:0
BRDA:34,0,0,0
BRDA:34,0,1,0
BRF:2
BRH:0
end_of_record
TN:
SF:src/common/middleware/request-logger.middleware.ts
FN:8,(anonymous_1)
FN:12,(anonymous_2)
FNF:2
FNH:0
FNDA:0,(anonymous_1)
FNDA:0,(anonymous_2)
DA:1,0
DA:5,0
DA:6,0
DA:9,0
DA:10,0
DA:12,0
DA:13,0
DA:14,0
DA:15,0
DA:17,0
DA:19,0
DA:20,0
DA:21,0
DA:22,0
DA:24,0
DA:28,0
LF:16
LH:0
BRDA:15,0,0,0
BRDA:15,0,1,0
BRDA:19,1,0,0
BRDA:19,1,1,0
BRDA:21,2,0,0
BRDA:21,2,1,0
BRF:6
BRH:0
end_of_record
TN:
SF:src/config/config.module.ts
FNF:0
FNH:0
DA:1,0
DA:2,0
DA:3,0
DA:16,0
LF:4
LH:0
BRDA:10,0,0,0
BRDA:10,0,1,0
BRF:2
BRH:0
end_of_record
TN:
SF:src/config/config.service.ts
FN:6,(anonymous_2)
FN:9,(anonymous_3)
FN:13,(anonymous_4)
FN:17,(anonymous_5)
FN:21,(anonymous_6)
FN:25,(anonymous_7)
FN:30,(anonymous_8)
FN:34,(anonymous_9)
FN:38,(anonymous_10)
FN:43,(anonymous_11)
FN:47,(anonymous_12)
FN:52,(anonymous_13)
FN:57,(anonymous_14)
FN:61,(anonymous_15)
FN:65,(anonymous_16)
FN:70,(anonymous_17)
FN:74,(anonymous_18)
FN:78,(anonymous_19)
FN:83,(anonymous_20)
FN:87,(anonymous_21)
FN:91,(anonymous_22)
FN:96,(anonymous_23)
FN:100,(anonymous_24)
FN:104,(anonymous_25)
FN:108,(anonymous_26)
FN:112,(anonymous_27)
FN:116,(anonymous_28)
FN:121,(anonymous_29)
FN:135,(anonymous_30)
FN:151,(anonymous_31)
FN:155,(anonymous_32)
FN:159,(anonymous_33)
FN:163,(anonymous_34)
FN:168,(anonymous_35)
FNF:34
FNH:0
FNDA:0,(anonymous_2)
FNDA:0,(anonymous_3)
FNDA:0,(anonymous_4)
FNDA:0,(anonymous_5)
FNDA:0,(anonymous_6)
FNDA:0,(anonymous_7)
FNDA:0,(anonymous_8)
FNDA:0,(anonymous_9)
FNDA:0,(anonymous_10)
FNDA:0,(anonymous_11)
FNDA:0,(anonymous_12)
FNDA:0,(anonymous_13)
FNDA:0,(anonymous_14)
FNDA:0,(anonymous_15)
FNDA:0,(anonymous_16)
FNDA:0,(anonymous_17)
FNDA:0,(anonymous_18)
FNDA:0,(anonymous_19)
FNDA:0,(anonymous_20)
FNDA:0,(anonymous_21)
FNDA:0,(anonymous_22)
FNDA:0,(anonymous_23)
FNDA:0,(anonymous_24)
FNDA:0,(anonymous_25)
FNDA:0,(anonymous_26)
FNDA:0,(anonymous_27)
FNDA:0,(anonymous_28)
FNDA:0,(anonymous_29)
FNDA:0,(anonymous_30)
FNDA:0,(anonymous_31)
FNDA:0,(anonymous_32)
FNDA:0,(anonymous_33)
FNDA:0,(anonymous_34)
FNDA:0,(anonymous_35)
DA:1,7
DA:2,7
DA:5,7
DA:6,0
DA:10,0
DA:14,0
DA:18,0
DA:22,0
DA:26,0
DA:31,0
DA:35,0
DA:39,0
DA:44,0
DA:48,0
DA:53,0
DA:58,0
DA:62,0
DA:66,0
DA:71,0
DA:75,0
DA:79,0
DA:84,0
DA:88,0
DA:92,0
DA:97,0
DA:101,0
DA:105,0
DA:109,0
DA:113,0
DA:117,0
DA:122,0
DA:132,0
DA:136,0
DA:137,0
DA:147,0
DA:152,0
DA:156,0
DA:160,0
DA:164,0
DA:169,0
LF:40
LH:3
BRDA:31,0,0,0
BRDA:31,0,1,0
BRDA:44,1,0,0
BRDA:44,1,1,0
BRDA:53,2,0,0
BRDA:53,2,1,0
BRDA:58,3,0,0
BRDA:58,3,1,0
BRDA:84,4,0,0
BRDA:84,4,1,0
BRDA:88,5,0,0
BRDA:88,5,1,0
BRDA:92,6,0,0
BRDA:92,6,1,0
BRDA:97,7,0,0
BRDA:97,7,1,0
BRDA:101,8,0,0
BRDA:101,8,1,0
BRDA:105,9,0,0
BRDA:105,9,1,0
BRDA:109,10,0,0
BRDA:109,10,1,0
BRDA:113,11,0,0
BRDA:113,11,1,0
BRDA:117,12,0,0
BRDA:117,12,1,0
BRDA:132,13,0,0
BRDA:132,13,1,0
BRDA:135,14,0,0
BRDA:147,15,0,0
BRDA:147,15,1,0
BRDA:6,16,0,7
BRDA:6,16,1,0
BRDA:6,17,0,7
BRDA:6,17,1,7
BRF:35
BRH:3
end_of_record
TN:
SF:src/coverage/lcov-report/block-navigation.js
FN:2,init
FN:24,toggleClass
FN:31,makeCurrent
FN:41,goToPrevious
FN:52,goToNext
FN:65,jump
FNF:6
FNH:0
FNDA:0,init
FNDA:0,toggleClass
FNDA:0,makeCurrent
FNDA:0,goToPrevious
FNDA:0,goToNext
FNDA:0,jump
DA:2,0
DA:4,0
DA:7,0
DA:10,0
DA:14,0
DA:20,0
DA:25,0
DA:28,0
DA:32,0
DA:33,0
DA:34,0
DA:42,0
DA:43,0
DA:44,0
DA:45,0
DA:46,0
DA:49,0
DA:53,0
DA:55,0
DA:59,0
DA:62,0
DA:65,0
DA:66,0
DA:71,0
DA:74,0
DA:77,0
DA:78,0
DA:82,0
DA:83,0
DA:87,0
LF:30
LH:0
BRDA:43,0,0,0
BRDA:43,0,1,0
BRDA:43,1,0,0
BRDA:43,1,1,0
BRDA:45,2,0,0
BRDA:45,2,1,0
BRDA:55,3,0,0
BRDA:55,3,1,0
BRDA:56,4,0,0
BRDA:56,4,1,0
BRDA:66,5,0,0
BRDA:66,5,1,0
BRDA:67,6,0,0
BRDA:67,6,1,0
BRDA:74,7,0,0
BRDA:74,7,1,0
BRDA:74,7,2,0
BRDA:74,7,3,0
BRDA:74,7,4,0
BRF:19
BRH:0
end_of_record
TN:
SF:src/coverage/lcov-report/prettify.js
FN:2,(anonymous_0)
FN:2,k
FN:2,ab
FN:2,T
FN:2,X
FN:2,(anonymous_5)
FN:2,W
FN:2,(anonymous_7)
FN:2,a
FN:2,aa
FN:2,B
FN:2,o
FN:2,g
FN:2,(anonymous_13)
FN:2,(anonymous_14)
FN:2,i
FN:2,Q
FN:2,ae
FN:2,ad
FN:2,ai
FN:2,D
FN:2,c
FN:2,q
FN:2,d
FN:2,y
FN:2,b
FN:2,Y
FN:2,(anonymous_27)
FN:2,U
FNF:29
FNH:0
FNDA:0,(anonymous_0)
FNDA:0,k
FNDA:0,ab
FNDA:0,T
FNDA:0,X
FNDA:0,(anonymous_5)
FNDA:0,W
FNDA:0,(anonymous_7)
FNDA:0,a
FNDA:0,aa
FNDA:0,B
FNDA:0,o
FNDA:0,g
FNDA:0,(anonymous_13)
FNDA:0,(anonymous_14)
FNDA:0,i
FNDA:0,Q
FNDA:0,ae
FNDA:0,ad
FNDA:0,ai
FNDA:0,D
FNDA:0,c
FNDA:0,q
FNDA:0,d
FNDA:0,y
FNDA:0,b
FNDA:0,Y
FNDA:0,(anonymous_27)
FNDA:0,U
DA:2,0
LF:1
LH:0
BRDA:2,0,0,0
BRDA:2,0,1,0
BRDA:2,1,0,0
BRDA:2,1,1,0
BRDA:2,2,0,0
BRDA:2,2,1,0
BRDA:2,3,0,0
BRDA:2,3,1,0
BRDA:2,4,0,0
BRDA:2,4,1,0
BRDA:2,5,0,0
BRDA:2,5,1,0
BRDA:2,6,0,0
BRDA:2,6,1,0
BRDA:2,7,0,0
BRDA:2,7,1,0
BRDA:2,8,0,0
BRDA:2,8,1,0
BRDA:2,9,0,0
BRDA:2,9,1,0
BRDA:2,10,0,0
BRDA:2,10,1,0
BRDA:2,11,0,0
BRDA:2,11,1,0
BRDA:2,11,2,0
BRDA:2,11,3,0
BRDA:2,12,0,0
BRDA:2,12,1,0
BRDA:2,13,0,0
BRDA:2,13,1,0
BRDA:2,14,0,0
BRDA:2,14,1,0
BRDA:2,15,0,0
BRDA:2,15,1,0
BRDA:2,16,0,0
BRDA:2,16,1,0
BRDA:2,17,0,0
BRDA:2,17,1,0
BRDA:2,18,0,0
BRDA:2,18,1,0
BRDA:2,19,0,0
BRDA:2,19,1,0
BRDA:2,20,0,0
BRDA:2,20,1,0
BRDA:2,21,0,0
BRDA:2,21,1,0
BRDA:2,22,0,0
BRDA:2,22,1,0
BRDA:2,23,0,0
BRDA:2,23,1,0
BRDA:2,24,0,0
BRDA:2,24,1,0
BRDA:2,25,0,0
BRDA:2,25,1,0
BRDA:2,26,0,0
BRDA:2,26,1,0
BRDA:2,27,0,0
BRDA:2,27,1,0
BRDA:2,28,0,0
BRDA:2,28,1,0
BRDA:2,29,0,0
BRDA:2,29,1,0
BRDA:2,30,0,0
BRDA:2,30,1,0
BRDA:2,31,0,0
BRDA:2,31,1,0
BRDA:2,32,0,0
BRDA:2,32,1,0
BRDA:2,33,0,0
BRDA:2,33,1,0
BRDA:2,34,0,0
BRDA:2,34,1,0
BRDA:2,35,0,0
BRDA:2,35,1,0
BRDA:2,36,0,0
BRDA:2,36,1,0
BRDA:2,37,0,0
BRDA:2,37,1,0
BRDA:2,38,0,0
BRDA:2,38,1,0
BRDA:2,39,0,0
BRDA:2,39,1,0
BRDA:2,40,0,0
BRDA:2,40,1,0
BRDA:2,41,0,0
BRDA:2,41,1,0
BRDA:2,42,0,0
BRDA:2,42,1,0
BRDA:2,43,0,0
BRDA:2,43,1,0
BRDA:2,44,0,0
BRDA:2,44,1,0
BRDA:2,45,0,0
BRDA:2,45,1,0
BRDA:2,46,0,0
BRDA:2,46,1,0
BRDA:2,47,0,0
BRDA:2,47,1,0
BRDA:2,48,0,0
BRDA:2,48,1,0
BRDA:2,49,0,0
BRDA:2,49,1,0
BRDA:2,50,0,0
BRDA:2,50,1,0
BRDA:2,50,2,0
BRDA:2,51,0,0
BRDA:2,51,1,0
BRDA:2,52,0,0
BRDA:2,52,1,0
BRDA:2,53,0,0
BRDA:2,53,1,0
BRDA:2,54,0,0
BRDA:2,54,1,0
BRDA:2,55,0,0
BRDA:2,55,1,0
BRDA:2,56,0,0
BRDA:2,56,1,0
BRDA:2,57,0,0
BRDA:2,57,1,0
BRDA:2,58,0,0
BRDA:2,58,1,0
BRDA:2,59,0,0
BRDA:2,59,1,0
BRDA:2,60,0,0
BRDA:2,60,1,0
BRDA:2,61,0,0
BRDA:2,61,1,0
BRDA:2,62,0,0
BRDA:2,62,1,0
BRDA:2,63,0,0
BRDA:2,63,1,0
BRDA:2,64,0,0
BRDA:2,64,1,0
BRDA:2,65,0,0
BRDA:2,65,1,0
BRDA:2,66,0,0
BRDA:2,66,1,0
BRDA:2,67,0,0
BRDA:2,67,1,0
BRDA:2,68,0,0
BRDA:2,68,1,0
BRDA:2,69,0,0
BRDA:2,69,1,0
BRDA:2,70,0,0
BRDA:2,70,1,0
BRDA:2,71,0,0
BRDA:2,71,1,0
BRDA:2,72,0,0
BRDA:2,72,1,0
BRDA:2,73,0,0
BRDA:2,73,1,0
BRDA:2,74,0,0
BRDA:2,74,1,0
BRDA:2,75,0,0
BRDA:2,75,1,0
BRDA:2,76,0,0
BRDA:2,76,1,0
BRDA:2,77,0,0
BRDA:2,77,1,0
BRDA:2,78,0,0
BRDA:2,78,1,0
BRDA:2,79,0,0
BRDA:2,79,1,0
BRDA:2,80,0,0
BRDA:2,80,1,0
BRDA:2,81,0,0
BRDA:2,81,1,0
BRDA:2,82,0,0
BRDA:2,82,1,0
BRDA:2,83,0,0
BRDA:2,83,1,0
BRDA:2,84,0,0
BRDA:2,84,1,0
BRDA:2,85,0,0
BRDA:2,85,1,0
BRDA:2,86,0,0
BRDA:2,86,1,0
BRDA:2,87,0,0
BRDA:2,87,1,0
BRDA:2,88,0,0
BRDA:2,88,1,0
BRDA:2,89,0,0
BRDA:2,89,1,0
BRDA:2,89,2,0
BRDA:2,90,0,0
BRDA:2,90,1,0
BRDA:2,91,0,0
BRDA:2,91,1,0
BRDA:2,92,0,0
BRDA:2,92,1,0
BRDA:2,93,0,0
BRDA:2,93,1,0
BRDA:2,94,0,0
BRDA:2,94,1,0
BRDA:2,95,0,0
BRDA:2,95,1,0
BRDA:2,96,0,0
BRDA:2,96,1,0
BRDA:2,97,0,0
BRDA:2,97,1,0
BRDA:2,98,0,0
BRDA:2,98,1,0
BRDA:2,99,0,0
BRDA:2,99,1,0
BRDA:2,100,0,0
BRDA:2,100,1,0
BRDA:2,101,0,0
BRDA:2,101,1,0
BRDA:2,102,0,0
BRDA:2,102,1,0
BRDA:2,103,0,0
BRDA:2,103,1,0
BRDA:2,104,0,0
BRDA:2,104,1,0
BRDA:2,105,0,0
BRDA:2,105,1,0
BRDA:2,106,0,0
BRDA:2,106,1,0
BRDA:2,107,0,0
BRDA:2,107,1,0
BRDA:2,108,0,0
BRDA:2,108,1,0
BRDA:2,109,0,0
BRDA:2,109,1,0
BRDA:2,110,0,0
BRDA:2,110,1,0
BRDA:2,111,0,0
BRDA:2,111,1,0
BRDA:2,112,0,0
BRDA:2,112,1,0
BRDA:2,113,0,0
BRDA:2,113,1,0
BRDA:2,114,0,0
BRDA:2,114,1,0
BRDA:2,115,0,0
BRDA:2,115,1,0
BRDA:2,116,0,0
BRDA:2,116,1,0
BRDA:2,117,0,0
BRDA:2,117,1,0
BRDA:2,118,0,0
BRDA:2,118,1,0
BRDA:2,119,0,0
BRDA:2,119,1,0
BRDA:2,120,0,0
BRDA:2,120,1,0
BRDA:2,121,0,0
BRDA:2,121,1,0
BRDA:2,122,0,0
BRDA:2,122,1,0
BRDA:2,123,0,0
BRDA:2,123,1,0
BRDA:2,124,0,0
BRDA:2,124,1,0
BRDA:2,125,0,0
BRDA:2,125,1,0
BRDA:2,126,0,0
BRDA:2,126,1,0
BRDA:2,127,0,0
BRDA:2,127,1,0
BRDA:2,128,0,0
BRDA:2,128,1,0
BRDA:2,128,2,0
BRDA:2,129,0,0
BRDA:2,129,1,0
BRDA:2,130,0,0
BRDA:2,130,1,0
BRDA:2,131,0,0
BRDA:2,131,1,0
BRDA:2,131,2,0
BRDA:2,131,3,0
BRDA:2,131,4,0
BRDA:2,132,0,0
BRDA:2,132,1,0
BRDA:2,133,0,0
BRDA:2,133,1,0
BRDA:2,134,0,0
BRDA:2,134,1,0
BRDA:2,135,0,0
BRDA:2,135,1,0
BRDA:2,136,0,0
BRDA:2,136,1,0
BRDA:2,137,0,0
BRDA:2,137,1,0
BRDA:2,138,0,0
BRDA:2,138,1,0
BRF:286
BRH:0
end_of_record
TN:
SF:src/coverage/lcov-report/sorter.js
FN:2,(anonymous_0)
FN:11,getTable
FN:15,getTableHeader
FN:19,getTableBody
FN:23,getNthColumn
FN:27,onFilterInput
FN:59,addSearchBox
FN:67,loadColumns
FN:92,loadRowData
FN:111,loadData
FN:120,sortByIndex
FN:122,(anonymous_11)
FN:134,(anonymous_12)
FN:151,removeSortIndicators
FN:159,addSortIndicators
FN:165,enableUI
FN:168,ithSorter
FN:171,(anonymous_17)
FN:198,(anonymous_18)
FNF:19
FNH:0
FNDA:0,(anonymous_0)
FNDA:0,getTable
FNDA:0,getTableHeader
FNDA:0,getTableBody
FNDA:0,getNthColumn
FNDA:0,onFilterInput
FNDA:0,addSearchBox
FNDA:0,loadColumns
FNDA:0,loadRowData
FNDA:0,loadData
FNDA:0,sortByIndex
FNDA:0,(anonymous_11)
FNDA:0,(anonymous_12)
FNDA:0,removeSortIndicators
FNDA:0,addSortIndicators
FNDA:0,enableUI
FNDA:0,ithSorter
FNDA:0,(anonymous_17)
FNDA:0,(anonymous_18)
DA:2,0
DA:5,0
DA:12,0
DA:16,0
DA:20,0
DA:24,0
DA:28,0
DA:29,0
DA:34,0
DA:35,0
DA:37,0
DA:40,0
DA:41,0
DA:42,0
DA:44,0
DA:46,0
DA:49,0
DA:54,0
DA:60,0
DA:61,0
DA:62,0
DA:63,0
DA:68,0
DA:70,0
DA:74,0
DA:75,0
DA:76,0
DA:81,0
DA:82,0
DA:83,0
DA:84,0
DA:88,0
DA:93,0
DA:96,0
DA:99,0
DA:100,0
DA:101,0
DA:102,0
DA:103,0
DA:104,0
DA:106,0
DA:108,0
DA:112,0
DA:115,0
DA:116,0
DA:121,0
DA:122,0
DA:123,0
DA:124,0
DA:125,0
DA:127,0
DA:128,0
DA:129,0
DA:130,0
DA:133,0
DA:134,0
DA:135,0
DA:139,0
DA:140,0
DA:141,0
DA:144,0
DA:146,0
DA:147,0
DA:152,0
DA:153,0
DA:155,0
DA:156,0
DA:160,0
DA:168,0
DA:169,0
DA:171,0
DA:172,0
DA:174,0
DA:175,0
DA:177,0
DA:178,0
DA:179,0
DA:180,0
DA:181,0
DA:184,0
DA:185,0
DA:188,0
DA:189,0
DA:190,0
DA:192,0
DA:198,0
DA:199,0
DA:200,0
DA:202,0
DA:203,0
DA:204,0
DA:205,0
DA:206,0
DA:210,0
LF:94
LH:0
BRDA:44,0,0,0
BRDA:44,0,1,0
BRDA:54,1,0,0
BRDA:54,1,1,0
BRDA:79,2,0,0
BRDA:79,2,1,0
BRDA:82,3,0,0
BRDA:82,3,1,0
BRDA:103,4,0,0
BRDA:103,4,1,0
BRDA:125,5,0,0
BRDA:125,5,1,0
BRDA:125,6,0,0
BRDA:125,6,1,0
BRDA:133,7,0,0
BRDA:133,7,1,0
BRDA:160,8,0,0
BRDA:160,8,1,0
BRDA:174,9,0,0
BRDA:174,9,1,0
BRDA:185,10,0,0
BRDA:185,10,1,0
BRDA:189,11,0,0
BRDA:189,11,1,0
BRDA:199,12,0,0
BRDA:199,12,1,0
BRF:26
BRH:0
end_of_record
TN:
SF:src/data-management/data-integrity.service.ts
FN:13,(anonymous_4)
FN:27,(anonymous_5)
FN:85,(anonymous_6)
FNF:3
FNH:0
FNDA:0,(anonymous_4)
FNDA:0,(anonymous_5)
FNDA:0,(anonymous_6)
DA:1,0
DA:2,0
DA:3,0
DA:4,0
DA:5,0
DA:6,0
DA:7,0
DA:10,0
DA:11,0
DA:15,0
DA:17,0
DA:19,0
DA:21,0
DA:37,0
DA:40,0
DA:48,0
DA:54,0
DA:55,0
DA:59,0
DA:66,0
DA:67,0
DA:70,0
DA:86,0
DA:87,0
DA:90,0
DA:96,0
DA:97,0
DA:98,0
DA:101,0
LF:29
LH:0
BRDA:54,0,0,0
BRDA:54,0,1,0
BRDA:66,1,0,0
BRDA:66,1,1,0
BRDA:96,2,0,0
BRDA:96,2,1,0
BRDA:96,3,0,0
BRDA:96,3,1,0
BRDA:15,4,0,0
BRDA:15,4,1,0
BRDA:15,5,0,0
BRDA:15,5,1,0
BRDA:15,6,0,0
BRDA:15,6,1,0
BRDA:15,7,0,0
BRDA:15,7,1,0
BRDA:17,8,0,0
BRDA:17,8,1,0
BRDA:17,9,0,0
BRDA:17,9,1,0
BRDA:19,10,0,0
BRDA:19,10,1,0
BRDA:19,11,0,0
BRDA:19,11,1,0
BRF:24
BRH:0
end_of_record
TN:
SF:src/data-management/data-management.module.ts
FNF:0
FNH:0
DA:1,0
DA:2,0
DA:3,0
DA:4,0
DA:5,0
DA:6,0
DA:7,0
DA:16,0
LF:8
LH:0
BRF:0
BRH:0
end_of_record
TN:
SF:src/data-retention/data-retention.module.ts
FNF:0
FNH:0
DA:1,0
DA:2,0
DA:3,0
DA:4,0
DA:5,0
DA:6,0
DA:7,0
DA:18,0
LF:8
LH:0
BRF:0
BRH:0
end_of_record
TN:
SF:src/data-retention/data-retention.service.ts
FN:13,(anonymous_4)
FN:29,(anonymous_5)
FN:57,(anonymous_6)
FN:96,(anonymous_7)
FNF:4
FNH:0
FNDA:0,(anonymous_4)
FNDA:0,(anonymous_5)
FNDA:0,(anonymous_6)
FNDA:0,(anonymous_7)
DA:1,0
DA:2,0
DA:3,0
DA:4,0
DA:5,0
DA:6,0
DA:7,0
DA:10,0
DA:11,0
DA:15,0
DA:17,0
DA:18,0
DA:29,0
DA:30,0
DA:31,0
DA:32,0
DA:34,0
DA:36,0
DA:37,0
DA:41,0
DA:42,0
DA:44,0
DA:45,0
DA:57,0
DA:58,0
DA:59,0
DA:60,0
DA:62,0
DA:64,0
DA:66,0
DA:76,0
DA:77,0
DA:85,0
DA:86,0
DA:88,0
DA:89,0
DA:97,0
DA:98,0
DA:100,0
DA:104,0
DA:105,0
LF:41
LH:0
BRDA:30,0,0,0
BRDA:30,0,1,0
BRDA:41,1,0,0
BRDA:41,1,1,0
BRDA:42,2,0,0
BRDA:42,2,1,0
BRDA:58,3,0,0
BRDA:58,3,1,0
BRDA:96,4,0,0
BRDA:104,5,0,0
BRDA:104,5,1,0
BRDA:105,6,0,0
BRDA:105,6,1,0
BRDA:15,7,0,0
BRDA:15,7,1,0
BRDA:15,8,0,0
BRDA:15,8,1,0
BRDA:15,9,0,0
BRDA:15,9,1,0
BRDA:15,10,0,0
BRDA:15,10,1,0
BRDA:17,11,0,0
BRDA:17,11,1,0
BRDA:17,12,0,0
BRDA:17,12,1,0
BRF:25
BRH:0
end_of_record
TN:
SF:src/database/database.module.ts
FN:21,(anonymous_1)
FNF:1
FNH:0
FNDA:0,(anonymous_1)
DA:1,0
DA:2,0
DA:3,0
DA:4,0
DA:5,0
DA:6,0
DA:7,0
DA:8,0
DA:9,0
DA:10,0
DA:11,0
DA:12,0
DA:13,0
DA:22,0
DA:24,0
DA:25,0
DA:28,0
DA:46,0
LF:18
LH:0
BRDA:24,0,0,0
BRDA:24,0,1,0
BRDA:24,1,0,0
BRDA:24,1,1,0
BRDA:34,2,0,0
BRDA:34,2,1,0
BRF:6
BRH:0
end_of_record
TN:
SF:src/database/entities/alert.entity.ts
FN:46,(anonymous_2)
FN:46,(anonymous_3)
FNF:2
FNH:0
FNDA:0,(anonymous_2)
FNDA:0,(anonymous_3)
DA:1,6
DA:9,6
DA:12,6
DA:14,6
DA:17,6
DA:20,6
DA:23,6
DA:26,6
DA:29,6
DA:32,6
DA:35,6
DA:38,6
DA:41,6
DA:44,6
DA:46,0
DA:48,6
LF:16
LH:15
BRDA:44,0,0,6
BRDA:44,0,1,0
BRDA:44,1,0,6
BRDA:44,1,1,6
BRDA:48,2,0,1
BRDA:48,2,1,5
BRDA:48,3,0,6
BRDA:48,3,1,1
BRF:8
BRH:7
end_of_record
TN:
SF:src/database/entities/exchange-symbol.entity.ts
FN:37,(anonymous_2)
FN:37,(anonymous_3)
FNF:2
FNH:0
FNDA:0,(anonymous_2)
FNDA:0,(anonymous_3)
DA:1,2
DA:11,2
DA:15,2
DA:17,2
DA:20,2
DA:23,2
DA:26,2
DA:29,2
DA:32,2
DA:35,2
DA:37,0
DA:39,2
LF:12
LH:11
BRDA:32,0,0,2
BRDA:32,0,1,0
BRDA:32,1,0,2
BRDA:32,1,1,2
BRDA:35,2,0,2
BRDA:35,2,1,0
BRDA:35,3,0,2
BRDA:35,3,1,2
BRDA:39,4,0,0
BRDA:39,4,1,2
BRDA:39,5,0,2
BRDA:39,5,1,0
BRF:12
BRH:8
end_of_record
TN:
SF:src/database/entities/log.entity.ts
FNF:0
FNH:0
DA:1,0
DA:13,0
DA:15,0
DA:18,0
DA:21,0
DA:24,0
DA:28,0
DA:31,0
DA:34,0
DA:37,0
DA:44,0
LF:11
LH:0
BRDA:44,0,0,0
BRDA:44,0,1,0
BRDA:44,1,0,0
BRDA:44,1,1,0
BRF:4
BRH:0
end_of_record
TN:
SF:src/database/entities/symbol.entity.ts
FN:31,(anonymous_2)
FN:31,(anonymous_3)
FNF:2
FNH:0
FNDA:0,(anonymous_2)
FNDA:0,(anonymous_3)
DA:1,2
DA:9,2
DA:12,2
DA:14,2
DA:17,2
DA:20,2
DA:23,2
DA:26,2
DA:29,2
DA:31,0
DA:32,2
LF:11
LH:10
BRDA:26,0,0,2
BRDA:26,0,1,0
BRDA:26,1,0,2
BRDA:26,1,1,2
BRDA:29,2,0,2
BRDA:29,2,1,0
BRDA:29,3,0,2
BRDA:29,3,1,2
BRF:8
BRH:6
end_of_record
TN:
SF:src/database/entities/unified-symbol-exchange.entity.ts
FN:44,(anonymous_2)
FN:44,(anonymous_3)
FNF:2
FNH:0
FNDA:0,(anonymous_2)
FNDA:0,(anonymous_3)
DA:1,1
DA:10,1
DA:13,1
DA:15,1
DA:18,1
DA:21,1
DA:24,1
DA:27,1
DA:30,1
DA:33,1
DA:36,1
DA:39,1
DA:42,1
DA:44,0
DA:46,1
LF:15
LH:14
BRDA:36,0,0,1
BRDA:36,0,1,0
BRDA:36,1,0,1
BRDA:36,1,1,1
BRDA:39,2,0,1
BRDA:39,2,1,0
BRDA:39,3,0,1
BRDA:39,3,1,1
BRDA:42,4,0,1
BRDA:42,4,1,0
BRDA:42,5,0,1
BRDA:42,5,1,1
BRDA:46,6,0,0
BRDA:46,6,1,1
BRDA:46,7,0,1
BRDA:46,7,1,0
BRF:16
BRH:11
end_of_record
TN:
SF:src/database/entities/unified-symbol.entity.ts
FN:46,(anonymous_2)
FN:46,(anonymous_3)
FNF:2
FNH:0
FNDA:0,(anonymous_2)
FNDA:0,(anonymous_3)
DA:1,1
DA:9,1
DA:12,1
DA:14,1
DA:17,1
DA:20,1
DA:23,1
DA:26,1
DA:29,1
DA:32,1
DA:35,1
DA:38,1
DA:41,1
DA:44,1
DA:46,0
DA:47,1
LF:16
LH:15
BRDA:41,0,0,1
BRDA:41,0,1,0
BRDA:41,1,0,1
BRDA:41,1,1,1
BRDA:44,2,0,1
BRDA:44,2,1,0
BRDA:44,3,0,1
BRDA:44,3,1,1
BRF:8
BRH:6
end_of_record
TN:
SF:src/database/entities/user-coin.entity.ts
FN:31,(anonymous_2)
FN:31,(anonymous_3)
FNF:2
FNH:0
FNDA:0,(anonymous_2)
FNDA:0,(anonymous_3)
DA:1,6
DA:9,6
DA:12,6
DA:14,6
DA:17,6
DA:20,6
DA:23,6
DA:26,6
DA:29,6
DA:31,0
DA:33,6
LF:11
LH:10
BRDA:29,0,0,6
BRDA:29,0,1,0
BRDA:29,1,0,6
BRDA:29,1,1,6
BRDA:33,2,0,0
BRDA:33,2,1,6
BRDA:33,3,0,6
BRDA:33,3,1,0
BRF:8
BRH:5
end_of_record
TN:
SF:src/database/entities/user-exchange.entity.ts
FN:28,(anonymous_2)
FN:28,(anonymous_3)
FNF:2
FNH:0
FNDA:0,(anonymous_2)
FNDA:0,(anonymous_3)
DA:1,6
DA:9,6
DA:12,6
DA:14,6
DA:17,6
DA:20,6
DA:23,6
DA:26,6
DA:28,0
DA:30,6
LF:10
LH:9
BRDA:26,0,0,6
BRDA:26,0,1,0
BRDA:26,1,0,6
BRDA:26,1,1,6
BRDA:30,2,0,0
BRDA:30,2,1,6
BRDA:30,3,0,6
BRDA:30,3,1,0
BRF:8
BRH:5
end_of_record
TN:
SF:src/database/entities/user.entity.ts
FN:52,(anonymous_2)
FN:73,(anonymous_3)
FN:73,(anonymous_4)
FN:76,(anonymous_5)
FN:76,(anonymous_6)
FN:79,(anonymous_7)
FN:79,(anonymous_8)
FNF:7
FNH:0
FNDA:0,(anonymous_2)
FNDA:0,(anonymous_3)
FNDA:0,(anonymous_4)
FNDA:0,(anonymous_5)
FNDA:0,(anonymous_6)
FNDA:0,(anonymous_7)
FNDA:0,(anonymous_8)
DA:1,6
DA:9,6
DA:10,6
DA:11,6
DA:12,6
DA:15,6
DA:17,6
DA:20,6
DA:23,6
DA:26,6
DA:29,6
DA:32,6
DA:35,6
DA:38,6
DA:41,6
DA:44,6
DA:47,6
DA:50,6
DA:52,0
DA:53,6
DA:56,6
DA:59,6
DA:62,6
DA:65,6
DA:68,6
DA:71,6
DA:73,0
DA:74,6
DA:76,0
DA:77,6
DA:79,0
DA:80,6
LF:32
LH:28
BRDA:23,0,0,0
BRDA:23,0,1,6
BRDA:23,1,0,6
BRDA:23,1,1,6
BRDA:35,2,0,0
BRDA:35,2,1,6
BRDA:35,3,0,6
BRDA:35,3,1,6
BRDA:38,4,0,0
BRDA:38,4,1,6
BRDA:38,5,0,6
BRDA:38,5,1,6
BRDA:53,6,0,6
BRDA:53,6,1,0
BRDA:53,7,0,6
BRDA:53,7,1,6
BRDA:68,8,0,6
BRDA:68,8,1,0
BRDA:68,9,0,6
BRDA:68,9,1,6
BRDA:71,10,0,6
BRDA:71,10,1,0
BRDA:71,11,0,6
BRDA:71,11,1,6
BRF:24
BRH:18
end_of_record
TN:
SF:src/database/migrations/run-migrations.ts
FN:7,runMigrations
FN:43,(anonymous_10)
FNF:2
FNH:0
FNDA:0,runMigrations
FNDA:0,(anonymous_10)
DA:1,0
DA:2,0
DA:3,0
DA:8,0
DA:16,0
DA:17,0
DA:18,0
DA:21,0
DA:29,0
DA:30,0
DA:31,0
DA:41,0
DA:43,0
DA:46,0
DA:49,0
DA:50,0
DA:53,0
DA:58,0
DA:59,0
DA:60,0
DA:63,0
DA:64,0
DA:66,0
DA:67,0
DA:72,0
DA:75,0
DA:76,0
DA:78,0
DA:79,0
DA:83,0
LF:30
LH:0
BRDA:29,0,0,0
BRDA:29,0,1,0
BRDA:58,1,0,0
BRDA:58,1,1,0
BRF:4
BRH:0
end_of_record
TN:
SF:src/exchange/exchange.module.ts
FNF:0
FNH:0
DA:1,0
DA:2,0
DA:3,0
DA:4,0
DA:5,0
DA:6,0
DA:7,0
DA:18,0
LF:8
LH:0
BRF:0
BRH:0
end_of_record
TN:
SF:src/exchange/exchange.service.ts
FN:51,(anonymous_5)
FN:60,(anonymous_6)
FN:64,(anonymous_7)
FN:104,(anonymous_8)
FN:115,(anonymous_9)
FN:119,(anonymous_10)
FN:209,(anonymous_11)
FN:289,(anonymous_12)
FN:299,(anonymous_13)
FN:303,(anonymous_14)
FN:318,(anonymous_15)
FN:333,(anonymous_16)
FN:380,(anonymous_17)
FN:461,(anonymous_18)
FN:545,(anonymous_19)
FN:550,(anonymous_20)
FN:568,(anonymous_21)
FN:580,(anonymous_22)
FN:581,(anonymous_23)
FN:599,(anonymous_24)
FN:625,(anonymous_25)
FN:626,(anonymous_26)
FNF:22
FNH:0
FNDA:0,(anonymous_5)
FNDA:0,(anonymous_6)
FNDA:0,(anonymous_7)
FNDA:0,(anonymous_8)
FNDA:0,(anonymous_9)
FNDA:0,(anonymous_10)
FNDA:0,(anonymous_11)
FNDA:0,(anonymous_12)
FNDA:0,(anonymous_13)
FNDA:0,(anonymous_14)
FNDA:0,(anonymous_15)
FNDA:0,(anonymous_16)
FNDA:0,(anonymous_17)
FNDA:0,(anonymous_18)
FNDA:0,(anonymous_19)
FNDA:0,(anonymous_20)
FNDA:0,(anonymous_21)
FNDA:0,(anonymous_22)
FNDA:0,(anonymous_23)
FNDA:0,(anonymous_24)
FNDA:0,(anonymous_25)
FNDA:0,(anonymous_26)
DA:1,2
DA:2,2
DA:3,2
DA:4,2
DA:5,2
DA:6,2
DA:7,2
DA:8,2
DA:9,2
DA:10,2
DA:11,2
DA:46,2
DA:47,0
DA:48,0
DA:49,0
DA:52,0
DA:53,0
DA:55,0
DA:57,0
DA:61,0
DA:65,0
DA:67,0
DA:69,0
DA:70,0
DA:71,0
DA:74,0
DA:75,0
DA:76,0
DA:77,0
DA:78,0
DA:81,0
DA:82,0
DA:87,0
DA:88,0
DA:90,0
DA:91,0
DA:92,0
DA:93,0
DA:98,0
DA:99,0
DA:101,0
DA:105,0
DA:106,0
DA:107,0
DA:109,0
DA:112,0
DA:116,0
DA:120,0
DA:122,0
DA:123,0
DA:124,0
DA:125,0
DA:126,0
DA:129,0
DA:130,0
DA:133,0
DA:135,0
DA:136,0
DA:138,0
DA:139,0
DA:140,0
DA:141,0
DA:145,0
DA:146,0
DA:148,0
DA:150,0
DA:151,0
DA:152,0
DA:154,0
DA:155,0
DA:157,0
DA:158,0
DA:159,0
DA:160,0
DA:161,0
DA:163,0
DA:168,0
DA:169,0
DA:170,0
DA:171,0
DA:172,0
DA:173,0
DA:175,0
DA:176,0
DA:179,0
DA:180,0
DA:181,0
DA:183,0
DA:184,0
DA:185,0
DA:186,0
DA:190,0
DA:191,0
DA:193,0
DA:195,0
DA:196,0
DA:197,0
DA:198,0
DA:200,0
DA:210,0
DA:212,0
DA:213,0
DA:214,0
DA:215,0
DA:218,0
DA:219,0
DA:221,0
DA:222,0
DA:224,0
DA:225,0
DA:227,0
DA:229,0
DA:244,0
DA:247,0
DA:248,0
DA:249,0
DA:258,0
DA:259,0
DA:260,0
DA:261,0
DA:262,0
DA:263,0
DA:264,0
DA:265,0
DA:266,0
DA:267,0
DA:271,0
DA:272,0
DA:277,0
DA:279,0
DA:281,0
DA:282,0
DA:283,0
DA:285,0
DA:290,0
DA:292,0
DA:293,0
DA:296,0
DA:300,0
DA:302,0
DA:303,0
DA:306,0
DA:307,0
DA:308,0
DA:309,0
DA:310,0
DA:315,0
DA:319,0
DA:321,0
DA:322,0
DA:324,0
DA:325,0
DA:326,0
DA:330,0
DA:334,0
DA:337,0
DA:338,0
DA:342,0
DA:343,0
DA:351,0
DA:352,0
DA:353,0
DA:357,0
DA:361,0
DA:362,0
DA:363,0
DA:364,0
DA:367,0
DA:368,0
DA:369,0
DA:370,0
DA:371,0
DA:372,0
DA:373,0
DA:375,0
DA:376,0
DA:384,0
DA:387,0
DA:388,0
DA:389,0
DA:390,0
DA:396,0
DA:397,0
DA:398,0
DA:399,0
DA:402,0
DA:404,0
DA:405,0
DA:406,0
DA:410,0
DA:411,0
DA:419,0
DA:420,0
DA:421,0
DA:423,0
DA:426,0
DA:429,0
DA:442,0
DA:443,0
DA:444,0
DA:445,0
DA:448,0
DA:449,0
DA:450,0
DA:451,0
DA:452,0
DA:453,0
DA:454,0
DA:458,0
DA:460,0
DA:461,0
DA:463,0
DA:465,0
DA:466,0
DA:470,0
DA:471,0
DA:475,0
DA:479,0
DA:480,0
DA:483,0
DA:484,0
DA:488,0
DA:489,0
DA:492,0
DA:493,0
DA:496,0
DA:499,0
DA:500,0
DA:501,0
DA:502,0
DA:503,0
DA:504,0
DA:505,0
DA:508,0
DA:509,0
DA:512,0
DA:515,0
DA:519,0
DA:529,0
DA:531,0
DA:532,0
DA:534,0
DA:535,0
DA:536,0
DA:537,0
DA:539,0
DA:541,0
DA:550,0
DA:551,0
DA:554,0
DA:556,0
DA:557,0
DA:558,0
DA:559,0
DA:560,0
DA:565,0
DA:572,0
DA:574,0
DA:575,0
DA:576,0
DA:579,0
DA:580,0
DA:581,0
DA:583,0
DA:584,0
DA:585,0
DA:587,0
DA:603,0
DA:605,0
DA:606,0
DA:609,0
DA:610,0
DA:611,0
DA:624,0
DA:625,0
DA:626,0
DA:628,0
DA:629,0
DA:630,0
DA:631,0
DA:633,0
LF:281
LH:12
BRDA:65,0,0,0
BRDA:65,0,1,0
BRDA:75,1,0,0
BRDA:75,1,1,0
BRDA:91,2,0,0
BRDA:91,2,1,0
BRDA:123,3,0,0
BRDA:123,3,1,0
BRDA:135,4,0,0
BRDA:135,4,1,0
BRDA:138,5,0,0
BRDA:138,5,1,0
BRDA:157,6,0,0
BRDA:157,6,1,0
BRDA:159,7,0,0
BRDA:159,7,1,0
BRDA:175,8,0,0
BRDA:175,8,1,0
BRDA:175,9,0,0
BRDA:175,9,1,0
BRDA:179,10,0,0
BRDA:179,10,1,0
BRDA:179,11,0,0
BRDA:179,11,1,0
BRDA:196,12,0,0
BRDA:196,12,1,0
BRDA:213,13,0,0
BRDA:213,13,1,0
BRDA:227,14,0,0
BRDA:227,14,1,0
BRDA:227,15,0,0
BRDA:227,15,1,0
BRDA:248,16,0,0
BRDA:248,16,1,0
BRDA:248,17,0,0
BRDA:248,17,1,0
BRDA:254,18,0,0
BRDA:254,18,1,0
BRDA:256,19,0,0
BRDA:256,19,1,0
BRDA:264,20,0,0
BRDA:264,20,1,0
BRDA:271,21,0,0
BRDA:271,21,1,0
BRDA:282,22,0,0
BRDA:282,22,1,0
BRDA:300,23,0,0
BRDA:300,23,1,0
BRDA:306,24,0,0
BRDA:306,24,1,0
BRDA:309,25,0,0
BRDA:309,25,1,0
BRDA:319,26,0,0
BRDA:319,26,1,0
BRDA:342,27,0,0
BRDA:342,27,1,0
BRDA:351,28,0,0
BRDA:351,28,1,0
BRDA:362,29,0,0
BRDA:362,29,1,0
BRDA:371,30,0,0
BRDA:371,30,1,0
BRDA:388,31,0,0
BRDA:388,31,1,0
BRDA:397,32,0,0
BRDA:397,32,1,0
BRDA:410,33,0,0
BRDA:410,33,1,0
BRDA:419,34,0,0
BRDA:419,34,1,0
BRDA:448,35,0,0
BRDA:448,35,1,0
BRDA:449,36,0,0
BRDA:449,36,1,0
BRDA:465,37,0,0
BRDA:465,37,1,0
BRDA:470,38,0,0
BRDA:470,38,1,0
BRDA:470,39,0,0
BRDA:470,39,1,0
BRDA:475,40,0,0
BRDA:475,40,1,0
BRDA:475,40,2,0
BRDA:475,40,3,0
BRDA:475,40,4,0
BRDA:475,40,5,0
BRDA:475,40,6,0
BRDA:499,41,0,0
BRDA:499,41,1,0
BRDA:504,42,0,0
BRDA:504,42,1,0
BRDA:522,43,0,0
BRDA:522,43,1,0
BRDA:523,44,0,0
BRDA:523,44,1,0
BRDA:524,45,0,0
BRDA:524,45,1,0
BRDA:534,46,0,0
BRDA:534,46,1,0
BRDA:536,47,0,0
BRDA:536,47,1,0
BRDA:559,48,0,0
BRDA:559,48,1,0
BRDA:559,49,0,0
BRDA:559,49,1,0
BRDA:574,50,0,0
BRDA:574,50,1,0
BRDA:580,51,0,0
BRDA:580,51,1,0
BRDA:581,52,0,0
BRDA:581,52,1,0
BRDA:605,53,0,0
BRDA:605,53,1,0
BRDA:609,54,0,0
BRDA:609,54,1,0
BRDA:625,55,0,0
BRDA:625,55,1,0
BRDA:626,56,0,0
BRDA:626,56,1,0
BRDA:52,57,0,2
BRDA:52,57,1,0
BRDA:52,58,0,2
BRDA:52,58,1,2
BRDA:52,59,0,2
BRDA:52,59,1,0
BRDA:52,60,0,2
BRDA:52,60,1,2
BRDA:53,61,0,2
BRDA:53,61,1,0
BRDA:53,62,0,2
BRDA:53,62,1,2
BRDA:55,63,0,2
BRDA:55,63,1,0
BRDA:55,64,0,2
BRDA:55,64,1,2
BRF:135
BRH:12
end_of_record
TN:
SF:src/feedback/feedback.controller.ts
FN:8,(anonymous_4)
FN:11,(anonymous_5)
FN:27,(anonymous_6)
FNF:3
FNH:0
FNDA:0,(anonymous_4)
FNDA:0,(anonymous_5)
FNDA:0,(anonymous_6)
DA:1,0
DA:2,0
DA:3,0
DA:7,0
DA:8,0
DA:11,0
DA:15,0
DA:16,0
DA:17,0
DA:20,0
DA:27,0
DA:28,0
DA:29,0
LF:13
LH:0
BRDA:16,0,0,0
BRDA:16,0,1,0
BRDA:12,1,0,0
BRDA:12,1,1,0
BRDA:12,2,0,0
BRDA:12,2,1,0
BRDA:8,3,0,0
BRDA:8,3,1,0
BRDA:8,4,0,0
BRDA:8,4,1,0
BRF:10
BRH:0
end_of_record
TN:
SF:src/feedback/feedback.module.ts
FNF:0
FNH:0
DA:1,0
DA:2,0
DA:3,0
DA:4,0
DA:5,0
DA:13,0
LF:6
LH:0
BRF:0
BRH:0
end_of_record
TN:
SF:src/feedback/feedback.service.ts
FN:26,(anonymous_1)
FN:41,(anonymous_2)
FN:43,(anonymous_3)
FNF:3
FNH:0
FNDA:0,(anonymous_1)
FNDA:0,(anonymous_2)
FNDA:0,(anonymous_3)
DA:1,0
DA:20,0
DA:21,0
DA:24,0
DA:27,0
DA:29,0
DA:35,0
DA:38,0
DA:42,0
DA:43,0
DA:45,0
LF:11
LH:0
BRDA:42,0,0,0
BRDA:42,0,1,0
BRF:2
BRH:0
end_of_record
TN:
SF:src/health/health.controller.ts
FN:10,(anonymous_2)
FN:13,(anonymous_3)
FN:18,(anonymous_4)
FN:23,(anonymous_5)
FNF:4
FNH:0
FNDA:0,(anonymous_2)
FNDA:0,(anonymous_3)
FNDA:0,(anonymous_4)
FNDA:0,(anonymous_5)
DA:1,0
DA:2,0
DA:3,0
DA:4,0
DA:9,0
DA:10,0
DA:13,0
DA:14,0
DA:18,0
DA:19,0
DA:23,0
DA:24,0
LF:12
LH:0
BRDA:10,0,0,0
BRDA:10,0,1,0
BRDA:10,1,0,0
BRDA:10,1,1,0
BRF:4
BRH:0
end_of_record
TN:
SF:src/health/health.module.ts
FNF:0
FNH:0
DA:1,0
DA:2,0
DA:3,0
DA:4,0
DA:5,0
DA:12,0
LF:6
LH:0
BRF:0
BRH:0
end_of_record
TN:
SF:src/health/health.service.ts
FN:10,(anonymous_4)
FN:16,(anonymous_5)
FN:32,(anonymous_6)
FN:47,(anonymous_7)
FN:55,(anonymous_8)
FN:71,(anonymous_9)
FN:88,(anonymous_10)
FNF:7
FNH:0
FNDA:0,(anonymous_4)
FNDA:0,(anonymous_5)
FNDA:0,(anonymous_6)
FNDA:0,(anonymous_7)
FNDA:0,(anonymous_8)
FNDA:0,(anonymous_9)
FNDA:0,(anonymous_10)
DA:1,0
DA:2,0
DA:3,0
DA:4,0
DA:7,0
DA:8,0
DA:12,0
DA:13,0
DA:17,0
DA:26,0
DA:27,0
DA:29,0
DA:33,0
DA:34,0
DA:36,0
DA:38,0
DA:48,0
DA:56,0
DA:57,0
DA:58,0
DA:63,0
DA:64,0
DA:72,0
DA:73,0
DA:74,0
DA:75,0
DA:80,0
DA:81,0
DA:89,0
DA:90,0
LF:30
LH:0
BRDA:26,0,0,0
BRDA:26,0,1,0
BRDA:27,1,0,0
BRDA:27,1,1,0
BRDA:36,2,0,0
BRDA:36,2,1,0
BRDA:39,3,0,0
BRDA:39,3,1,0
BRDA:66,4,0,0
BRDA:66,4,1,0
BRDA:83,5,0,0
BRDA:83,5,1,0
BRDA:12,6,0,0
BRDA:12,6,1,0
BRDA:12,7,0,0
BRDA:12,7,1,0
BRDA:12,8,0,0
BRDA:12,8,1,0
BRDA:12,9,0,0
BRDA:12,9,1,0
BRF:20
BRH:0
end_of_record
TN:
SF:src/price-monitor/price-monitor.module.ts
FNF:0
FNH:0
DA:1,0
DA:2,0
DA:3,0
DA:4,0
DA:5,0
DA:6,0
DA:18,0
LF:7
LH:0
BRF:0
BRH:0
end_of_record
TN:
SF:src/price-monitor/price-monitor.service.ts
FN:14,(anonymous_2)
FN:20,(anonymous_3)
FN:24,(anonymous_4)
FN:28,(anonymous_5)
FN:39,(anonymous_6)
FN:46,(anonymous_7)
FN:53,(anonymous_8)
FN:61,(anonymous_9)
FN:71,(anonymous_10)
FN:93,(anonymous_11)
FN:98,(anonymous_12)
FNF:11
FNH:0
FNDA:0,(anonymous_2)
FNDA:0,(anonymous_3)
FNDA:0,(anonymous_4)
FNDA:0,(anonymous_5)
FNDA:0,(anonymous_6)
FNDA:0,(anonymous_7)
FNDA:0,(anonymous_8)
FNDA:0,(anonymous_9)
FNDA:0,(anonymous_10)
FNDA:0,(anonymous_11)
FNDA:0,(anonymous_12)
DA:1,0
DA:2,0
DA:3,0
DA:4,0
DA:5,0
DA:6,0
DA:9,0
DA:10,0
DA:11,0
DA:12,0
DA:15,0
DA:16,0
DA:17,0
DA:21,0
DA:25,0
DA:29,0
DA:30,0
DA:31,0
DA:34,0
DA:35,0
DA:36,0
DA:40,0
DA:41,0
DA:42,0
DA:46,0
DA:47,0
DA:48,0
DA:51,0
DA:53,0
DA:54,0
DA:57,0
DA:61,0
DA:62,0
DA:63,0
DA:64,0
DA:65,0
DA:67,0
DA:72,0
DA:74,0
DA:80,0
DA:81,0
DA:82,0
DA:85,0
DA:87,0
DA:89,0
DA:94,0
DA:95,0
DA:99,0
DA:100,0
LF:49
LH:0
BRDA:29,0,0,0
BRDA:29,0,1,0
BRDA:40,1,0,0
BRDA:40,1,1,0
BRDA:47,2,0,0
BRDA:47,2,1,0
BRDA:47,3,0,0
BRDA:47,3,1,0
BRDA:80,4,0,0
BRDA:80,4,1,0
BRDA:15,5,0,0
BRDA:15,5,1,0
BRDA:15,6,0,0
BRDA:15,6,1,0
BRDA:15,7,0,0
BRDA:15,7,1,0
BRDA:15,8,0,0
BRDA:15,8,1,0
BRDA:16,9,0,0
BRDA:16,9,1,0
BRDA:16,10,0,0
BRDA:16,10,1,0
BRF:22
BRH:0
end_of_record
TN:
SF:src/queue/queue.module.ts
FNF:0
FNH:0
DA:1,0
DA:2,0
DA:3,0
DA:11,0
LF:4
LH:0
BRF:0
BRH:0
end_of_record
TN:
SF:src/queue/queue.service.ts
FN:23,(anonymous_2)
FN:48,(anonymous_3)
FN:60,(anonymous_4)
FN:64,(anonymous_5)
FN:71,(anonymous_6)
FN:77,(anonymous_7)
FN:95,(anonymous_8)
FNF:7
FNH:0
FNDA:0,(anonymous_2)
FNDA:0,(anonymous_3)
FNDA:0,(anonymous_4)
FNDA:0,(anonymous_5)
FNDA:0,(anonymous_6)
FNDA:0,(anonymous_7)
FNDA:0,(anonymous_8)
DA:1,0
DA:2,0
DA:3,0
DA:18,0
DA:19,0
DA:23,0
DA:24,0
DA:27,0
DA:46,0
DA:49,0
DA:52,0
DA:60,0
DA:61,0
DA:64,0
DA:65,0
DA:68,0
DA:72,0
DA:78,0
DA:85,0
DA:96,0
DA:97,0
DA:98,0
LF:22
LH:0
BRDA:73,0,0,0
BRDA:73,0,1,0
BRDA:23,1,0,0
BRDA:23,1,1,0
BRDA:23,2,0,0
BRDA:23,2,1,0
BRF:6
BRH:0
end_of_record
TN:
SF:src/redis/redis.module.ts
FN:14,(anonymous_2)
FNF:1
FNH:0
FNDA:0,(anonymous_2)
DA:1,0
DA:2,0
DA:3,0
DA:4,0
DA:5,0
DA:15,0
DA:20,0
DA:27,0
LF:8
LH:0
BRF:0
BRH:0
end_of_record
TN:
SF:src/redis/redis.service.ts
FN:6,(anonymous_5)
FN:8,(anonymous_6)
FN:12,(anonymous_7)
FN:20,(anonymous_8)
FN:24,(anonymous_9)
FN:29,(anonymous_10)
FN:39,(anonymous_11)
FN:43,(anonymous_12)
FN:47,(anonymous_13)
FNF:9
FNH:0
FNDA:0,(anonymous_5)
FNDA:0,(anonymous_6)
FNDA:0,(anonymous_7)
FNDA:0,(anonymous_8)
FNDA:0,(anonymous_9)
FNDA:0,(anonymous_10)
FNDA:0,(anonymous_11)
FNDA:0,(anonymous_12)
FNDA:0,(anonymous_13)
DA:1,2
DA:2,2
DA:5,2
DA:6,0
DA:9,0
DA:13,0
DA:14,0
DA:16,0
DA:21,0
DA:25,0
DA:26,0
DA:30,0
DA:31,0
DA:32,0
DA:33,0
DA:35,0
DA:40,0
DA:44,0
DA:48,0
LF:19
LH:3
BRDA:13,0,0,0
BRDA:13,0,1,0
BRDA:31,1,0,0
BRDA:31,1,1,0
BRDA:6,2,0,2
BRDA:6,2,1,0
BRDA:6,3,0,2
BRDA:6,3,1,2
BRF:8
BRH:3
end_of_record
TN:
SF:src/subscription/subscription.module.ts
FNF:0
FNH:0
DA:1,0
DA:2,0
DA:3,0
DA:10,0
LF:4
LH:0
BRF:0
BRH:0
end_of_record
TN:
SF:src/subscription/subscription.service.ts
FN:10,(anonymous_2)
FN:12,(anonymous_3)
FN:31,(anonymous_4)
FN:106,(anonymous_5)
FNF:4
FNH:0
FNDA:0,(anonymous_2)
FNDA:0,(anonymous_3)
FNDA:0,(anonymous_4)
FNDA:0,(anonymous_5)
DA:1,1
DA:2,1
DA:3,1
DA:6,1
DA:7,0
DA:8,0
DA:10,0
DA:13,0
DA:14,0
DA:18,0
DA:19,0
DA:23,0
DA:24,0
DA:28,0
DA:36,0
DA:37,0
DA:39,0
DA:40,0
DA:43,0
DA:46,0
DA:48,0
DA:79,0
DA:80,0
DA:90,0
DA:91,0
DA:92,0
DA:94,0
DA:95,0
DA:98,0
DA:101,0
DA:102,0
DA:107,0
DA:109,0
DA:110,0
DA:111,0
DA:114,0
DA:116,0
DA:125,0
DA:126,0
DA:127,0
DA:129,0
DA:130,0
DA:131,0
DA:134,0
DA:135,0
LF:45
LH:4
BRDA:13,0,0,0
BRDA:13,0,1,0
BRDA:14,1,0,0
BRDA:14,1,1,0
BRDA:18,2,0,0
BRDA:18,2,1,0
BRDA:19,3,0,0
BRDA:19,3,1,0
BRDA:23,4,0,0
BRDA:23,4,1,0
BRDA:24,5,0,0
BRDA:24,5,1,0
BRDA:39,6,0,0
BRDA:39,6,1,0
BRDA:39,7,0,0
BRDA:39,7,1,0
BRDA:39,7,2,0
BRDA:90,8,0,0
BRDA:90,8,1,0
BRDA:92,9,0,0
BRDA:92,9,1,0
BRDA:109,10,0,0
BRDA:109,10,1,0
BRDA:109,11,0,0
BRDA:109,11,1,0
BRDA:125,12,0,0
BRDA:125,12,1,0
BRDA:125,13,0,0
BRDA:125,13,1,0
BRDA:10,14,0,1
BRDA:10,14,1,0
BRDA:10,15,0,1
BRDA:10,15,1,1
BRF:33
BRH:3
end_of_record
TN:
SF:src/symbol/symbol.controller.ts
FN:10,(anonymous_2)
FN:13,(anonymous_3)
FN:25,(anonymous_4)
FN:37,(anonymous_5)
FNF:4
FNH:0
FNDA:0,(anonymous_2)
FNDA:0,(anonymous_3)
FNDA:0,(anonymous_4)
FNDA:0,(anonymous_5)
DA:1,0
DA:2,0
DA:3,0
DA:7,0
DA:8,0
DA:10,0
DA:13,0
DA:14,0
DA:15,0
DA:16,0
DA:17,0
DA:19,0
DA:20,0
DA:25,0
DA:26,0
DA:27,0
DA:28,0
DA:29,0
DA:31,0
DA:32,0
DA:37,0
DA:38,0
DA:39,0
DA:40,0
DA:41,0
DA:43,0
DA:44,0
LF:27
LH:0
BRDA:10,0,0,0
BRDA:10,0,1,0
BRDA:10,1,0,0
BRDA:10,1,1,0
BRF:4
BRH:0
end_of_record
TN:
SF:src/symbol/symbol.module.ts
FNF:0
FNH:0
DA:1,0
DA:2,0
DA:3,0
DA:4,0
DA:5,0
DA:6,0
DA:7,0
DA:8,0
DA:9,0
DA:22,0
LF:10
LH:0
BRF:0
BRH:0
end_of_record
TN:
SF:src/symbol/symbol.service.ts
FN:13,(anonymous_4)
FN:24,(anonymous_5)
FN:191,(anonymous_6)
FN:337,(anonymous_7)
FN:380,(anonymous_8)
FN:395,(anonymous_9)
FN:405,(anonymous_10)
FN:425,(anonymous_11)
FN:447,(anonymous_12)
FN:461,(anonymous_13)
FN:462,(anonymous_14)
FN:473,(anonymous_15)
FN:478,(anonymous_16)
FN:484,(anonymous_17)
FN:485,(anonymous_18)
FN:497,(anonymous_19)
FN:531,(anonymous_20)
FN:540,(anonymous_21)
FN:543,(anonymous_22)
FNF:19
FNH:0
FNDA:0,(anonymous_4)
FNDA:0,(anonymous_5)
FNDA:0,(anonymous_6)
FNDA:0,(anonymous_7)
FNDA:0,(anonymous_8)
FNDA:0,(anonymous_9)
FNDA:0,(anonymous_10)
FNDA:0,(anonymous_11)
FNDA:0,(anonymous_12)
FNDA:0,(anonymous_13)
FNDA:0,(anonymous_14)
FNDA:0,(anonymous_15)
FNDA:0,(anonymous_16)
FNDA:0,(anonymous_17)
FNDA:0,(anonymous_18)
FNDA:0,(anonymous_19)
FNDA:0,(anonymous_20)
FNDA:0,(anonymous_21)
FNDA:0,(anonymous_22)
DA:1,1
DA:2,1
DA:3,1
DA:4,1
DA:5,1
DA:6,1
DA:7,1
DA:10,1
DA:11,0
DA:15,0
DA:17,0
DA:18,0
DA:25,0
DA:26,0
DA:27,0
DA:29,0
DA:31,0
DA:32,0
DA:35,0
DA:36,0
DA:37,0
DA:38,0
DA:39,0
DA:41,0
DA:44,0
DA:45,0
DA:48,0
DA:49,0
DA:50,0
DA:52,0
DA:53,0
DA:54,0
DA:55,0
DA:56,0
DA:57,0
DA:58,0
DA:59,0
DA:60,0
DA:61,0
DA:64,0
DA:67,0
DA:68,0
DA:69,0
DA:71,0
DA:73,0
DA:74,0
DA:76,0
DA:77,0
DA:80,0
DA:84,0
DA:85,0
DA:89,0
DA:90,0
DA:91,0
DA:92,0
DA:94,0
DA:95,0
DA:96,0
DA:97,0
DA:98,0
DA:99,0
DA:102,0
DA:106,0
DA:108,0
DA:109,0
DA:110,0
DA:111,0
DA:112,0
DA:113,0
DA:114,0
DA:115,0
DA:118,0
DA:119,0
DA:120,0
DA:121,0
DA:122,0
DA:123,0
DA:124,0
DA:125,0
DA:126,0
DA:127,0
DA:132,0
DA:133,0
DA:136,0
DA:137,0
DA:140,0
DA:141,0
DA:142,0
DA:144,0
DA:145,0
DA:149,0
DA:151,0
DA:158,0
DA:159,0
DA:165,0
DA:166,0
DA:168,0
DA:169,0
DA:170,0
DA:171,0
DA:175,0
DA:178,0
DA:179,0
DA:180,0
DA:181,0
DA:183,0
DA:184,0
DA:192,0
DA:193,0
DA:194,0
DA:197,0
DA:200,0
DA:202,0
DA:203,0
DA:204,0
DA:207,0
DA:208,0
DA:210,0
DA:212,0
DA:213,0
DA:214,0
DA:217,0
DA:218,0
DA:221,0
DA:222,0
DA:223,0
DA:224,0
DA:225,0
DA:226,0
DA:229,0
DA:230,0
DA:231,0
DA:232,0
DA:235,0
DA:236,0
DA:238,0
DA:239,0
DA:243,0
DA:244,0
DA:246,0
DA:248,0
DA:251,0
DA:258,0
DA:259,0
DA:265,0
DA:266,0
DA:267,0
DA:268,0
DA:272,0
DA:273,0
DA:274,0
DA:275,0
DA:276,0
DA:277,0
DA:278,0
DA:279,0
DA:285,0
DA:286,0
DA:293,0
DA:294,0
DA:295,0
DA:296,0
DA:297,0
DA:298,0
DA:304,0
DA:305,0
DA:306,0
DA:307,0
DA:310,0
DA:314,0
DA:315,0
DA:317,0
DA:318,0
DA:319,0
DA:325,0
DA:326,0
DA:327,0
DA:328,0
DA:329,0
DA:331,0
DA:338,0
DA:339,0
DA:340,0
DA:341,0
DA:343,0
DA:345,0
DA:346,0
DA:349,0
DA:350,0
DA:352,0
DA:353,0
DA:354,0
DA:356,0
DA:357,0
DA:358,0
DA:359,0
DA:360,0
DA:361,0
DA:363,0
DA:364,0
DA:365,0
DA:366,0
DA:367,0
DA:368,0
DA:369,0
DA:370,0
DA:372,0
DA:373,0
DA:381,0
DA:383,0
DA:388,0
DA:389,0
DA:394,0
DA:395,0
DA:397,0
DA:399,0
DA:409,0
DA:411,0
DA:414,0
DA:420,0
DA:421,0
DA:423,0
DA:424,0
DA:425,0
DA:427,0
DA:432,0
DA:433,0
DA:434,0
DA:435,0
DA:436,0
DA:441,0
DA:448,0
DA:450,0
DA:458,0
DA:460,0
DA:461,0
DA:462,0
DA:465,0
DA:467,0
DA:474,0
DA:477,0
DA:478,0
DA:481,0
DA:484,0
DA:485,0
DA:488,0
DA:498,0
DA:501,0
DA:505,0
DA:506,0
DA:507,0
DA:511,0
DA:519,0
DA:520,0
DA:521,0
DA:524,0
DA:525,0
DA:532,0
DA:534,0
DA:535,0
DA:536,0
DA:539,0
DA:540,0
DA:543,0
DA:545,0
DA:546,0
DA:547,0
DA:548,0
DA:552,0
DA:553,0
DA:555,0
LF:271
LH:8
BRDA:36,0,0,0
BRDA:36,0,1,0
BRDA:52,1,0,0
BRDA:52,1,1,0
BRDA:76,2,0,0
BRDA:76,2,1,0
BRDA:76,3,0,0
BRDA:76,3,1,0
BRDA:84,4,0,0
BRDA:84,4,1,0
BRDA:91,5,0,0
BRDA:91,5,1,0
BRDA:94,6,0,0
BRDA:94,6,1,0
BRDA:98,7,0,0
BRDA:98,7,1,0
BRDA:122,8,0,0
BRDA:122,8,1,0
BRDA:122,9,0,0
BRDA:122,9,1,0
BRDA:126,10,0,0
BRDA:126,10,1,0
BRDA:132,11,0,0
BRDA:132,11,1,0
BRDA:149,12,0,0
BRDA:149,12,1,0
BRDA:158,13,0,0
BRDA:158,13,1,0
BRDA:180,14,0,0
BRDA:180,14,1,0
BRDA:202,15,0,0
BRDA:202,15,1,0
BRDA:238,16,0,0
BRDA:238,16,1,0
BRDA:238,17,0,0
BRDA:238,17,1,0
BRDA:246,18,0,0
BRDA:246,18,1,0
BRDA:248,19,0,0
BRDA:248,19,1,0
BRDA:258,20,0,0
BRDA:258,20,1,0
BRDA:267,21,0,0
BRDA:267,21,1,0
BRDA:276,22,0,0
BRDA:276,22,1,0
BRDA:278,23,0,0
BRDA:278,23,1,0
BRDA:293,24,0,0
BRDA:293,24,1,0
BRDA:293,25,0,0
BRDA:293,25,1,0
BRDA:297,26,0,0
BRDA:297,26,1,0
BRDA:304,27,0,0
BRDA:304,27,1,0
BRDA:304,28,0,0
BRDA:304,28,1,0
BRDA:306,29,0,0
BRDA:306,29,1,0
BRDA:318,30,0,0
BRDA:318,30,1,0
BRDA:368,31,0,0
BRDA:368,31,1,0
BRDA:388,32,0,0
BRDA:388,32,1,0
BRDA:388,33,0,0
BRDA:388,33,1,0
BRDA:397,34,0,0
BRDA:397,34,1,0
BRDA:411,35,0,0
BRDA:411,35,1,0
BRDA:425,36,0,0
BRDA:425,36,1,0
BRDA:433,37,0,0
BRDA:433,37,1,0
BRDA:474,38,0,0
BRDA:474,38,1,0
BRDA:481,39,0,0
BRDA:481,39,1,0
BRDA:505,40,0,0
BRDA:505,40,1,0
BRDA:519,41,0,0
BRDA:519,41,1,0
BRDA:534,42,0,0
BRDA:534,42,1,0
BRDA:15,43,0,1
BRDA:15,43,1,0
BRDA:15,44,0,1
BRDA:15,44,1,1
BRDA:15,45,0,1
BRDA:15,45,1,0
BRDA:15,46,0,1
BRDA:15,46,1,1
BRDA:17,47,0,1
BRDA:17,47,1,0
BRDA:17,48,0,1
BRDA:17,48,1,1
BRF:98
BRH:9
end_of_record
TN:
SF:src/telegram/telegram.module.ts
FN:16,(anonymous_1)
FNF:1
FNH:0
FNDA:0,(anonymous_1)
DA:1,0
DA:2,0
DA:3,0
DA:4,0
DA:5,0
DA:6,0
DA:7,0
DA:8,0
DA:9,0
DA:17,0
DA:18,0
DA:19,0
DA:21,0
DA:26,0
DA:27,0
DA:29,0
DA:49,0
LF:17
LH:0
BRDA:18,0,0,0
BRDA:18,0,1,0
BRDA:18,1,0,0
BRDA:18,1,1,0
BRDA:31,2,0,0
BRDA:31,2,1,0
BRF:6
BRH:0
end_of_record
TN:
SF:src/telegram/telegram.service.ts
FN:10,(anonymous_4)
FN:15,(anonymous_5)
FN:30,(anonymous_6)
FN:37,(anonymous_7)
FNF:4
FNH:0
FNDA:0,(anonymous_4)
FNDA:0,(anonymous_5)
FNDA:0,(anonymous_6)
FNDA:0,(anonymous_7)
DA:1,0
DA:2,0
DA:3,0
DA:4,0
DA:7,0
DA:8,0
DA:11,0
DA:12,0
DA:16,0
DA:19,0
DA:21,0
DA:23,0
DA:25,0
DA:26,0
DA:31,0
DA:34,0
DA:38,0
DA:39,0
LF:18
LH:0
BRDA:11,0,0,0
BRDA:11,0,1,0
BRDA:11,1,0,0
BRDA:11,1,1,0
BRDA:11,2,0,0
BRDA:11,2,1,0
BRDA:11,3,0,0
BRDA:11,3,1,0
BRF:8
BRH:0
end_of_record
TN:
SF:src/telegram/telegram.update.ts
FN:13,(anonymous_4)
FN:20,(anonymous_5)
FN:44,(anonymous_6)
FN:56,(anonymous_7)
FN:78,(anonymous_8)
FN:93,(anonymous_9)
FN:106,(anonymous_10)
FN:106,(anonymous_11)
FN:116,(anonymous_12)
FN:134,(anonymous_13)
FN:135,(anonymous_14)
FN:141,(anonymous_15)
FNF:12
FNH:0
FNDA:0,(anonymous_4)
FNDA:0,(anonymous_5)
FNDA:0,(anonymous_6)
FNDA:0,(anonymous_7)
FNDA:0,(anonymous_8)
FNDA:0,(anonymous_9)
FNDA:0,(anonymous_10)
FNDA:0,(anonymous_11)
FNDA:0,(anonymous_12)
FNDA:0,(anonymous_13)
FNDA:0,(anonymous_14)
FNDA:0,(anonymous_15)
DA:1,0
DA:2,0
DA:3,0
DA:4,0
DA:5,0
DA:6,0
DA:7,0
DA:10,0
DA:11,0
DA:14,0
DA:15,0
DA:16,0
DA:20,0
DA:21,0
DA:22,0
DA:24,0
DA:25,0
DA:26,0
DA:37,0
DA:44,0
DA:45,0
DA:56,0
DA:57,0
DA:58,0
DA:59,0
DA:61,0
DA:62,0
DA:63,0
DA:66,0
DA:67,0
DA:72,0
DA:73,0
DA:74,0
DA:77,0
DA:78,0
DA:81,0
DA:87,0
DA:88,0
DA:93,0
DA:94,0
DA:95,0
DA:96,0
DA:97,0
DA:100,0
DA:101,0
DA:102,0
DA:103,0
DA:106,0
DA:107,0
DA:108,0
DA:109,0
DA:112,0
DA:116,0
DA:117,0
DA:118,0
DA:119,0
DA:120,0
DA:123,0
DA:124,0
DA:125,0
DA:126,0
DA:129,0
DA:130,0
DA:134,0
DA:135,0
DA:141,0
DA:142,0
DA:143,0
DA:145,0
DA:146,0
DA:150,0
LF:71
LH:0
BRDA:22,0,0,0
BRDA:22,0,1,0
BRDA:25,1,0,0
BRDA:25,1,1,0
BRDA:58,2,0,0
BRDA:58,2,1,0
BRDA:61,3,0,0
BRDA:61,3,1,0
BRDA:72,4,0,0
BRDA:72,4,1,0
BRDA:95,5,0,0
BRDA:95,5,1,0
BRDA:101,6,0,0
BRDA:101,6,1,0
BRDA:106,7,0,0
BRDA:106,7,1,0
BRDA:107,8,0,0
BRDA:107,8,1,0
BRDA:118,9,0,0
BRDA:118,9,1,0
BRDA:124,10,0,0
BRDA:124,10,1,0
BRDA:134,11,0,0
BRDA:134,11,1,0
BRDA:134,12,0,0
BRDA:134,12,1,0
BRDA:135,13,0,0
BRDA:135,13,1,0
BRDA:135,14,0,0
BRDA:135,14,1,0
BRDA:145,15,0,0
BRDA:145,15,1,0
BRDA:20,16,0,0
BRDA:20,16,1,0
BRDA:20,17,0,0
BRDA:20,17,1,0
BRDA:44,18,0,0
BRDA:44,18,1,0
BRDA:44,19,0,0
BRDA:44,19,1,0
BRDA:56,20,0,0
BRDA:56,20,1,0
BRDA:56,21,0,0
BRDA:56,21,1,0
BRDA:93,22,0,0
BRDA:93,22,1,0
BRDA:93,23,0,0
BRDA:93,23,1,0
BRDA:116,24,0,0
BRDA:116,24,1,0
BRDA:116,25,0,0
BRDA:116,25,1,0
BRDA:141,26,0,0
BRDA:141,26,1,0
BRDA:141,27,0,0
BRDA:141,27,1,0
BRDA:14,28,0,0
BRDA:14,28,1,0
BRDA:14,29,0,0
BRDA:14,29,1,0
BRDA:14,30,0,0
BRDA:14,30,1,0
BRDA:14,31,0,0
BRDA:14,31,1,0
BRDA:15,32,0,0
BRDA:15,32,1,0
BRDA:15,33,0,0
BRDA:15,33,1,0
BRF:68
BRH:0
end_of_record
TN:
SF:src/user/user.module.ts
FNF:0
FNH:0
DA:1,0
DA:2,0
DA:3,0
DA:4,0
DA:5,0
DA:6,0
DA:7,0
DA:14,0
LF:8
LH:0
BRF:0
BRH:0
end_of_record
TN:
SF:src/user/user.repository.ts
FN:10,(anonymous_4)
FN:19,(anonymous_5)
FN:27,(anonymous_6)
FN:35,(anonymous_7)
FN:43,(anonymous_8)
FN:53,(anonymous_9)
FN:58,(anonymous_10)
FN:65,(anonymous_11)
FN:70,(anonymous_12)
FN:72,(anonymous_13)
FN:78,(anonymous_14)
FN:97,(anonymous_15)
FN:103,(anonymous_16)
FN:108,(anonymous_17)
FNF:14
FNH:0
FNDA:0,(anonymous_4)
FNDA:0,(anonymous_5)
FNDA:0,(anonymous_6)
FNDA:0,(anonymous_7)
FNDA:0,(anonymous_8)
FNDA:0,(anonymous_9)
FNDA:0,(anonymous_10)
FNDA:0,(anonymous_11)
FNDA:0,(anonymous_12)
FNDA:0,(anonymous_13)
FNDA:0,(anonymous_14)
FNDA:0,(anonymous_15)
FNDA:0,(anonymous_16)
FNDA:0,(anonymous_17)
DA:1,6
DA:2,6
DA:3,6
DA:4,6
DA:5,6
DA:6,6
DA:9,6
DA:12,0
DA:14,0
DA:16,0
DA:20,0
DA:23,0
DA:24,0
DA:28,0
DA:31,0
DA:32,0
DA:36,0
DA:39,0
DA:40,0
DA:44,0
DA:48,0
DA:49,0
DA:50,0
DA:54,0
DA:55,0
DA:59,0
DA:60,0
DA:61,0
DA:62,0
DA:66,0
DA:71,0
DA:72,0
DA:83,0
DA:97,0
DA:100,0
DA:104,0
DA:108,0
DA:109,0
LF:38
LH:7
BRDA:23,0,0,0
BRDA:23,0,1,0
BRDA:31,1,0,0
BRDA:31,1,1,0
BRDA:39,2,0,0
BRDA:39,2,1,0
BRDA:61,3,0,0
BRDA:61,3,1,0
BRDA:12,4,0,6
BRDA:12,4,1,0
BRDA:12,5,0,6
BRDA:12,5,1,6
BRDA:12,6,0,6
BRDA:12,6,1,0
BRDA:12,7,0,6
BRDA:12,7,1,6
BRDA:14,8,0,6
BRDA:14,8,1,0
BRDA:14,9,0,6
BRDA:14,9,1,6
BRF:20
BRH:9
end_of_record
TN:
SF:src/user/user.service.ts
FN:8,(anonymous_2)
FN:10,(anonymous_3)
FN:14,(anonymous_4)
FN:18,(anonymous_5)
FN:22,(anonymous_6)
FN:36,(anonymous_7)
FN:40,(anonymous_8)
FN:45,(anonymous_9)
FN:48,(anonymous_10)
FN:52,(anonymous_11)
FN:55,(anonymous_12)
FN:59,(anonymous_13)
FN:70,(anonymous_14)
FNF:13
FNH:5
FNDA:19,(anonymous_2)
FNDA:5,(anonymous_3)
FNDA:3,(anonymous_4)
FNDA:0,(anonymous_5)
FNDA:8,(anonymous_6)
FNDA:2,(anonymous_7)
FNDA:0,(anonymous_8)
FNDA:0,(anonymous_9)
FNDA:0,(anonymous_10)
FNDA:0,(anonymous_11)
FNDA:0,(anonymous_12)
FNDA:0,(anonymous_13)
FNDA:0,(anonymous_14)
DA:1,6
DA:2,6
DA:4,6
DA:7,6
DA:8,19
DA:11,5
DA:15,3
DA:19,0
DA:23,8
DA:24,8
DA:25,4
DA:27,4
DA:37,2
DA:41,0
DA:42,0
DA:46,0
DA:47,0
DA:48,0
DA:49,0
DA:53,0
DA:54,0
DA:55,0
DA:56,0
DA:60,0
DA:61,0
DA:62,0
DA:63,0
DA:64,0
DA:65,0
DA:67,0
DA:71,0
DA:72,0
DA:73,0
LF:33
LH:12
BRDA:24,0,0,4
BRDA:24,0,1,4
BRDA:47,1,0,0
BRDA:47,1,1,0
BRDA:48,2,0,0
BRDA:48,2,1,0
BRDA:54,3,0,0
BRDA:54,3,1,0
BRDA:55,4,0,0
BRDA:55,4,1,0
BRDA:61,5,0,0
BRDA:61,5,1,0
BRDA:64,6,0,0
BRDA:64,6,1,0
BRDA:71,7,0,0
BRDA:71,7,1,0
BRDA:72,8,0,0
BRDA:72,8,1,0
BRDA:8,9,0,6
BRDA:8,9,1,0
BRDA:8,10,0,6
BRDA:8,10,1,6
BRF:22
BRH:5
end_of_record
TN:
SF:src/webhook/webhook.controller.ts
FN:16,(anonymous_13)
FN:22,(anonymous_14)
FN:28,(anonymous_15)
FN:35,(anonymous_16)
FNF:4
FNH:0
FNDA:0,(anonymous_13)
FNDA:0,(anonymous_14)
FNDA:0,(anonymous_15)
FNDA:0,(anonymous_16)
DA:1,0
DA:10,0
DA:11,0
DA:12,0
DA:15,0
DA:17,0
DA:18,0
DA:22,0
DA:23,0
DA:28,0
DA:30,0
DA:35,0
DA:39,0
DA:40,0
DA:44,0
DA:49,0
DA:50,0
DA:53,0
DA:54,0
DA:55,0
DA:58,0
LF:21
LH:0
BRDA:39,0,0,0
BRDA:39,0,1,0
BRDA:49,1,0,0
BRDA:49,1,1,0
BRDA:54,2,0,0
BRDA:54,2,1,0
BRDA:17,3,0,0
BRDA:17,3,1,0
BRDA:17,4,0,0
BRDA:17,4,1,0
BRDA:17,5,0,0
BRDA:17,5,1,0
BRDA:17,6,0,0
BRDA:17,6,1,0
BRF:14
BRH:0
end_of_record
TN:
SF:src/webhook/webhook.module.ts
FNF:0
FNH:0
DA:1,0
DA:2,0
DA:3,0
DA:4,0
DA:5,0
DA:12,0
LF:6
LH:0
BRF:0
BRH:0
end_of_record
TN:
SF:src/webhook/webhook.service.ts
FN:10,(anonymous_2)
FN:15,(anonymous_3)
FN:46,(anonymous_4)
FN:75,(anonymous_5)
FNF:4
FNH:4
FNDA:8,(anonymous_2)
FNDA:7,(anonymous_3)
FNDA:2,(anonymous_4)
FNDA:2,(anonymous_5)
DA:1,1
DA:2,1
DA:3,1
DA:4,1
DA:7,1
DA:8,8
DA:11,8
DA:12,8
DA:16,7
DA:18,7
DA:19,7
DA:20,1
DA:21,1
DA:24,6
DA:25,6
DA:26,1
DA:27,1
DA:30,5
DA:34,2
DA:35,2
DA:39,2
DA:40,2
DA:42,1
DA:47,2
DA:48,2
DA:50,2
DA:53,2
DA:54,2
DA:55,2
DA:56,2
DA:58,2
DA:59,1
DA:60,1
DA:61,1
DA:64,2
DA:72,2
DA:76,2
DA:82,2
LF:38
LH:38
BRDA:19,0,0,1
BRDA:19,0,1,6
BRDA:25,1,0,1
BRDA:25,1,1,5
BRDA:30,2,0,1
BRDA:30,2,1,2
BRDA:30,2,2,2
BRDA:30,2,3,1
BRDA:30,2,4,2
BRDA:30,2,5,2
BRDA:30,2,6,1
BRDA:58,3,0,1
BRDA:58,3,1,1
BRDA:58,4,0,2
BRDA:58,4,1,1
BRDA:60,5,0,1
BRDA:60,5,1,0
BRDA:60,6,0,1
BRDA:60,6,1,1
BRDA:67,7,0,1
BRDA:67,7,1,1
BRDA:11,8,0,1
BRDA:11,8,1,0
BRDA:11,9,0,1
BRDA:11,9,1,1
BRDA:11,10,0,1
BRDA:11,10,1,0
BRDA:11,11,0,1
BRDA:11,11,1,1
BRF:29
BRH:26
end_of_record
